2019-02-13 15:33:24,745 [INFO]: =====Initialize Gaussian Mixtures=======
2019-02-13 15:33:30,190 [INFO]: Averaged loglikelihood: -26.806636, n_iter: 9
2019-02-13 15:33:30,246 [INFO]: acc: 0.73345, nmi: 0.59439
2019-02-13 15:33:30,280 [INFO]: =====Finetuning=======
2019-02-13 15:33:32,087 [INFO]: #Epoch   1: Loss: 71.482, Recon Loss: 64.193, Cluster Loss: 9.120, Entropy Loss: -1.830
2019-02-13 15:33:33,891 [INFO]: #Epoch   2: Loss: 71.123, Recon Loss: 64.167, Cluster Loss: 9.232, Entropy Loss: -2.276
2019-02-13 15:33:35,751 [INFO]: #Epoch   3: Loss: 70.858, Recon Loss: 64.200, Cluster Loss: 9.329, Entropy Loss: -2.672
2019-02-13 15:33:37,601 [INFO]: #Epoch   4: Loss: 70.687, Recon Loss: 64.229, Cluster Loss: 9.409, Entropy Loss: -2.951
2019-02-13 15:33:39,401 [INFO]: #Epoch   5: Loss: 70.590, Recon Loss: 64.306, Cluster Loss: 9.486, Entropy Loss: -3.201
2019-02-13 15:33:41,204 [INFO]: #Epoch   6: Loss: 70.496, Recon Loss: 64.318, Cluster Loss: 9.532, Entropy Loss: -3.354
2019-02-13 15:33:42,991 [INFO]: #Epoch   7: Loss: 70.359, Recon Loss: 64.260, Cluster Loss: 9.603, Entropy Loss: -3.504
2019-02-13 15:33:44,785 [INFO]: #Epoch   8: Loss: 70.289, Recon Loss: 64.301, Cluster Loss: 9.645, Entropy Loss: -3.657
2019-02-13 15:33:46,583 [INFO]: #Epoch   9: Loss: 70.216, Recon Loss: 64.271, Cluster Loss: 9.685, Entropy Loss: -3.739
2019-02-13 15:33:48,466 [INFO]: #Epoch  10: Loss: 70.238, Recon Loss: 64.375, Cluster Loss: 9.681, Entropy Loss: -3.817
2019-02-13 15:33:48,543 [INFO]: acc: 0.80650, nmi: 0.69615
2019-02-13 15:33:50,339 [INFO]: #Epoch  11: Loss: 69.946, Recon Loss: 64.151, Cluster Loss: 9.729, Entropy Loss: -3.934
2019-02-13 15:33:52,150 [INFO]: #Epoch  12: Loss: 69.881, Recon Loss: 64.091, Cluster Loss: 9.781, Entropy Loss: -3.991
2019-02-13 15:33:53,939 [INFO]: #Epoch  13: Loss: 69.888, Recon Loss: 64.172, Cluster Loss: 9.785, Entropy Loss: -4.070
2019-02-13 15:33:55,748 [INFO]: #Epoch  14: Loss: 69.843, Recon Loss: 64.167, Cluster Loss: 9.790, Entropy Loss: -4.114
2019-02-13 15:33:57,561 [INFO]: #Epoch  15: Loss: 69.760, Recon Loss: 64.129, Cluster Loss: 9.810, Entropy Loss: -4.180
2019-02-13 15:33:59,379 [INFO]: #Epoch  16: Loss: 69.777, Recon Loss: 64.166, Cluster Loss: 9.853, Entropy Loss: -4.241
2019-02-13 15:34:01,172 [INFO]: #Epoch  17: Loss: 69.688, Recon Loss: 64.099, Cluster Loss: 9.857, Entropy Loss: -4.268
2019-02-13 15:34:02,967 [INFO]: #Epoch  18: Loss: 69.697, Recon Loss: 64.127, Cluster Loss: 9.874, Entropy Loss: -4.304
2019-02-13 15:34:04,817 [INFO]: #Epoch  19: Loss: 69.645, Recon Loss: 64.121, Cluster Loss: 9.868, Entropy Loss: -4.344
2019-02-13 15:34:06,644 [INFO]: #Epoch  20: Loss: 69.717, Recon Loss: 64.209, Cluster Loss: 9.878, Entropy Loss: -4.370
2019-02-13 15:34:06,717 [INFO]: acc: 0.82780, nmi: 0.73721
2019-02-13 15:34:08,526 [INFO]: #Epoch  21: Loss: 69.371, Recon Loss: 63.890, Cluster Loss: 9.896, Entropy Loss: -4.415
2019-02-13 15:34:10,357 [INFO]: #Epoch  22: Loss: 69.425, Recon Loss: 63.970, Cluster Loss: 9.912, Entropy Loss: -4.458
2019-02-13 15:34:12,223 [INFO]: #Epoch  23: Loss: 69.362, Recon Loss: 63.942, Cluster Loss: 9.922, Entropy Loss: -4.502
2019-02-13 15:34:13,995 [INFO]: #Epoch  24: Loss: 69.348, Recon Loss: 63.902, Cluster Loss: 9.952, Entropy Loss: -4.506
2019-02-13 15:34:15,778 [INFO]: #Epoch  25: Loss: 69.383, Recon Loss: 63.970, Cluster Loss: 9.938, Entropy Loss: -4.525
2019-02-13 15:34:17,592 [INFO]: #Epoch  26: Loss: 69.363, Recon Loss: 63.945, Cluster Loss: 9.948, Entropy Loss: -4.530
2019-02-13 15:34:19,402 [INFO]: #Epoch  27: Loss: 69.311, Recon Loss: 63.915, Cluster Loss: 9.952, Entropy Loss: -4.556
2019-02-13 15:34:21,183 [INFO]: #Epoch  28: Loss: 69.284, Recon Loss: 63.881, Cluster Loss: 9.953, Entropy Loss: -4.550
2019-02-13 15:34:22,976 [INFO]: #Epoch  29: Loss: 69.303, Recon Loss: 63.927, Cluster Loss: 9.969, Entropy Loss: -4.592
2019-02-13 15:34:24,879 [INFO]: #Epoch  30: Loss: 69.280, Recon Loss: 63.916, Cluster Loss: 9.971, Entropy Loss: -4.607
2019-02-13 15:34:24,952 [INFO]: acc: 0.83190, nmi: 0.74484
2019-02-13 15:34:26,813 [INFO]: #Epoch  31: Loss: 69.077, Recon Loss: 63.733, Cluster Loss: 9.975, Entropy Loss: -4.632
2019-02-13 15:34:28,605 [INFO]: #Epoch  32: Loss: 69.066, Recon Loss: 63.733, Cluster Loss: 9.981, Entropy Loss: -4.647
2019-02-13 15:34:30,377 [INFO]: #Epoch  33: Loss: 69.037, Recon Loss: 63.713, Cluster Loss: 9.977, Entropy Loss: -4.653
2019-02-13 15:34:32,213 [INFO]: #Epoch  34: Loss: 69.057, Recon Loss: 63.741, Cluster Loss: 9.996, Entropy Loss: -4.679
2019-02-13 15:34:34,028 [INFO]: #Epoch  35: Loss: 69.042, Recon Loss: 63.766, Cluster Loss: 10.005, Entropy Loss: -4.728
2019-02-13 15:34:35,824 [INFO]: #Epoch  36: Loss: 69.109, Recon Loss: 63.796, Cluster Loss: 9.986, Entropy Loss: -4.672
2019-02-13 15:34:37,616 [INFO]: #Epoch  37: Loss: 69.064, Recon Loss: 63.754, Cluster Loss: 10.009, Entropy Loss: -4.699
2019-02-13 15:34:39,498 [INFO]: #Epoch  38: Loss: 68.996, Recon Loss: 63.752, Cluster Loss: 10.012, Entropy Loss: -4.768
2019-02-13 15:34:41,304 [INFO]: #Epoch  39: Loss: 69.003, Recon Loss: 63.744, Cluster Loss: 9.997, Entropy Loss: -4.739
2019-02-13 15:34:43,144 [INFO]: #Epoch  40: Loss: 68.955, Recon Loss: 63.703, Cluster Loss: 10.008, Entropy Loss: -4.756
2019-02-13 15:34:43,219 [INFO]: acc: 0.83820, nmi: 0.75772
2019-02-13 15:34:45,031 [INFO]: #Epoch  41: Loss: 68.832, Recon Loss: 63.611, Cluster Loss: 9.997, Entropy Loss: -4.775
2019-02-13 15:34:46,840 [INFO]: #Epoch  42: Loss: 68.809, Recon Loss: 63.529, Cluster Loss: 10.018, Entropy Loss: -4.738
2019-02-13 15:34:48,635 [INFO]: #Epoch  43: Loss: 68.788, Recon Loss: 63.526, Cluster Loss: 10.002, Entropy Loss: -4.740
2019-02-13 15:34:50,460 [INFO]: #Epoch  44: Loss: 68.766, Recon Loss: 63.488, Cluster Loss: 10.021, Entropy Loss: -4.743
2019-02-13 15:34:52,233 [INFO]: #Epoch  45: Loss: 68.678, Recon Loss: 63.439, Cluster Loss: 10.037, Entropy Loss: -4.797
2019-02-13 15:34:54,041 [INFO]: #Epoch  46: Loss: 68.684, Recon Loss: 63.458, Cluster Loss: 10.015, Entropy Loss: -4.788
2019-02-13 15:34:55,843 [INFO]: #Epoch  47: Loss: 68.750, Recon Loss: 63.542, Cluster Loss: 10.024, Entropy Loss: -4.816
2019-02-13 15:34:57,641 [INFO]: #Epoch  48: Loss: 68.750, Recon Loss: 63.527, Cluster Loss: 10.021, Entropy Loss: -4.798
2019-02-13 15:34:59,477 [INFO]: #Epoch  49: Loss: 68.663, Recon Loss: 63.460, Cluster Loss: 10.008, Entropy Loss: -4.806
2019-02-13 15:35:01,311 [INFO]: #Epoch  50: Loss: 68.719, Recon Loss: 63.501, Cluster Loss: 10.030, Entropy Loss: -4.812
2019-02-13 15:35:01,384 [INFO]: acc: 0.83780, nmi: 0.75878
2019-02-13 15:35:03,178 [INFO]: #Epoch  51: Loss: 68.619, Recon Loss: 63.375, Cluster Loss: 10.043, Entropy Loss: -4.799
2019-02-13 15:35:04,974 [INFO]: #Epoch  52: Loss: 68.484, Recon Loss: 63.308, Cluster Loss: 10.027, Entropy Loss: -4.850
2019-02-13 15:35:06,766 [INFO]: #Epoch  53: Loss: 68.519, Recon Loss: 63.330, Cluster Loss: 10.030, Entropy Loss: -4.842
2019-02-13 15:35:08,555 [INFO]: #Epoch  54: Loss: 68.520, Recon Loss: 63.328, Cluster Loss: 10.031, Entropy Loss: -4.839
2019-02-13 15:35:10,400 [INFO]: #Epoch  55: Loss: 68.514, Recon Loss: 63.307, Cluster Loss: 10.045, Entropy Loss: -4.838
2019-02-13 15:35:12,215 [INFO]: #Epoch  56: Loss: 68.525, Recon Loss: 63.325, Cluster Loss: 10.047, Entropy Loss: -4.847
2019-02-13 15:35:14,012 [INFO]: #Epoch  57: Loss: 68.490, Recon Loss: 63.317, Cluster Loss: 10.025, Entropy Loss: -4.852
2019-02-13 15:35:15,782 [INFO]: #Epoch  58: Loss: 68.562, Recon Loss: 63.398, Cluster Loss: 10.020, Entropy Loss: -4.855
2019-02-13 15:35:17,561 [INFO]: #Epoch  59: Loss: 68.541, Recon Loss: 63.337, Cluster Loss: 10.026, Entropy Loss: -4.822
2019-02-13 15:35:19,359 [INFO]: #Epoch  60: Loss: 68.516, Recon Loss: 63.375, Cluster Loss: 10.025, Entropy Loss: -4.885
2019-02-13 15:35:19,432 [INFO]: acc: 0.84150, nmi: 0.76335
2019-02-13 15:35:21,236 [INFO]: #Epoch  61: Loss: 68.309, Recon Loss: 63.174, Cluster Loss: 10.042, Entropy Loss: -4.907
2019-02-13 15:35:23,032 [INFO]: #Epoch  62: Loss: 68.360, Recon Loss: 63.181, Cluster Loss: 10.035, Entropy Loss: -4.857
2019-02-13 15:35:24,838 [INFO]: #Epoch  63: Loss: 68.298, Recon Loss: 63.140, Cluster Loss: 10.035, Entropy Loss: -4.877
2019-02-13 15:35:26,707 [INFO]: #Epoch  64: Loss: 68.277, Recon Loss: 63.150, Cluster Loss: 10.038, Entropy Loss: -4.911
2019-02-13 15:35:28,504 [INFO]: #Epoch  65: Loss: 68.351, Recon Loss: 63.199, Cluster Loss: 10.020, Entropy Loss: -4.868
2019-02-13 15:35:30,366 [INFO]: #Epoch  66: Loss: 68.321, Recon Loss: 63.147, Cluster Loss: 10.039, Entropy Loss: -4.864
2019-02-13 15:35:32,190 [INFO]: #Epoch  67: Loss: 68.241, Recon Loss: 63.115, Cluster Loss: 10.040, Entropy Loss: -4.913
2019-02-13 15:35:34,055 [INFO]: #Epoch  68: Loss: 68.304, Recon Loss: 63.162, Cluster Loss: 10.028, Entropy Loss: -4.887
2019-02-13 15:35:35,862 [INFO]: #Epoch  69: Loss: 68.296, Recon Loss: 63.167, Cluster Loss: 10.035, Entropy Loss: -4.907
2019-02-13 15:35:37,714 [INFO]: #Epoch  70: Loss: 68.299, Recon Loss: 63.181, Cluster Loss: 10.045, Entropy Loss: -4.927
2019-02-13 15:35:37,788 [INFO]: acc: 0.83970, nmi: 0.76294
2019-02-13 15:35:39,572 [INFO]: #Epoch  71: Loss: 68.171, Recon Loss: 63.060, Cluster Loss: 10.041, Entropy Loss: -4.930
2019-02-13 15:35:41,560 [INFO]: #Epoch  72: Loss: 68.137, Recon Loss: 63.004, Cluster Loss: 10.046, Entropy Loss: -4.913
2019-02-13 15:35:43,436 [INFO]: #Epoch  73: Loss: 68.136, Recon Loss: 63.024, Cluster Loss: 10.040, Entropy Loss: -4.928
2019-02-13 15:35:45,273 [INFO]: #Epoch  74: Loss: 68.108, Recon Loss: 63.029, Cluster Loss: 10.045, Entropy Loss: -4.965
2019-02-13 15:35:47,109 [INFO]: #Epoch  75: Loss: 68.131, Recon Loss: 63.014, Cluster Loss: 10.044, Entropy Loss: -4.927
2019-02-13 15:35:48,966 [INFO]: #Epoch  76: Loss: 68.089, Recon Loss: 62.978, Cluster Loss: 10.037, Entropy Loss: -4.926
2019-02-13 15:35:50,849 [INFO]: #Epoch  77: Loss: 68.178, Recon Loss: 63.066, Cluster Loss: 10.040, Entropy Loss: -4.929
2019-02-13 15:35:52,639 [INFO]: #Epoch  78: Loss: 68.123, Recon Loss: 62.996, Cluster Loss: 10.021, Entropy Loss: -4.894
2019-02-13 15:35:54,443 [INFO]: #Epoch  79: Loss: 68.124, Recon Loss: 62.993, Cluster Loss: 10.026, Entropy Loss: -4.895
2019-02-13 15:35:56,239 [INFO]: #Epoch  80: Loss: 68.137, Recon Loss: 63.042, Cluster Loss: 10.038, Entropy Loss: -4.943
2019-02-13 15:35:56,312 [INFO]: acc: 0.84240, nmi: 0.76822
2019-02-13 15:35:58,160 [INFO]: #Epoch  81: Loss: 67.940, Recon Loss: 62.873, Cluster Loss: 10.045, Entropy Loss: -4.978
2019-02-13 15:35:59,967 [INFO]: #Epoch  82: Loss: 67.944, Recon Loss: 62.857, Cluster Loss: 10.038, Entropy Loss: -4.952
2019-02-13 15:36:01,748 [INFO]: #Epoch  83: Loss: 67.959, Recon Loss: 62.876, Cluster Loss: 10.049, Entropy Loss: -4.966
2019-02-13 15:36:03,524 [INFO]: #Epoch  84: Loss: 67.949, Recon Loss: 62.860, Cluster Loss: 10.040, Entropy Loss: -4.951
2019-02-13 15:36:05,311 [INFO]: #Epoch  85: Loss: 67.893, Recon Loss: 62.825, Cluster Loss: 10.039, Entropy Loss: -4.971
2019-02-13 15:36:07,102 [INFO]: #Epoch  86: Loss: 67.947, Recon Loss: 62.865, Cluster Loss: 10.051, Entropy Loss: -4.970
2019-02-13 15:36:08,909 [INFO]: #Epoch  87: Loss: 67.982, Recon Loss: 62.876, Cluster Loss: 10.045, Entropy Loss: -4.939
2019-02-13 15:36:10,723 [INFO]: #Epoch  88: Loss: 67.893, Recon Loss: 62.823, Cluster Loss: 10.045, Entropy Loss: -4.975
2019-02-13 15:36:12,526 [INFO]: #Epoch  89: Loss: 67.925, Recon Loss: 62.836, Cluster Loss: 10.032, Entropy Loss: -4.943
2019-02-13 15:36:14,302 [INFO]: #Epoch  90: Loss: 67.956, Recon Loss: 62.851, Cluster Loss: 10.046, Entropy Loss: -4.941
2019-02-13 15:36:14,376 [INFO]: acc: 0.84320, nmi: 0.77040
2019-02-13 15:36:16,197 [INFO]: #Epoch  91: Loss: 67.792, Recon Loss: 62.733, Cluster Loss: 10.041, Entropy Loss: -4.981
2019-02-13 15:36:18,058 [INFO]: #Epoch  92: Loss: 67.788, Recon Loss: 62.748, Cluster Loss: 10.047, Entropy Loss: -5.007
2019-02-13 15:36:19,921 [INFO]: #Epoch  93: Loss: 67.759, Recon Loss: 62.709, Cluster Loss: 10.039, Entropy Loss: -4.988
2019-02-13 15:36:21,740 [INFO]: #Epoch  94: Loss: 67.803, Recon Loss: 62.730, Cluster Loss: 10.041, Entropy Loss: -4.968
2019-02-13 15:36:23,551 [INFO]: #Epoch  95: Loss: 67.806, Recon Loss: 62.705, Cluster Loss: 10.045, Entropy Loss: -4.944
2019-02-13 15:36:25,364 [INFO]: #Epoch  96: Loss: 67.858, Recon Loss: 62.805, Cluster Loss: 10.037, Entropy Loss: -4.984
2019-02-13 15:36:27,174 [INFO]: #Epoch  97: Loss: 67.790, Recon Loss: 62.722, Cluster Loss: 10.040, Entropy Loss: -4.971
2019-02-13 15:36:28,984 [INFO]: #Epoch  98: Loss: 67.794, Recon Loss: 62.726, Cluster Loss: 10.045, Entropy Loss: -4.978
2019-02-13 15:36:30,793 [INFO]: #Epoch  99: Loss: 67.799, Recon Loss: 62.713, Cluster Loss: 10.038, Entropy Loss: -4.952
2019-02-13 15:36:32,579 [INFO]: #Epoch 100: Loss: 67.780, Recon Loss: 62.702, Cluster Loss: 10.047, Entropy Loss: -4.969
2019-02-13 15:36:32,652 [INFO]: acc: 0.84460, nmi: 0.77083
2019-02-13 15:36:34,418 [INFO]: #Epoch 101: Loss: 67.673, Recon Loss: 62.608, Cluster Loss: 10.048, Entropy Loss: -4.983
2019-02-13 15:36:36,216 [INFO]: #Epoch 102: Loss: 67.710, Recon Loss: 62.663, Cluster Loss: 10.035, Entropy Loss: -4.988
2019-02-13 15:36:37,978 [INFO]: #Epoch 103: Loss: 67.650, Recon Loss: 62.594, Cluster Loss: 10.050, Entropy Loss: -4.994
2019-02-13 15:36:39,819 [INFO]: #Epoch 104: Loss: 67.665, Recon Loss: 62.595, Cluster Loss: 10.042, Entropy Loss: -4.972
2019-02-13 15:36:41,622 [INFO]: #Epoch 105: Loss: 67.651, Recon Loss: 62.595, Cluster Loss: 10.059, Entropy Loss: -5.002
2019-02-13 15:36:43,416 [INFO]: #Epoch 106: Loss: 67.642, Recon Loss: 62.577, Cluster Loss: 10.030, Entropy Loss: -4.965
2019-02-13 15:36:45,220 [INFO]: #Epoch 107: Loss: 67.662, Recon Loss: 62.608, Cluster Loss: 10.047, Entropy Loss: -4.994
2019-02-13 15:36:46,992 [INFO]: #Epoch 108: Loss: 67.669, Recon Loss: 62.621, Cluster Loss: 10.045, Entropy Loss: -4.997
2019-02-13 15:36:48,833 [INFO]: #Epoch 109: Loss: 67.708, Recon Loss: 62.665, Cluster Loss: 10.036, Entropy Loss: -4.993
2019-02-13 15:36:50,614 [INFO]: #Epoch 110: Loss: 67.636, Recon Loss: 62.628, Cluster Loss: 10.033, Entropy Loss: -5.025
2019-02-13 15:36:50,686 [INFO]: acc: 0.84480, nmi: 0.77251
2019-02-13 15:36:52,504 [INFO]: #Epoch 111: Loss: 67.562, Recon Loss: 62.538, Cluster Loss: 10.053, Entropy Loss: -5.029
2019-02-13 15:36:54,295 [INFO]: #Epoch 112: Loss: 67.521, Recon Loss: 62.509, Cluster Loss: 10.032, Entropy Loss: -5.020
2019-02-13 15:36:56,113 [INFO]: #Epoch 113: Loss: 67.538, Recon Loss: 62.486, Cluster Loss: 10.048, Entropy Loss: -4.996
2019-02-13 15:36:57,928 [INFO]: #Epoch 114: Loss: 67.516, Recon Loss: 62.476, Cluster Loss: 10.034, Entropy Loss: -4.994
2019-02-13 15:36:59,771 [INFO]: #Epoch 115: Loss: 67.555, Recon Loss: 62.519, Cluster Loss: 10.040, Entropy Loss: -5.004
2019-02-13 15:37:01,568 [INFO]: #Epoch 116: Loss: 67.491, Recon Loss: 62.482, Cluster Loss: 10.044, Entropy Loss: -5.034
2019-02-13 15:37:03,380 [INFO]: #Epoch 117: Loss: 67.513, Recon Loss: 62.478, Cluster Loss: 10.034, Entropy Loss: -4.999
2019-02-13 15:37:05,274 [INFO]: #Epoch 118: Loss: 67.496, Recon Loss: 62.470, Cluster Loss: 10.037, Entropy Loss: -5.011
2019-02-13 15:37:07,081 [INFO]: #Epoch 119: Loss: 67.516, Recon Loss: 62.456, Cluster Loss: 10.035, Entropy Loss: -4.974
2019-02-13 15:37:09,004 [INFO]: #Epoch 120: Loss: 67.490, Recon Loss: 62.481, Cluster Loss: 10.035, Entropy Loss: -5.026
2019-02-13 15:37:09,081 [INFO]: acc: 0.84770, nmi: 0.77739
2019-02-13 15:37:10,936 [INFO]: #Epoch 121: Loss: 67.491, Recon Loss: 62.413, Cluster Loss: 10.042, Entropy Loss: -4.964
2019-02-13 15:37:12,743 [INFO]: #Epoch 122: Loss: 67.370, Recon Loss: 62.361, Cluster Loss: 10.039, Entropy Loss: -5.029
2019-02-13 15:37:14,527 [INFO]: #Epoch 123: Loss: 67.419, Recon Loss: 62.386, Cluster Loss: 10.055, Entropy Loss: -5.021
2019-02-13 15:37:16,364 [INFO]: #Epoch 124: Loss: 67.474, Recon Loss: 62.433, Cluster Loss: 10.028, Entropy Loss: -4.986
2019-02-13 15:37:18,168 [INFO]: #Epoch 125: Loss: 67.366, Recon Loss: 62.351, Cluster Loss: 10.044, Entropy Loss: -5.029
2019-02-13 15:37:19,985 [INFO]: #Epoch 126: Loss: 67.401, Recon Loss: 62.354, Cluster Loss: 10.047, Entropy Loss: -4.999
2019-02-13 15:37:21,846 [INFO]: #Epoch 127: Loss: 67.400, Recon Loss: 62.386, Cluster Loss: 10.054, Entropy Loss: -5.040
2019-02-13 15:37:23,680 [INFO]: #Epoch 128: Loss: 67.426, Recon Loss: 62.396, Cluster Loss: 10.050, Entropy Loss: -5.021
2019-02-13 15:37:25,509 [INFO]: #Epoch 129: Loss: 67.379, Recon Loss: 62.347, Cluster Loss: 10.056, Entropy Loss: -5.024
2019-02-13 15:37:27,305 [INFO]: #Epoch 130: Loss: 67.422, Recon Loss: 62.374, Cluster Loss: 10.047, Entropy Loss: -4.999
2019-02-13 15:37:27,378 [INFO]: acc: 0.84800, nmi: 0.77900
2019-02-13 15:37:29,177 [INFO]: #Epoch 131: Loss: 67.333, Recon Loss: 62.295, Cluster Loss: 10.044, Entropy Loss: -5.007
2019-02-13 15:37:30,995 [INFO]: #Epoch 132: Loss: 67.278, Recon Loss: 62.259, Cluster Loss: 10.037, Entropy Loss: -5.019
2019-02-13 15:37:32,786 [INFO]: #Epoch 133: Loss: 67.362, Recon Loss: 62.336, Cluster Loss: 10.036, Entropy Loss: -5.010
2019-02-13 15:37:34,597 [INFO]: #Epoch 134: Loss: 67.290, Recon Loss: 62.301, Cluster Loss: 10.044, Entropy Loss: -5.055
2019-02-13 15:37:36,399 [INFO]: #Epoch 135: Loss: 67.304, Recon Loss: 62.255, Cluster Loss: 10.047, Entropy Loss: -4.998
2019-02-13 15:37:38,173 [INFO]: #Epoch 136: Loss: 67.273, Recon Loss: 62.305, Cluster Loss: 10.020, Entropy Loss: -5.051
2019-02-13 15:37:39,985 [INFO]: #Epoch 137: Loss: 67.328, Recon Loss: 62.328, Cluster Loss: 10.037, Entropy Loss: -5.037
2019-02-13 15:37:41,775 [INFO]: #Epoch 138: Loss: 67.353, Recon Loss: 62.351, Cluster Loss: 10.043, Entropy Loss: -5.041
2019-02-13 15:37:43,631 [INFO]: #Epoch 139: Loss: 67.341, Recon Loss: 62.290, Cluster Loss: 10.045, Entropy Loss: -4.994
2019-02-13 15:37:45,468 [INFO]: #Epoch 140: Loss: 67.310, Recon Loss: 62.288, Cluster Loss: 10.052, Entropy Loss: -5.030
2019-02-13 15:37:45,542 [INFO]: acc: 0.84930, nmi: 0.77913
2019-02-13 15:37:47,354 [INFO]: #Epoch 141: Loss: 67.283, Recon Loss: 62.252, Cluster Loss: 10.040, Entropy Loss: -5.010
2019-02-13 15:37:49,149 [INFO]: #Epoch 142: Loss: 67.205, Recon Loss: 62.218, Cluster Loss: 10.038, Entropy Loss: -5.052
2019-02-13 15:37:50,991 [INFO]: #Epoch 143: Loss: 67.227, Recon Loss: 62.194, Cluster Loss: 10.057, Entropy Loss: -5.024
2019-02-13 15:37:52,800 [INFO]: #Epoch 144: Loss: 67.213, Recon Loss: 62.227, Cluster Loss: 10.040, Entropy Loss: -5.054
2019-02-13 15:37:54,575 [INFO]: #Epoch 145: Loss: 67.151, Recon Loss: 62.165, Cluster Loss: 10.028, Entropy Loss: -5.043
2019-02-13 15:37:56,366 [INFO]: #Epoch 146: Loss: 67.217, Recon Loss: 62.187, Cluster Loss: 10.047, Entropy Loss: -5.017
2019-02-13 15:37:58,210 [INFO]: #Epoch 147: Loss: 67.277, Recon Loss: 62.242, Cluster Loss: 10.043, Entropy Loss: -5.007
2019-02-13 15:37:59,991 [INFO]: #Epoch 148: Loss: 67.182, Recon Loss: 62.181, Cluster Loss: 10.043, Entropy Loss: -5.041
2019-02-13 15:38:01,779 [INFO]: #Epoch 149: Loss: 67.205, Recon Loss: 62.200, Cluster Loss: 10.043, Entropy Loss: -5.038
2019-02-13 15:38:03,581 [INFO]: #Epoch 150: Loss: 67.210, Recon Loss: 62.179, Cluster Loss: 10.037, Entropy Loss: -5.006
2019-02-13 15:38:03,653 [INFO]: acc: 0.84930, nmi: 0.77858
2019-02-13 15:38:05,452 [INFO]: #Epoch 151: Loss: 67.162, Recon Loss: 62.129, Cluster Loss: 10.048, Entropy Loss: -5.016
2019-02-13 15:38:07,368 [INFO]: #Epoch 152: Loss: 67.177, Recon Loss: 62.146, Cluster Loss: 10.041, Entropy Loss: -5.009
2019-02-13 15:38:09,174 [INFO]: #Epoch 153: Loss: 67.152, Recon Loss: 62.134, Cluster Loss: 10.051, Entropy Loss: -5.033
2019-02-13 15:38:10,976 [INFO]: #Epoch 154: Loss: 67.099, Recon Loss: 62.075, Cluster Loss: 10.038, Entropy Loss: -5.014
2019-02-13 15:38:12,741 [INFO]: #Epoch 155: Loss: 67.077, Recon Loss: 62.079, Cluster Loss: 10.044, Entropy Loss: -5.046
2019-02-13 15:38:14,555 [INFO]: #Epoch 156: Loss: 67.159, Recon Loss: 62.146, Cluster Loss: 10.033, Entropy Loss: -5.020
2019-02-13 15:38:16,375 [INFO]: #Epoch 157: Loss: 67.064, Recon Loss: 62.058, Cluster Loss: 10.035, Entropy Loss: -5.029
2019-02-13 15:38:18,182 [INFO]: #Epoch 158: Loss: 67.121, Recon Loss: 62.124, Cluster Loss: 10.047, Entropy Loss: -5.050
2019-02-13 15:38:19,974 [INFO]: #Epoch 159: Loss: 67.133, Recon Loss: 62.108, Cluster Loss: 10.037, Entropy Loss: -5.012
2019-02-13 15:38:21,798 [INFO]: #Epoch 160: Loss: 67.101, Recon Loss: 62.074, Cluster Loss: 10.042, Entropy Loss: -5.015
2019-02-13 15:38:21,870 [INFO]: acc: 0.84850, nmi: 0.78026
2019-02-13 15:38:23,643 [INFO]: #Epoch 161: Loss: 67.051, Recon Loss: 62.026, Cluster Loss: 10.036, Entropy Loss: -5.011
2019-02-13 15:38:25,433 [INFO]: #Epoch 162: Loss: 67.046, Recon Loss: 62.052, Cluster Loss: 10.046, Entropy Loss: -5.052
2019-02-13 15:38:27,264 [INFO]: #Epoch 163: Loss: 67.085, Recon Loss: 62.081, Cluster Loss: 10.033, Entropy Loss: -5.028
2019-02-13 15:38:29,078 [INFO]: #Epoch 164: Loss: 67.025, Recon Loss: 62.032, Cluster Loss: 10.039, Entropy Loss: -5.046
2019-02-13 15:38:30,965 [INFO]: #Epoch 165: Loss: 67.041, Recon Loss: 62.042, Cluster Loss: 10.039, Entropy Loss: -5.040
2019-02-13 15:38:32,761 [INFO]: #Epoch 166: Loss: 67.098, Recon Loss: 62.106, Cluster Loss: 10.023, Entropy Loss: -5.031
2019-02-13 15:38:34,548 [INFO]: #Epoch 167: Loss: 67.062, Recon Loss: 62.056, Cluster Loss: 10.045, Entropy Loss: -5.039
2019-02-13 15:38:36,326 [INFO]: #Epoch 168: Loss: 67.050, Recon Loss: 62.039, Cluster Loss: 10.043, Entropy Loss: -5.032
2019-02-13 15:38:38,126 [INFO]: #Epoch 169: Loss: 67.019, Recon Loss: 62.046, Cluster Loss: 10.044, Entropy Loss: -5.071
2019-02-13 15:38:39,903 [INFO]: #Epoch 170: Loss: 67.019, Recon Loss: 62.031, Cluster Loss: 10.037, Entropy Loss: -5.049
2019-02-13 15:38:39,976 [INFO]: acc: 0.85120, nmi: 0.78221
2019-02-13 15:38:41,850 [INFO]: #Epoch 171: Loss: 67.017, Recon Loss: 62.030, Cluster Loss: 10.033, Entropy Loss: -5.046
2019-02-13 15:38:43,671 [INFO]: #Epoch 172: Loss: 67.031, Recon Loss: 62.056, Cluster Loss: 10.026, Entropy Loss: -5.051
2019-02-13 15:38:45,517 [INFO]: #Epoch 173: Loss: 67.010, Recon Loss: 62.015, Cluster Loss: 10.043, Entropy Loss: -5.047
2019-02-13 15:38:47,321 [INFO]: #Epoch 174: Loss: 66.957, Recon Loss: 61.989, Cluster Loss: 10.033, Entropy Loss: -5.066
2019-02-13 15:38:49,146 [INFO]: #Epoch 175: Loss: 66.976, Recon Loss: 61.999, Cluster Loss: 10.037, Entropy Loss: -5.061
2019-02-13 15:38:50,953 [INFO]: #Epoch 176: Loss: 67.010, Recon Loss: 62.002, Cluster Loss: 10.034, Entropy Loss: -5.026
2019-02-13 15:38:52,762 [INFO]: #Epoch 177: Loss: 66.988, Recon Loss: 62.017, Cluster Loss: 10.025, Entropy Loss: -5.054
2019-02-13 15:38:54,552 [INFO]: #Epoch 178: Loss: 67.004, Recon Loss: 62.021, Cluster Loss: 10.028, Entropy Loss: -5.044
2019-02-13 15:38:56,364 [INFO]: #Epoch 179: Loss: 66.970, Recon Loss: 61.992, Cluster Loss: 10.038, Entropy Loss: -5.061
2019-02-13 15:38:58,186 [INFO]: #Epoch 180: Loss: 66.986, Recon Loss: 62.007, Cluster Loss: 10.034, Entropy Loss: -5.055
2019-02-13 15:38:58,265 [INFO]: acc: 0.85100, nmi: 0.78306
2019-02-13 15:39:00,078 [INFO]: #Epoch 181: Loss: 66.896, Recon Loss: 61.920, Cluster Loss: 10.026, Entropy Loss: -5.049
2019-02-13 15:39:01,983 [INFO]: #Epoch 182: Loss: 66.899, Recon Loss: 61.920, Cluster Loss: 10.068, Entropy Loss: -5.089
2019-02-13 15:39:03,789 [INFO]: #Epoch 183: Loss: 66.929, Recon Loss: 61.921, Cluster Loss: 10.040, Entropy Loss: -5.032
2019-02-13 15:39:05,583 [INFO]: #Epoch 184: Loss: 66.955, Recon Loss: 61.944, Cluster Loss: 10.036, Entropy Loss: -5.025
2019-02-13 15:39:07,400 [INFO]: #Epoch 185: Loss: 66.906, Recon Loss: 61.949, Cluster Loss: 10.035, Entropy Loss: -5.078
2019-02-13 15:39:09,218 [INFO]: #Epoch 186: Loss: 66.898, Recon Loss: 61.939, Cluster Loss: 10.032, Entropy Loss: -5.074
2019-02-13 15:39:11,053 [INFO]: #Epoch 187: Loss: 66.884, Recon Loss: 61.899, Cluster Loss: 10.036, Entropy Loss: -5.051
2019-02-13 15:39:12,842 [INFO]: #Epoch 188: Loss: 66.893, Recon Loss: 61.892, Cluster Loss: 10.023, Entropy Loss: -5.022
2019-02-13 15:39:14,668 [INFO]: #Epoch 189: Loss: 66.949, Recon Loss: 61.936, Cluster Loss: 10.035, Entropy Loss: -5.022
2019-02-13 15:39:16,480 [INFO]: #Epoch 190: Loss: 66.916, Recon Loss: 61.937, Cluster Loss: 10.030, Entropy Loss: -5.051
2019-02-13 15:39:16,554 [INFO]: acc: 0.85110, nmi: 0.78212
2019-02-13 15:39:18,418 [INFO]: #Epoch 191: Loss: 66.882, Recon Loss: 61.899, Cluster Loss: 10.037, Entropy Loss: -5.054
2019-02-13 15:39:20,249 [INFO]: #Epoch 192: Loss: 66.875, Recon Loss: 61.865, Cluster Loss: 10.035, Entropy Loss: -5.024
2019-02-13 15:39:22,027 [INFO]: #Epoch 193: Loss: 66.871, Recon Loss: 61.895, Cluster Loss: 10.043, Entropy Loss: -5.067
2019-02-13 15:39:23,824 [INFO]: #Epoch 194: Loss: 66.857, Recon Loss: 61.870, Cluster Loss: 10.024, Entropy Loss: -5.037
2019-02-13 15:39:25,669 [INFO]: #Epoch 195: Loss: 66.829, Recon Loss: 61.868, Cluster Loss: 10.034, Entropy Loss: -5.073
2019-02-13 15:39:27,501 [INFO]: #Epoch 196: Loss: 66.816, Recon Loss: 61.841, Cluster Loss: 10.027, Entropy Loss: -5.052
2019-02-13 15:39:29,333 [INFO]: #Epoch 197: Loss: 66.909, Recon Loss: 61.897, Cluster Loss: 10.034, Entropy Loss: -5.021
2019-02-13 15:39:31,134 [INFO]: #Epoch 198: Loss: 66.825, Recon Loss: 61.829, Cluster Loss: 10.053, Entropy Loss: -5.057
2019-02-13 15:39:32,940 [INFO]: #Epoch 199: Loss: 66.840, Recon Loss: 61.855, Cluster Loss: 10.028, Entropy Loss: -5.043
2019-02-13 15:39:34,748 [INFO]: #Epoch 200: Loss: 66.837, Recon Loss: 61.882, Cluster Loss: 10.022, Entropy Loss: -5.067
2019-02-13 15:39:34,824 [INFO]: acc: 0.85220, nmi: 0.78406
2019-02-13 15:39:36,638 [INFO]: #Epoch 201: Loss: 66.799, Recon Loss: 61.817, Cluster Loss: 10.036, Entropy Loss: -5.054
2019-02-13 15:39:38,443 [INFO]: #Epoch 202: Loss: 66.801, Recon Loss: 61.806, Cluster Loss: 10.040, Entropy Loss: -5.045
2019-02-13 15:39:40,242 [INFO]: #Epoch 203: Loss: 66.797, Recon Loss: 61.816, Cluster Loss: 10.024, Entropy Loss: -5.043
2019-02-13 15:39:42,022 [INFO]: #Epoch 204: Loss: 66.823, Recon Loss: 61.843, Cluster Loss: 10.028, Entropy Loss: -5.047
2019-02-13 15:39:43,828 [INFO]: #Epoch 205: Loss: 66.841, Recon Loss: 61.856, Cluster Loss: 10.033, Entropy Loss: -5.048
2019-02-13 15:39:45,615 [INFO]: #Epoch 206: Loss: 66.861, Recon Loss: 61.848, Cluster Loss: 10.036, Entropy Loss: -5.022
2019-02-13 15:39:47,434 [INFO]: #Epoch 207: Loss: 66.805, Recon Loss: 61.824, Cluster Loss: 10.029, Entropy Loss: -5.048
2019-02-13 15:39:49,248 [INFO]: #Epoch 208: Loss: 66.845, Recon Loss: 61.850, Cluster Loss: 10.034, Entropy Loss: -5.039
2019-02-13 15:39:51,130 [INFO]: #Epoch 209: Loss: 66.783, Recon Loss: 61.823, Cluster Loss: 10.030, Entropy Loss: -5.070
2019-02-13 15:39:53,040 [INFO]: #Epoch 210: Loss: 66.808, Recon Loss: 61.813, Cluster Loss: 10.043, Entropy Loss: -5.049
2019-02-13 15:39:53,114 [INFO]: acc: 0.85140, nmi: 0.78467
2019-02-13 15:39:54,909 [INFO]: #Epoch 211: Loss: 66.731, Recon Loss: 61.762, Cluster Loss: 10.050, Entropy Loss: -5.082
2019-02-13 15:39:56,670 [INFO]: #Epoch 212: Loss: 66.816, Recon Loss: 61.840, Cluster Loss: 10.029, Entropy Loss: -5.053
2019-02-13 15:39:58,435 [INFO]: #Epoch 213: Loss: 66.750, Recon Loss: 61.773, Cluster Loss: 10.044, Entropy Loss: -5.067
2019-02-13 15:40:00,302 [INFO]: #Epoch 214: Loss: 66.734, Recon Loss: 61.763, Cluster Loss: 10.031, Entropy Loss: -5.060
2019-02-13 15:40:02,104 [INFO]: #Epoch 215: Loss: 66.703, Recon Loss: 61.738, Cluster Loss: 10.038, Entropy Loss: -5.072
2019-02-13 15:40:03,898 [INFO]: #Epoch 216: Loss: 66.797, Recon Loss: 61.816, Cluster Loss: 10.027, Entropy Loss: -5.046
2019-02-13 15:40:05,790 [INFO]: #Epoch 217: Loss: 66.753, Recon Loss: 61.777, Cluster Loss: 10.037, Entropy Loss: -5.061
2019-02-13 15:40:07,608 [INFO]: #Epoch 218: Loss: 66.792, Recon Loss: 61.804, Cluster Loss: 10.022, Entropy Loss: -5.034
2019-02-13 15:40:09,393 [INFO]: #Epoch 219: Loss: 66.770, Recon Loss: 61.787, Cluster Loss: 10.023, Entropy Loss: -5.041
2019-02-13 15:40:11,206 [INFO]: #Epoch 220: Loss: 66.763, Recon Loss: 61.772, Cluster Loss: 10.027, Entropy Loss: -5.036
2019-02-13 15:40:11,280 [INFO]: acc: 0.85270, nmi: 0.78628
2019-02-13 15:40:13,073 [INFO]: #Epoch 221: Loss: 66.699, Recon Loss: 61.743, Cluster Loss: 10.031, Entropy Loss: -5.075
2019-02-13 15:40:14,861 [INFO]: #Epoch 222: Loss: 66.741, Recon Loss: 61.758, Cluster Loss: 10.032, Entropy Loss: -5.049
2019-02-13 15:40:16,647 [INFO]: #Epoch 223: Loss: 66.725, Recon Loss: 61.752, Cluster Loss: 10.035, Entropy Loss: -5.062
2019-02-13 15:40:18,425 [INFO]: #Epoch 224: Loss: 66.744, Recon Loss: 61.762, Cluster Loss: 10.039, Entropy Loss: -5.057
2019-02-13 15:40:20,249 [INFO]: #Epoch 225: Loss: 66.698, Recon Loss: 61.713, Cluster Loss: 10.045, Entropy Loss: -5.059
2019-02-13 15:40:22,020 [INFO]: #Epoch 226: Loss: 66.720, Recon Loss: 61.709, Cluster Loss: 10.023, Entropy Loss: -5.012
2019-02-13 15:40:23,888 [INFO]: #Epoch 227: Loss: 66.736, Recon Loss: 61.752, Cluster Loss: 10.027, Entropy Loss: -5.043
2019-02-13 15:40:25,762 [INFO]: #Epoch 228: Loss: 66.756, Recon Loss: 61.768, Cluster Loss: 10.035, Entropy Loss: -5.047
2019-02-13 15:40:27,544 [INFO]: #Epoch 229: Loss: 66.736, Recon Loss: 61.736, Cluster Loss: 10.035, Entropy Loss: -5.035
2019-02-13 15:40:29,394 [INFO]: #Epoch 230: Loss: 66.706, Recon Loss: 61.760, Cluster Loss: 10.032, Entropy Loss: -5.085
2019-02-13 15:40:29,466 [INFO]: acc: 0.85330, nmi: 0.78699
2019-02-13 15:40:31,268 [INFO]: #Epoch 231: Loss: 66.752, Recon Loss: 61.759, Cluster Loss: 10.027, Entropy Loss: -5.035
2019-02-13 15:40:33,079 [INFO]: #Epoch 232: Loss: 66.732, Recon Loss: 61.770, Cluster Loss: 10.019, Entropy Loss: -5.057
2019-02-13 15:40:34,933 [INFO]: #Epoch 233: Loss: 66.638, Recon Loss: 61.658, Cluster Loss: 10.046, Entropy Loss: -5.066
2019-02-13 15:40:36,750 [INFO]: #Epoch 234: Loss: 66.685, Recon Loss: 61.716, Cluster Loss: 10.043, Entropy Loss: -5.074
2019-02-13 15:40:38,561 [INFO]: #Epoch 235: Loss: 66.677, Recon Loss: 61.701, Cluster Loss: 10.032, Entropy Loss: -5.057
2019-02-13 15:40:40,365 [INFO]: #Epoch 236: Loss: 66.745, Recon Loss: 61.767, Cluster Loss: 10.021, Entropy Loss: -5.043
2019-02-13 15:40:42,197 [INFO]: #Epoch 237: Loss: 66.694, Recon Loss: 61.709, Cluster Loss: 10.031, Entropy Loss: -5.047
2019-02-13 15:40:43,997 [INFO]: #Epoch 238: Loss: 66.674, Recon Loss: 61.699, Cluster Loss: 10.030, Entropy Loss: -5.055
2019-02-13 15:40:45,813 [INFO]: #Epoch 239: Loss: 66.721, Recon Loss: 61.739, Cluster Loss: 10.039, Entropy Loss: -5.057
2019-02-13 15:40:47,656 [INFO]: #Epoch 240: Loss: 66.725, Recon Loss: 61.736, Cluster Loss: 10.033, Entropy Loss: -5.044
2019-02-13 15:40:47,729 [INFO]: acc: 0.85340, nmi: 0.78712
2019-02-13 15:40:49,514 [INFO]: #Epoch 241: Loss: 66.678, Recon Loss: 61.675, Cluster Loss: 10.044, Entropy Loss: -5.041
2019-02-13 15:40:51,316 [INFO]: #Epoch 242: Loss: 66.687, Recon Loss: 61.719, Cluster Loss: 10.037, Entropy Loss: -5.068
2019-02-13 15:40:53,098 [INFO]: #Epoch 243: Loss: 66.611, Recon Loss: 61.665, Cluster Loss: 10.027, Entropy Loss: -5.081
2019-02-13 15:40:54,895 [INFO]: #Epoch 244: Loss: 66.727, Recon Loss: 61.737, Cluster Loss: 10.027, Entropy Loss: -5.037
2019-02-13 15:40:56,659 [INFO]: #Epoch 245: Loss: 66.678, Recon Loss: 61.704, Cluster Loss: 10.019, Entropy Loss: -5.044
2019-02-13 15:40:58,443 [INFO]: #Epoch 246: Loss: 66.658, Recon Loss: 61.683, Cluster Loss: 10.029, Entropy Loss: -5.055
2019-02-13 15:41:00,263 [INFO]: #Epoch 247: Loss: 66.640, Recon Loss: 61.660, Cluster Loss: 10.023, Entropy Loss: -5.044
2019-02-13 15:41:02,062 [INFO]: #Epoch 248: Loss: 66.650, Recon Loss: 61.685, Cluster Loss: 10.022, Entropy Loss: -5.057
2019-02-13 15:41:03,880 [INFO]: #Epoch 249: Loss: 66.610, Recon Loss: 61.618, Cluster Loss: 10.049, Entropy Loss: -5.057
2019-02-13 15:41:05,746 [INFO]: #Epoch 250: Loss: 66.644, Recon Loss: 61.684, Cluster Loss: 10.032, Entropy Loss: -5.072
2019-02-13 15:41:05,828 [INFO]: acc: 0.85110, nmi: 0.78327
2019-02-13 15:41:07,629 [INFO]: #Epoch 251: Loss: 66.651, Recon Loss: 61.665, Cluster Loss: 10.037, Entropy Loss: -5.051
2019-02-13 15:41:09,458 [INFO]: #Epoch 252: Loss: 66.658, Recon Loss: 61.669, Cluster Loss: 10.036, Entropy Loss: -5.046
2019-02-13 15:41:11,260 [INFO]: #Epoch 253: Loss: 66.582, Recon Loss: 61.610, Cluster Loss: 10.031, Entropy Loss: -5.060
2019-02-13 15:41:13,094 [INFO]: #Epoch 254: Loss: 66.602, Recon Loss: 61.620, Cluster Loss: 10.041, Entropy Loss: -5.059
2019-02-13 15:41:14,899 [INFO]: #Epoch 255: Loss: 66.617, Recon Loss: 61.653, Cluster Loss: 10.023, Entropy Loss: -5.059
2019-02-13 15:41:16,706 [INFO]: #Epoch 256: Loss: 66.668, Recon Loss: 61.690, Cluster Loss: 10.026, Entropy Loss: -5.048
2019-02-13 15:41:18,548 [INFO]: #Epoch 257: Loss: 66.609, Recon Loss: 61.623, Cluster Loss: 10.035, Entropy Loss: -5.048
2019-02-13 15:41:20,355 [INFO]: #Epoch 258: Loss: 66.579, Recon Loss: 61.620, Cluster Loss: 10.028, Entropy Loss: -5.070
2019-02-13 15:41:22,152 [INFO]: #Epoch 259: Loss: 66.664, Recon Loss: 61.668, Cluster Loss: 10.016, Entropy Loss: -5.021
2019-02-13 15:41:23,950 [INFO]: #Epoch 260: Loss: 66.644, Recon Loss: 61.645, Cluster Loss: 10.037, Entropy Loss: -5.037
2019-02-13 15:41:24,028 [INFO]: acc: 0.85470, nmi: 0.78914
2019-02-13 15:41:25,834 [INFO]: #Epoch 261: Loss: 66.605, Recon Loss: 61.630, Cluster Loss: 10.032, Entropy Loss: -5.057
2019-02-13 15:41:27,635 [INFO]: #Epoch 262: Loss: 66.574, Recon Loss: 61.583, Cluster Loss: 10.042, Entropy Loss: -5.051
2019-02-13 15:41:29,478 [INFO]: #Epoch 263: Loss: 66.631, Recon Loss: 61.639, Cluster Loss: 10.032, Entropy Loss: -5.040
2019-02-13 15:41:31,290 [INFO]: #Epoch 264: Loss: 66.607, Recon Loss: 61.658, Cluster Loss: 10.004, Entropy Loss: -5.054
2019-02-13 15:41:33,130 [INFO]: #Epoch 265: Loss: 66.596, Recon Loss: 61.611, Cluster Loss: 10.030, Entropy Loss: -5.045
2019-02-13 15:41:34,923 [INFO]: #Epoch 266: Loss: 66.597, Recon Loss: 61.597, Cluster Loss: 10.026, Entropy Loss: -5.027
2019-02-13 15:41:36,760 [INFO]: #Epoch 267: Loss: 66.598, Recon Loss: 61.619, Cluster Loss: 10.027, Entropy Loss: -5.048
2019-02-13 15:41:38,596 [INFO]: #Epoch 268: Loss: 66.569, Recon Loss: 61.604, Cluster Loss: 10.045, Entropy Loss: -5.080
2019-02-13 15:41:40,392 [INFO]: #Epoch 269: Loss: 66.591, Recon Loss: 61.610, Cluster Loss: 10.024, Entropy Loss: -5.043
2019-02-13 15:41:42,190 [INFO]: #Epoch 270: Loss: 66.565, Recon Loss: 61.591, Cluster Loss: 10.010, Entropy Loss: -5.037
2019-02-13 15:41:42,262 [INFO]: acc: 0.85490, nmi: 0.78822
2019-02-13 15:41:44,079 [INFO]: #Epoch 271: Loss: 66.588, Recon Loss: 61.600, Cluster Loss: 10.034, Entropy Loss: -5.046
2019-02-13 15:41:45,910 [INFO]: #Epoch 272: Loss: 66.559, Recon Loss: 61.588, Cluster Loss: 10.031, Entropy Loss: -5.060
2019-02-13 15:41:47,685 [INFO]: #Epoch 273: Loss: 66.567, Recon Loss: 61.615, Cluster Loss: 10.026, Entropy Loss: -5.074
2019-02-13 15:41:49,509 [INFO]: #Epoch 274: Loss: 66.565, Recon Loss: 61.598, Cluster Loss: 10.024, Entropy Loss: -5.057
2019-02-13 15:41:51,314 [INFO]: #Epoch 275: Loss: 66.573, Recon Loss: 61.617, Cluster Loss: 10.024, Entropy Loss: -5.068
2019-02-13 15:41:53,109 [INFO]: #Epoch 276: Loss: 66.503, Recon Loss: 61.501, Cluster Loss: 10.035, Entropy Loss: -5.034
2019-02-13 15:41:55,075 [INFO]: #Epoch 277: Loss: 66.596, Recon Loss: 61.607, Cluster Loss: 10.032, Entropy Loss: -5.042
2019-02-13 15:41:57,077 [INFO]: #Epoch 278: Loss: 66.565, Recon Loss: 61.582, Cluster Loss: 10.017, Entropy Loss: -5.034
2019-02-13 15:41:59,011 [INFO]: #Epoch 279: Loss: 66.545, Recon Loss: 61.586, Cluster Loss: 10.023, Entropy Loss: -5.064
2019-02-13 15:42:00,821 [INFO]: #Epoch 280: Loss: 66.631, Recon Loss: 61.628, Cluster Loss: 10.029, Entropy Loss: -5.026
2019-02-13 15:42:00,895 [INFO]: acc: 0.85140, nmi: 0.78483
2019-02-13 15:42:02,720 [INFO]: #Epoch 281: Loss: 66.541, Recon Loss: 61.587, Cluster Loss: 10.022, Entropy Loss: -5.067
2019-02-13 15:42:04,514 [INFO]: #Epoch 282: Loss: 66.555, Recon Loss: 61.584, Cluster Loss: 10.017, Entropy Loss: -5.046
2019-02-13 15:42:06,308 [INFO]: #Epoch 283: Loss: 66.542, Recon Loss: 61.581, Cluster Loss: 10.025, Entropy Loss: -5.064
2019-02-13 15:42:08,084 [INFO]: #Epoch 284: Loss: 66.542, Recon Loss: 61.548, Cluster Loss: 10.031, Entropy Loss: -5.037
2019-02-13 15:42:09,881 [INFO]: #Epoch 285: Loss: 66.579, Recon Loss: 61.604, Cluster Loss: 10.021, Entropy Loss: -5.046
2019-02-13 15:42:11,657 [INFO]: #Epoch 286: Loss: 66.565, Recon Loss: 61.580, Cluster Loss: 10.046, Entropy Loss: -5.061
2019-02-13 15:42:13,463 [INFO]: #Epoch 287: Loss: 66.583, Recon Loss: 61.605, Cluster Loss: 10.014, Entropy Loss: -5.036
2019-02-13 15:42:15,250 [INFO]: #Epoch 288: Loss: 66.571, Recon Loss: 61.605, Cluster Loss: 10.025, Entropy Loss: -5.060
2019-02-13 15:42:17,038 [INFO]: #Epoch 289: Loss: 66.535, Recon Loss: 61.549, Cluster Loss: 10.042, Entropy Loss: -5.056
2019-02-13 15:42:18,832 [INFO]: #Epoch 290: Loss: 66.511, Recon Loss: 61.539, Cluster Loss: 10.013, Entropy Loss: -5.040
2019-02-13 15:42:18,907 [INFO]: acc: 0.85190, nmi: 0.78476
2019-02-13 15:42:20,708 [INFO]: #Epoch 291: Loss: 66.501, Recon Loss: 61.528, Cluster Loss: 10.026, Entropy Loss: -5.053
2019-02-13 15:42:22,504 [INFO]: #Epoch 292: Loss: 66.523, Recon Loss: 61.570, Cluster Loss: 10.025, Entropy Loss: -5.072
2019-02-13 15:42:24,345 [INFO]: #Epoch 293: Loss: 66.490, Recon Loss: 61.531, Cluster Loss: 10.026, Entropy Loss: -5.066
2019-02-13 15:42:26,133 [INFO]: #Epoch 294: Loss: 66.534, Recon Loss: 61.572, Cluster Loss: 10.024, Entropy Loss: -5.062
2019-02-13 15:42:27,940 [INFO]: #Epoch 295: Loss: 66.535, Recon Loss: 61.552, Cluster Loss: 10.022, Entropy Loss: -5.038
2019-02-13 15:42:29,747 [INFO]: #Epoch 296: Loss: 66.522, Recon Loss: 61.549, Cluster Loss: 10.035, Entropy Loss: -5.061
2019-02-13 15:42:31,599 [INFO]: #Epoch 297: Loss: 66.573, Recon Loss: 61.580, Cluster Loss: 10.022, Entropy Loss: -5.029
2019-02-13 15:42:33,400 [INFO]: #Epoch 298: Loss: 66.484, Recon Loss: 61.517, Cluster Loss: 10.034, Entropy Loss: -5.068
2019-02-13 15:42:35,214 [INFO]: #Epoch 299: Loss: 66.531, Recon Loss: 61.544, Cluster Loss: 10.032, Entropy Loss: -5.045
2019-02-13 15:42:36,991 [INFO]: #Epoch 300: Loss: 66.509, Recon Loss: 61.563, Cluster Loss: 10.013, Entropy Loss: -5.066
2019-02-13 15:42:37,065 [INFO]: acc: 0.85620, nmi: 0.79294
