2019-02-13 15:50:16,567 [INFO]: =====Initialize Gaussian Mixtures=======
2019-02-13 15:50:22,225 [INFO]: Averaged loglikelihood: -26.816099, n_iter: 8
2019-02-13 15:50:22,285 [INFO]: acc: 0.73650, nmi: 0.59624
2019-02-13 15:50:22,320 [INFO]: =====Finetuning=======
2019-02-13 15:50:24,112 [INFO]: #Epoch   1: Loss: 71.484, Recon Loss: 64.169, Cluster Loss: 9.117, Entropy Loss: -1.801
2019-02-13 15:50:25,915 [INFO]: #Epoch   2: Loss: 70.954, Recon Loss: 64.051, Cluster Loss: 9.232, Entropy Loss: -2.329
2019-02-13 15:50:27,696 [INFO]: #Epoch   3: Loss: 70.904, Recon Loss: 64.238, Cluster Loss: 9.302, Entropy Loss: -2.636
2019-02-13 15:50:29,468 [INFO]: #Epoch   4: Loss: 70.719, Recon Loss: 64.290, Cluster Loss: 9.395, Entropy Loss: -2.966
2019-02-13 15:50:31,255 [INFO]: #Epoch   5: Loss: 70.530, Recon Loss: 64.217, Cluster Loss: 9.482, Entropy Loss: -3.169
2019-02-13 15:50:33,043 [INFO]: #Epoch   6: Loss: 70.516, Recon Loss: 64.299, Cluster Loss: 9.536, Entropy Loss: -3.318
2019-02-13 15:50:34,815 [INFO]: #Epoch   7: Loss: 70.422, Recon Loss: 64.339, Cluster Loss: 9.594, Entropy Loss: -3.512
2019-02-13 15:50:36,587 [INFO]: #Epoch   8: Loss: 70.363, Recon Loss: 64.362, Cluster Loss: 9.627, Entropy Loss: -3.626
2019-02-13 15:50:38,327 [INFO]: #Epoch   9: Loss: 70.260, Recon Loss: 64.346, Cluster Loss: 9.664, Entropy Loss: -3.749
2019-02-13 15:50:40,139 [INFO]: #Epoch  10: Loss: 70.169, Recon Loss: 64.312, Cluster Loss: 9.704, Entropy Loss: -3.848
2019-02-13 15:50:40,216 [INFO]: acc: 0.81550, nmi: 0.70820
2019-02-13 15:50:42,003 [INFO]: #Epoch  11: Loss: 70.138, Recon Loss: 64.362, Cluster Loss: 9.722, Entropy Loss: -3.946
2019-02-13 15:50:43,782 [INFO]: #Epoch  12: Loss: 70.125, Recon Loss: 64.415, Cluster Loss: 9.738, Entropy Loss: -4.027
2019-02-13 15:50:45,542 [INFO]: #Epoch  13: Loss: 70.053, Recon Loss: 64.365, Cluster Loss: 9.779, Entropy Loss: -4.091
2019-02-13 15:50:47,322 [INFO]: #Epoch  14: Loss: 69.985, Recon Loss: 64.349, Cluster Loss: 9.804, Entropy Loss: -4.168
2019-02-13 15:50:49,103 [INFO]: #Epoch  15: Loss: 69.927, Recon Loss: 64.310, Cluster Loss: 9.814, Entropy Loss: -4.197
2019-02-13 15:50:50,899 [INFO]: #Epoch  16: Loss: 69.956, Recon Loss: 64.382, Cluster Loss: 9.842, Entropy Loss: -4.267
2019-02-13 15:50:52,668 [INFO]: #Epoch  17: Loss: 69.945, Recon Loss: 64.420, Cluster Loss: 9.851, Entropy Loss: -4.326
2019-02-13 15:50:54,457 [INFO]: #Epoch  18: Loss: 69.898, Recon Loss: 64.414, Cluster Loss: 9.867, Entropy Loss: -4.383
2019-02-13 15:50:56,209 [INFO]: #Epoch  19: Loss: 69.891, Recon Loss: 64.408, Cluster Loss: 9.886, Entropy Loss: -4.402
2019-02-13 15:50:57,978 [INFO]: #Epoch  20: Loss: 69.874, Recon Loss: 64.408, Cluster Loss: 9.886, Entropy Loss: -4.419
2019-02-13 15:50:58,051 [INFO]: acc: 0.83090, nmi: 0.74186
2019-02-13 15:50:59,813 [INFO]: #Epoch  21: Loss: 69.607, Recon Loss: 64.205, Cluster Loss: 9.912, Entropy Loss: -4.510
2019-02-13 15:51:01,581 [INFO]: #Epoch  22: Loss: 69.548, Recon Loss: 64.161, Cluster Loss: 9.937, Entropy Loss: -4.551
2019-02-13 15:51:03,335 [INFO]: #Epoch  23: Loss: 69.572, Recon Loss: 64.173, Cluster Loss: 9.923, Entropy Loss: -4.523
2019-02-13 15:51:05,167 [INFO]: #Epoch  24: Loss: 69.611, Recon Loss: 64.228, Cluster Loss: 9.935, Entropy Loss: -4.552
2019-02-13 15:51:07,156 [INFO]: #Epoch  25: Loss: 69.543, Recon Loss: 64.163, Cluster Loss: 9.944, Entropy Loss: -4.564
2019-02-13 15:51:08,951 [INFO]: #Epoch  26: Loss: 69.470, Recon Loss: 64.114, Cluster Loss: 9.971, Entropy Loss: -4.615
2019-02-13 15:51:10,718 [INFO]: #Epoch  27: Loss: 69.514, Recon Loss: 64.185, Cluster Loss: 9.972, Entropy Loss: -4.643
2019-02-13 15:51:12,522 [INFO]: #Epoch  28: Loss: 69.568, Recon Loss: 64.255, Cluster Loss: 9.952, Entropy Loss: -4.639
2019-02-13 15:51:14,307 [INFO]: #Epoch  29: Loss: 69.455, Recon Loss: 64.138, Cluster Loss: 9.950, Entropy Loss: -4.632
2019-02-13 15:51:16,102 [INFO]: #Epoch  30: Loss: 69.446, Recon Loss: 64.168, Cluster Loss: 9.992, Entropy Loss: -4.713
2019-02-13 15:51:16,176 [INFO]: acc: 0.83400, nmi: 0.75150
2019-02-13 15:51:17,959 [INFO]: #Epoch  31: Loss: 69.385, Recon Loss: 64.092, Cluster Loss: 9.982, Entropy Loss: -4.690
2019-02-13 15:51:19,714 [INFO]: #Epoch  32: Loss: 69.450, Recon Loss: 64.230, Cluster Loss: 9.977, Entropy Loss: -4.756
2019-02-13 15:51:21,534 [INFO]: #Epoch  33: Loss: 69.444, Recon Loss: 64.201, Cluster Loss: 9.972, Entropy Loss: -4.729
2019-02-13 15:51:23,415 [INFO]: #Epoch  34: Loss: 69.378, Recon Loss: 64.179, Cluster Loss: 9.988, Entropy Loss: -4.789
2019-02-13 15:51:25,199 [INFO]: #Epoch  35: Loss: 69.367, Recon Loss: 64.130, Cluster Loss: 9.998, Entropy Loss: -4.761
2019-02-13 15:51:26,985 [INFO]: #Epoch  36: Loss: 69.336, Recon Loss: 64.119, Cluster Loss: 10.018, Entropy Loss: -4.800
2019-02-13 15:51:28,790 [INFO]: #Epoch  37: Loss: 69.404, Recon Loss: 64.198, Cluster Loss: 9.985, Entropy Loss: -4.779
2019-02-13 15:51:30,578 [INFO]: #Epoch  38: Loss: 69.376, Recon Loss: 64.189, Cluster Loss: 10.001, Entropy Loss: -4.814
2019-02-13 15:51:32,351 [INFO]: #Epoch  39: Loss: 69.420, Recon Loss: 64.245, Cluster Loss: 10.003, Entropy Loss: -4.829
2019-02-13 15:51:34,133 [INFO]: #Epoch  40: Loss: 69.369, Recon Loss: 64.192, Cluster Loss: 9.998, Entropy Loss: -4.821
2019-02-13 15:51:34,206 [INFO]: acc: 0.83680, nmi: 0.75549
2019-02-13 15:51:35,971 [INFO]: #Epoch  41: Loss: 69.158, Recon Loss: 64.001, Cluster Loss: 10.015, Entropy Loss: -4.858
2019-02-13 15:51:37,753 [INFO]: #Epoch  42: Loss: 69.134, Recon Loss: 63.984, Cluster Loss: 10.023, Entropy Loss: -4.873
2019-02-13 15:51:39,598 [INFO]: #Epoch  43: Loss: 69.107, Recon Loss: 63.972, Cluster Loss: 10.026, Entropy Loss: -4.891
2019-02-13 15:51:41,397 [INFO]: #Epoch  44: Loss: 69.067, Recon Loss: 63.921, Cluster Loss: 10.023, Entropy Loss: -4.877
2019-02-13 15:51:43,199 [INFO]: #Epoch  45: Loss: 69.104, Recon Loss: 63.987, Cluster Loss: 10.011, Entropy Loss: -4.893
2019-02-13 15:51:45,035 [INFO]: #Epoch  46: Loss: 69.069, Recon Loss: 63.944, Cluster Loss: 10.033, Entropy Loss: -4.909
2019-02-13 15:51:46,842 [INFO]: #Epoch  47: Loss: 69.086, Recon Loss: 63.979, Cluster Loss: 10.019, Entropy Loss: -4.913
2019-02-13 15:51:48,624 [INFO]: #Epoch  48: Loss: 69.066, Recon Loss: 63.960, Cluster Loss: 10.020, Entropy Loss: -4.915
2019-02-13 15:51:50,393 [INFO]: #Epoch  49: Loss: 68.995, Recon Loss: 63.874, Cluster Loss: 10.030, Entropy Loss: -4.909
2019-02-13 15:51:52,169 [INFO]: #Epoch  50: Loss: 69.028, Recon Loss: 63.915, Cluster Loss: 10.029, Entropy Loss: -4.916
2019-02-13 15:51:52,248 [INFO]: acc: 0.83860, nmi: 0.75750
2019-02-13 15:51:54,036 [INFO]: #Epoch  51: Loss: 69.014, Recon Loss: 63.902, Cluster Loss: 10.021, Entropy Loss: -4.909
2019-02-13 15:51:55,846 [INFO]: #Epoch  52: Loss: 69.026, Recon Loss: 63.948, Cluster Loss: 10.025, Entropy Loss: -4.948
2019-02-13 15:51:57,646 [INFO]: #Epoch  53: Loss: 68.979, Recon Loss: 63.899, Cluster Loss: 10.013, Entropy Loss: -4.932
2019-02-13 15:51:59,528 [INFO]: #Epoch  54: Loss: 69.033, Recon Loss: 63.969, Cluster Loss: 10.019, Entropy Loss: -4.956
2019-02-13 15:52:01,374 [INFO]: #Epoch  55: Loss: 69.048, Recon Loss: 63.966, Cluster Loss: 10.022, Entropy Loss: -4.940
2019-02-13 15:52:03,218 [INFO]: #Epoch  56: Loss: 68.970, Recon Loss: 63.930, Cluster Loss: 10.016, Entropy Loss: -4.976
2019-02-13 15:52:05,017 [INFO]: #Epoch  57: Loss: 68.982, Recon Loss: 63.929, Cluster Loss: 10.035, Entropy Loss: -4.983
2019-02-13 15:52:06,794 [INFO]: #Epoch  58: Loss: 68.951, Recon Loss: 63.910, Cluster Loss: 10.030, Entropy Loss: -4.989
2019-02-13 15:52:08,613 [INFO]: #Epoch  59: Loss: 69.007, Recon Loss: 63.957, Cluster Loss: 10.030, Entropy Loss: -4.980
2019-02-13 15:52:10,401 [INFO]: #Epoch  60: Loss: 68.935, Recon Loss: 63.900, Cluster Loss: 10.030, Entropy Loss: -4.995
2019-02-13 15:52:10,475 [INFO]: acc: 0.84060, nmi: 0.76264
2019-02-13 15:52:12,258 [INFO]: #Epoch  61: Loss: 68.741, Recon Loss: 63.735, Cluster Loss: 10.045, Entropy Loss: -5.039
2019-02-13 15:52:14,056 [INFO]: #Epoch  62: Loss: 68.710, Recon Loss: 63.681, Cluster Loss: 10.041, Entropy Loss: -5.012
2019-02-13 15:52:15,875 [INFO]: #Epoch  63: Loss: 68.766, Recon Loss: 63.739, Cluster Loss: 10.054, Entropy Loss: -5.028
2019-02-13 15:52:17,653 [INFO]: #Epoch  64: Loss: 68.692, Recon Loss: 63.657, Cluster Loss: 10.028, Entropy Loss: -4.993
2019-02-13 15:52:19,440 [INFO]: #Epoch  65: Loss: 68.728, Recon Loss: 63.710, Cluster Loss: 10.037, Entropy Loss: -5.019
2019-02-13 15:52:21,233 [INFO]: #Epoch  66: Loss: 68.728, Recon Loss: 63.706, Cluster Loss: 10.018, Entropy Loss: -4.996
2019-02-13 15:52:23,017 [INFO]: #Epoch  67: Loss: 68.710, Recon Loss: 63.708, Cluster Loss: 10.042, Entropy Loss: -5.040
2019-02-13 15:52:24,828 [INFO]: #Epoch  68: Loss: 68.700, Recon Loss: 63.677, Cluster Loss: 10.046, Entropy Loss: -5.023
2019-02-13 15:52:26,641 [INFO]: #Epoch  69: Loss: 68.666, Recon Loss: 63.682, Cluster Loss: 10.038, Entropy Loss: -5.055
2019-02-13 15:52:28,413 [INFO]: #Epoch  70: Loss: 68.682, Recon Loss: 63.695, Cluster Loss: 10.041, Entropy Loss: -5.054
2019-02-13 15:52:28,486 [INFO]: acc: 0.84210, nmi: 0.76458
2019-02-13 15:52:30,247 [INFO]: #Epoch  71: Loss: 68.669, Recon Loss: 63.701, Cluster Loss: 10.048, Entropy Loss: -5.080
2019-02-13 15:52:32,029 [INFO]: #Epoch  72: Loss: 68.673, Recon Loss: 63.679, Cluster Loss: 10.031, Entropy Loss: -5.037
2019-02-13 15:52:33,813 [INFO]: #Epoch  73: Loss: 68.664, Recon Loss: 63.697, Cluster Loss: 10.037, Entropy Loss: -5.070
2019-02-13 15:52:35,616 [INFO]: #Epoch  74: Loss: 68.632, Recon Loss: 63.645, Cluster Loss: 10.039, Entropy Loss: -5.051
2019-02-13 15:52:37,389 [INFO]: #Epoch  75: Loss: 68.609, Recon Loss: 63.645, Cluster Loss: 10.043, Entropy Loss: -5.080
2019-02-13 15:52:39,184 [INFO]: #Epoch  76: Loss: 68.667, Recon Loss: 63.718, Cluster Loss: 10.044, Entropy Loss: -5.095
2019-02-13 15:52:40,967 [INFO]: #Epoch  77: Loss: 68.672, Recon Loss: 63.740, Cluster Loss: 10.030, Entropy Loss: -5.097
2019-02-13 15:52:42,801 [INFO]: #Epoch  78: Loss: 68.635, Recon Loss: 63.699, Cluster Loss: 10.044, Entropy Loss: -5.107
2019-02-13 15:52:44,580 [INFO]: #Epoch  79: Loss: 68.617, Recon Loss: 63.672, Cluster Loss: 10.038, Entropy Loss: -5.092
2019-02-13 15:52:46,399 [INFO]: #Epoch  80: Loss: 68.647, Recon Loss: 63.706, Cluster Loss: 10.032, Entropy Loss: -5.092
2019-02-13 15:52:46,476 [INFO]: acc: 0.84510, nmi: 0.76949
2019-02-13 15:52:48,313 [INFO]: #Epoch  81: Loss: 68.466, Recon Loss: 63.501, Cluster Loss: 10.046, Entropy Loss: -5.081
2019-02-13 15:52:50,111 [INFO]: #Epoch  82: Loss: 68.345, Recon Loss: 63.407, Cluster Loss: 10.051, Entropy Loss: -5.112
2019-02-13 15:52:51,885 [INFO]: #Epoch  83: Loss: 68.418, Recon Loss: 63.487, Cluster Loss: 10.061, Entropy Loss: -5.130
2019-02-13 15:52:53,682 [INFO]: #Epoch  84: Loss: 68.430, Recon Loss: 63.497, Cluster Loss: 10.034, Entropy Loss: -5.100
2019-02-13 15:52:55,465 [INFO]: #Epoch  85: Loss: 68.399, Recon Loss: 63.445, Cluster Loss: 10.052, Entropy Loss: -5.098
2019-02-13 15:52:57,260 [INFO]: #Epoch  86: Loss: 68.366, Recon Loss: 63.440, Cluster Loss: 10.033, Entropy Loss: -5.108
2019-02-13 15:52:59,073 [INFO]: #Epoch  87: Loss: 68.379, Recon Loss: 63.453, Cluster Loss: 10.038, Entropy Loss: -5.112
2019-02-13 15:53:00,959 [INFO]: #Epoch  88: Loss: 68.388, Recon Loss: 63.478, Cluster Loss: 10.042, Entropy Loss: -5.132
2019-02-13 15:53:02,840 [INFO]: #Epoch  89: Loss: 68.363, Recon Loss: 63.459, Cluster Loss: 10.040, Entropy Loss: -5.136
2019-02-13 15:53:04,675 [INFO]: #Epoch  90: Loss: 68.385, Recon Loss: 63.521, Cluster Loss: 10.048, Entropy Loss: -5.184
2019-02-13 15:53:04,755 [INFO]: acc: 0.84580, nmi: 0.77232
2019-02-13 15:53:06,559 [INFO]: #Epoch  91: Loss: 68.428, Recon Loss: 63.509, Cluster Loss: 10.054, Entropy Loss: -5.135
2019-02-13 15:53:08,367 [INFO]: #Epoch  92: Loss: 68.377, Recon Loss: 63.468, Cluster Loss: 10.051, Entropy Loss: -5.142
2019-02-13 15:53:10,152 [INFO]: #Epoch  93: Loss: 68.339, Recon Loss: 63.457, Cluster Loss: 10.028, Entropy Loss: -5.146
2019-02-13 15:53:11,918 [INFO]: #Epoch  94: Loss: 68.351, Recon Loss: 63.465, Cluster Loss: 10.035, Entropy Loss: -5.148
2019-02-13 15:53:13,676 [INFO]: #Epoch  95: Loss: 68.390, Recon Loss: 63.454, Cluster Loss: 10.053, Entropy Loss: -5.117
2019-02-13 15:53:15,493 [INFO]: #Epoch  96: Loss: 68.409, Recon Loss: 63.504, Cluster Loss: 10.039, Entropy Loss: -5.134
2019-02-13 15:53:17,264 [INFO]: #Epoch  97: Loss: 68.329, Recon Loss: 63.447, Cluster Loss: 10.025, Entropy Loss: -5.143
2019-02-13 15:53:19,101 [INFO]: #Epoch  98: Loss: 68.284, Recon Loss: 63.408, Cluster Loss: 10.028, Entropy Loss: -5.152
2019-02-13 15:53:20,885 [INFO]: #Epoch  99: Loss: 68.347, Recon Loss: 63.494, Cluster Loss: 10.036, Entropy Loss: -5.183
2019-02-13 15:53:22,720 [INFO]: #Epoch 100: Loss: 68.267, Recon Loss: 63.410, Cluster Loss: 10.028, Entropy Loss: -5.171
2019-02-13 15:53:22,793 [INFO]: acc: 0.84730, nmi: 0.77462
2019-02-13 15:53:24,568 [INFO]: #Epoch 101: Loss: 68.173, Recon Loss: 63.299, Cluster Loss: 10.065, Entropy Loss: -5.191
2019-02-13 15:53:26,347 [INFO]: #Epoch 102: Loss: 68.155, Recon Loss: 63.263, Cluster Loss: 10.042, Entropy Loss: -5.149
2019-02-13 15:53:28,131 [INFO]: #Epoch 103: Loss: 68.149, Recon Loss: 63.265, Cluster Loss: 10.051, Entropy Loss: -5.168
2019-02-13 15:53:29,915 [INFO]: #Epoch 104: Loss: 68.114, Recon Loss: 63.220, Cluster Loss: 10.065, Entropy Loss: -5.171
2019-02-13 15:53:31,697 [INFO]: #Epoch 105: Loss: 68.125, Recon Loss: 63.257, Cluster Loss: 10.029, Entropy Loss: -5.161
2019-02-13 15:53:33,478 [INFO]: #Epoch 106: Loss: 68.128, Recon Loss: 63.270, Cluster Loss: 10.044, Entropy Loss: -5.186
2019-02-13 15:53:35,268 [INFO]: #Epoch 107: Loss: 68.116, Recon Loss: 63.238, Cluster Loss: 10.045, Entropy Loss: -5.168
2019-02-13 15:53:37,086 [INFO]: #Epoch 108: Loss: 68.143, Recon Loss: 63.304, Cluster Loss: 10.038, Entropy Loss: -5.199
2019-02-13 15:53:38,912 [INFO]: #Epoch 109: Loss: 68.126, Recon Loss: 63.274, Cluster Loss: 10.035, Entropy Loss: -5.183
2019-02-13 15:53:40,664 [INFO]: #Epoch 110: Loss: 68.119, Recon Loss: 63.262, Cluster Loss: 10.045, Entropy Loss: -5.188
2019-02-13 15:53:40,737 [INFO]: acc: 0.84920, nmi: 0.78059
2019-02-13 15:53:42,508 [INFO]: #Epoch 111: Loss: 68.087, Recon Loss: 63.277, Cluster Loss: 10.039, Entropy Loss: -5.229
2019-02-13 15:53:44,279 [INFO]: #Epoch 112: Loss: 68.107, Recon Loss: 63.280, Cluster Loss: 10.040, Entropy Loss: -5.213
2019-02-13 15:53:46,052 [INFO]: #Epoch 113: Loss: 68.152, Recon Loss: 63.299, Cluster Loss: 10.031, Entropy Loss: -5.178
2019-02-13 15:53:47,821 [INFO]: #Epoch 114: Loss: 68.117, Recon Loss: 63.270, Cluster Loss: 10.036, Entropy Loss: -5.188
2019-02-13 15:53:49,669 [INFO]: #Epoch 115: Loss: 68.087, Recon Loss: 63.266, Cluster Loss: 10.039, Entropy Loss: -5.218
2019-02-13 15:53:51,434 [INFO]: #Epoch 116: Loss: 68.020, Recon Loss: 63.209, Cluster Loss: 10.037, Entropy Loss: -5.226
2019-02-13 15:53:53,213 [INFO]: #Epoch 117: Loss: 68.049, Recon Loss: 63.228, Cluster Loss: 10.029, Entropy Loss: -5.209
2019-02-13 15:53:54,983 [INFO]: #Epoch 118: Loss: 68.061, Recon Loss: 63.228, Cluster Loss: 10.052, Entropy Loss: -5.220
2019-02-13 15:53:56,766 [INFO]: #Epoch 119: Loss: 68.007, Recon Loss: 63.154, Cluster Loss: 10.052, Entropy Loss: -5.198
2019-02-13 15:53:58,574 [INFO]: #Epoch 120: Loss: 68.070, Recon Loss: 63.243, Cluster Loss: 10.022, Entropy Loss: -5.194
2019-02-13 15:53:58,648 [INFO]: acc: 0.84980, nmi: 0.77874
2019-02-13 15:54:00,444 [INFO]: #Epoch 121: Loss: 67.926, Recon Loss: 63.096, Cluster Loss: 10.052, Entropy Loss: -5.222
2019-02-13 15:54:02,257 [INFO]: #Epoch 122: Loss: 67.886, Recon Loss: 63.045, Cluster Loss: 10.047, Entropy Loss: -5.206
2019-02-13 15:54:04,029 [INFO]: #Epoch 123: Loss: 67.950, Recon Loss: 63.126, Cluster Loss: 10.035, Entropy Loss: -5.211
2019-02-13 15:54:05,823 [INFO]: #Epoch 124: Loss: 67.923, Recon Loss: 63.099, Cluster Loss: 10.048, Entropy Loss: -5.224
2019-02-13 15:54:07,623 [INFO]: #Epoch 125: Loss: 67.938, Recon Loss: 63.129, Cluster Loss: 10.045, Entropy Loss: -5.236
2019-02-13 15:54:09,430 [INFO]: #Epoch 126: Loss: 67.881, Recon Loss: 63.083, Cluster Loss: 10.031, Entropy Loss: -5.233
2019-02-13 15:54:11,211 [INFO]: #Epoch 127: Loss: 67.849, Recon Loss: 63.034, Cluster Loss: 10.058, Entropy Loss: -5.242
2019-02-13 15:54:12,995 [INFO]: #Epoch 128: Loss: 67.907, Recon Loss: 63.077, Cluster Loss: 10.048, Entropy Loss: -5.218
2019-02-13 15:54:14,828 [INFO]: #Epoch 129: Loss: 67.913, Recon Loss: 63.100, Cluster Loss: 10.032, Entropy Loss: -5.219
2019-02-13 15:54:16,612 [INFO]: #Epoch 130: Loss: 67.853, Recon Loss: 63.071, Cluster Loss: 10.051, Entropy Loss: -5.268
2019-02-13 15:54:16,686 [INFO]: acc: 0.85110, nmi: 0.78366
2019-02-13 15:54:18,469 [INFO]: #Epoch 131: Loss: 67.841, Recon Loss: 62.989, Cluster Loss: 10.045, Entropy Loss: -5.193
2019-02-13 15:54:20,279 [INFO]: #Epoch 132: Loss: 67.880, Recon Loss: 63.084, Cluster Loss: 10.049, Entropy Loss: -5.254
2019-02-13 15:54:22,077 [INFO]: #Epoch 133: Loss: 67.820, Recon Loss: 63.015, Cluster Loss: 10.042, Entropy Loss: -5.238
2019-02-13 15:54:23,851 [INFO]: #Epoch 134: Loss: 67.921, Recon Loss: 63.144, Cluster Loss: 10.035, Entropy Loss: -5.257
2019-02-13 15:54:25,624 [INFO]: #Epoch 135: Loss: 67.839, Recon Loss: 63.044, Cluster Loss: 10.037, Entropy Loss: -5.242
2019-02-13 15:54:27,411 [INFO]: #Epoch 136: Loss: 67.812, Recon Loss: 63.038, Cluster Loss: 10.051, Entropy Loss: -5.277
2019-02-13 15:54:29,214 [INFO]: #Epoch 137: Loss: 67.866, Recon Loss: 63.047, Cluster Loss: 10.025, Entropy Loss: -5.207
2019-02-13 15:54:31,003 [INFO]: #Epoch 138: Loss: 67.828, Recon Loss: 63.019, Cluster Loss: 10.044, Entropy Loss: -5.235
2019-02-13 15:54:32,772 [INFO]: #Epoch 139: Loss: 67.804, Recon Loss: 63.030, Cluster Loss: 10.041, Entropy Loss: -5.267
2019-02-13 15:54:34,569 [INFO]: #Epoch 140: Loss: 67.780, Recon Loss: 62.986, Cluster Loss: 10.039, Entropy Loss: -5.244
2019-02-13 15:54:34,646 [INFO]: acc: 0.85060, nmi: 0.78250
2019-02-13 15:54:36,447 [INFO]: #Epoch 141: Loss: 67.694, Recon Loss: 62.891, Cluster Loss: 10.046, Entropy Loss: -5.242
2019-02-13 15:54:38,320 [INFO]: #Epoch 142: Loss: 67.718, Recon Loss: 62.915, Cluster Loss: 10.049, Entropy Loss: -5.246
2019-02-13 15:54:40,183 [INFO]: #Epoch 143: Loss: 67.696, Recon Loss: 62.884, Cluster Loss: 10.038, Entropy Loss: -5.226
2019-02-13 15:54:41,977 [INFO]: #Epoch 144: Loss: 67.669, Recon Loss: 62.894, Cluster Loss: 10.029, Entropy Loss: -5.254
2019-02-13 15:54:43,764 [INFO]: #Epoch 145: Loss: 67.688, Recon Loss: 62.875, Cluster Loss: 10.040, Entropy Loss: -5.227
2019-02-13 15:54:45,548 [INFO]: #Epoch 146: Loss: 67.631, Recon Loss: 62.847, Cluster Loss: 10.052, Entropy Loss: -5.267
2019-02-13 15:54:47,351 [INFO]: #Epoch 147: Loss: 67.683, Recon Loss: 62.900, Cluster Loss: 10.033, Entropy Loss: -5.250
2019-02-13 15:54:49,120 [INFO]: #Epoch 148: Loss: 67.726, Recon Loss: 62.960, Cluster Loss: 10.039, Entropy Loss: -5.274
2019-02-13 15:54:50,915 [INFO]: #Epoch 149: Loss: 67.687, Recon Loss: 62.892, Cluster Loss: 10.048, Entropy Loss: -5.253
2019-02-13 15:54:52,724 [INFO]: #Epoch 150: Loss: 67.640, Recon Loss: 62.887, Cluster Loss: 10.037, Entropy Loss: -5.284
2019-02-13 15:54:52,797 [INFO]: acc: 0.85240, nmi: 0.78641
2019-02-13 15:54:54,570 [INFO]: #Epoch 151: Loss: 67.661, Recon Loss: 62.890, Cluster Loss: 10.052, Entropy Loss: -5.280
2019-02-13 15:54:56,355 [INFO]: #Epoch 152: Loss: 67.631, Recon Loss: 62.888, Cluster Loss: 10.031, Entropy Loss: -5.287
2019-02-13 15:54:58,162 [INFO]: #Epoch 153: Loss: 67.651, Recon Loss: 62.880, Cluster Loss: 10.047, Entropy Loss: -5.276
2019-02-13 15:54:59,925 [INFO]: #Epoch 154: Loss: 67.671, Recon Loss: 62.892, Cluster Loss: 10.035, Entropy Loss: -5.256
2019-02-13 15:55:01,722 [INFO]: #Epoch 155: Loss: 67.598, Recon Loss: 62.826, Cluster Loss: 10.044, Entropy Loss: -5.272
2019-02-13 15:55:03,498 [INFO]: #Epoch 156: Loss: 67.679, Recon Loss: 62.895, Cluster Loss: 10.034, Entropy Loss: -5.250
2019-02-13 15:55:05,303 [INFO]: #Epoch 157: Loss: 67.584, Recon Loss: 62.836, Cluster Loss: 10.043, Entropy Loss: -5.295
2019-02-13 15:55:07,098 [INFO]: #Epoch 158: Loss: 67.672, Recon Loss: 62.914, Cluster Loss: 10.027, Entropy Loss: -5.268
2019-02-13 15:55:08,894 [INFO]: #Epoch 159: Loss: 67.587, Recon Loss: 62.841, Cluster Loss: 10.052, Entropy Loss: -5.305
2019-02-13 15:55:10,699 [INFO]: #Epoch 160: Loss: 67.606, Recon Loss: 62.864, Cluster Loss: 10.043, Entropy Loss: -5.301
2019-02-13 15:55:10,771 [INFO]: acc: 0.85310, nmi: 0.78778
2019-02-13 15:55:12,534 [INFO]: #Epoch 161: Loss: 67.498, Recon Loss: 62.723, Cluster Loss: 10.050, Entropy Loss: -5.275
2019-02-13 15:55:14,324 [INFO]: #Epoch 162: Loss: 67.523, Recon Loss: 62.755, Cluster Loss: 10.035, Entropy Loss: -5.268
2019-02-13 15:55:16,118 [INFO]: #Epoch 163: Loss: 67.495, Recon Loss: 62.720, Cluster Loss: 10.044, Entropy Loss: -5.269
2019-02-13 15:55:17,961 [INFO]: #Epoch 164: Loss: 67.448, Recon Loss: 62.697, Cluster Loss: 10.034, Entropy Loss: -5.283
2019-02-13 15:55:19,723 [INFO]: #Epoch 165: Loss: 67.480, Recon Loss: 62.710, Cluster Loss: 10.031, Entropy Loss: -5.261
2019-02-13 15:55:21,512 [INFO]: #Epoch 166: Loss: 67.499, Recon Loss: 62.727, Cluster Loss: 10.048, Entropy Loss: -5.276
2019-02-13 15:55:23,334 [INFO]: #Epoch 167: Loss: 67.484, Recon Loss: 62.721, Cluster Loss: 10.035, Entropy Loss: -5.273
2019-02-13 15:55:25,130 [INFO]: #Epoch 168: Loss: 67.463, Recon Loss: 62.734, Cluster Loss: 10.035, Entropy Loss: -5.306
2019-02-13 15:55:26,916 [INFO]: #Epoch 169: Loss: 67.459, Recon Loss: 62.717, Cluster Loss: 10.041, Entropy Loss: -5.299
2019-02-13 15:55:28,675 [INFO]: #Epoch 170: Loss: 67.412, Recon Loss: 62.657, Cluster Loss: 10.035, Entropy Loss: -5.279
2019-02-13 15:55:28,750 [INFO]: acc: 0.85230, nmi: 0.78586
2019-02-13 15:55:30,530 [INFO]: #Epoch 171: Loss: 67.485, Recon Loss: 62.732, Cluster Loss: 10.046, Entropy Loss: -5.293
2019-02-13 15:55:32,313 [INFO]: #Epoch 172: Loss: 67.416, Recon Loss: 62.672, Cluster Loss: 10.043, Entropy Loss: -5.299
2019-02-13 15:55:34,076 [INFO]: #Epoch 173: Loss: 67.491, Recon Loss: 62.746, Cluster Loss: 10.032, Entropy Loss: -5.287
2019-02-13 15:55:35,832 [INFO]: #Epoch 174: Loss: 67.393, Recon Loss: 62.664, Cluster Loss: 10.030, Entropy Loss: -5.302
2019-02-13 15:55:37,696 [INFO]: #Epoch 175: Loss: 67.508, Recon Loss: 62.782, Cluster Loss: 10.035, Entropy Loss: -5.309
2019-02-13 15:55:39,532 [INFO]: #Epoch 176: Loss: 67.483, Recon Loss: 62.723, Cluster Loss: 10.036, Entropy Loss: -5.276
2019-02-13 15:55:41,372 [INFO]: #Epoch 177: Loss: 67.438, Recon Loss: 62.684, Cluster Loss: 10.044, Entropy Loss: -5.290
2019-02-13 15:55:43,167 [INFO]: #Epoch 178: Loss: 67.408, Recon Loss: 62.687, Cluster Loss: 10.052, Entropy Loss: -5.330
2019-02-13 15:55:44,960 [INFO]: #Epoch 179: Loss: 67.505, Recon Loss: 62.752, Cluster Loss: 10.045, Entropy Loss: -5.292
2019-02-13 15:55:46,733 [INFO]: #Epoch 180: Loss: 67.396, Recon Loss: 62.659, Cluster Loss: 10.037, Entropy Loss: -5.299
2019-02-13 15:55:46,808 [INFO]: acc: 0.85340, nmi: 0.78915
2019-02-13 15:55:48,591 [INFO]: #Epoch 181: Loss: 67.384, Recon Loss: 62.618, Cluster Loss: 10.035, Entropy Loss: -5.269
2019-02-13 15:55:50,372 [INFO]: #Epoch 182: Loss: 67.309, Recon Loss: 62.552, Cluster Loss: 10.060, Entropy Loss: -5.303
2019-02-13 15:55:52,176 [INFO]: #Epoch 183: Loss: 67.350, Recon Loss: 62.636, Cluster Loss: 10.043, Entropy Loss: -5.329
2019-02-13 15:55:53,958 [INFO]: #Epoch 184: Loss: 67.294, Recon Loss: 62.546, Cluster Loss: 10.043, Entropy Loss: -5.295
2019-02-13 15:55:55,840 [INFO]: #Epoch 185: Loss: 67.277, Recon Loss: 62.548, Cluster Loss: 10.036, Entropy Loss: -5.306
2019-02-13 15:55:57,698 [INFO]: #Epoch 186: Loss: 67.325, Recon Loss: 62.611, Cluster Loss: 10.035, Entropy Loss: -5.321
2019-02-13 15:55:59,470 [INFO]: #Epoch 187: Loss: 67.302, Recon Loss: 62.560, Cluster Loss: 10.047, Entropy Loss: -5.306
2019-02-13 15:56:01,247 [INFO]: #Epoch 188: Loss: 67.244, Recon Loss: 62.518, Cluster Loss: 10.037, Entropy Loss: -5.312
2019-02-13 15:56:03,044 [INFO]: #Epoch 189: Loss: 67.326, Recon Loss: 62.576, Cluster Loss: 10.039, Entropy Loss: -5.289
2019-02-13 15:56:04,825 [INFO]: #Epoch 190: Loss: 67.308, Recon Loss: 62.568, Cluster Loss: 10.031, Entropy Loss: -5.292
2019-02-13 15:56:04,899 [INFO]: acc: 0.85510, nmi: 0.79115
2019-02-13 15:56:06,679 [INFO]: #Epoch 191: Loss: 67.379, Recon Loss: 62.620, Cluster Loss: 10.042, Entropy Loss: -5.283
2019-02-13 15:56:08,460 [INFO]: #Epoch 192: Loss: 67.285, Recon Loss: 62.563, Cluster Loss: 10.046, Entropy Loss: -5.324
2019-02-13 15:56:10,212 [INFO]: #Epoch 193: Loss: 67.339, Recon Loss: 62.592, Cluster Loss: 10.044, Entropy Loss: -5.297
2019-02-13 15:56:11,989 [INFO]: #Epoch 194: Loss: 67.303, Recon Loss: 62.595, Cluster Loss: 10.047, Entropy Loss: -5.339
2019-02-13 15:56:13,825 [INFO]: #Epoch 195: Loss: 67.268, Recon Loss: 62.526, Cluster Loss: 10.047, Entropy Loss: -5.305
2019-02-13 15:56:15,679 [INFO]: #Epoch 196: Loss: 67.324, Recon Loss: 62.597, Cluster Loss: 10.044, Entropy Loss: -5.316
2019-02-13 15:56:17,475 [INFO]: #Epoch 197: Loss: 67.327, Recon Loss: 62.605, Cluster Loss: 10.041, Entropy Loss: -5.320
2019-02-13 15:56:19,331 [INFO]: #Epoch 198: Loss: 67.319, Recon Loss: 62.552, Cluster Loss: 10.045, Entropy Loss: -5.278
2019-02-13 15:56:21,161 [INFO]: #Epoch 199: Loss: 67.245, Recon Loss: 62.528, Cluster Loss: 10.032, Entropy Loss: -5.315
2019-02-13 15:56:22,917 [INFO]: #Epoch 200: Loss: 67.239, Recon Loss: 62.530, Cluster Loss: 10.031, Entropy Loss: -5.322
2019-02-13 15:56:22,991 [INFO]: acc: 0.85660, nmi: 0.79214
2019-02-13 15:56:24,798 [INFO]: #Epoch 201: Loss: 67.207, Recon Loss: 62.460, Cluster Loss: 10.054, Entropy Loss: -5.307
2019-02-13 15:56:26,574 [INFO]: #Epoch 202: Loss: 67.166, Recon Loss: 62.441, Cluster Loss: 10.044, Entropy Loss: -5.319
2019-02-13 15:56:28,335 [INFO]: #Epoch 203: Loss: 67.176, Recon Loss: 62.447, Cluster Loss: 10.032, Entropy Loss: -5.303
2019-02-13 15:56:30,111 [INFO]: #Epoch 204: Loss: 67.202, Recon Loss: 62.466, Cluster Loss: 10.042, Entropy Loss: -5.306
2019-02-13 15:56:31,872 [INFO]: #Epoch 205: Loss: 67.138, Recon Loss: 62.429, Cluster Loss: 10.024, Entropy Loss: -5.315
2019-02-13 15:56:33,703 [INFO]: #Epoch 206: Loss: 67.244, Recon Loss: 62.541, Cluster Loss: 10.032, Entropy Loss: -5.329
2019-02-13 15:56:35,487 [INFO]: #Epoch 207: Loss: 67.241, Recon Loss: 62.515, Cluster Loss: 10.036, Entropy Loss: -5.310
2019-02-13 15:56:37,254 [INFO]: #Epoch 208: Loss: 67.157, Recon Loss: 62.433, Cluster Loss: 10.034, Entropy Loss: -5.310
2019-02-13 15:56:39,069 [INFO]: #Epoch 209: Loss: 67.146, Recon Loss: 62.424, Cluster Loss: 10.041, Entropy Loss: -5.320
2019-02-13 15:56:40,919 [INFO]: #Epoch 210: Loss: 67.117, Recon Loss: 62.415, Cluster Loss: 10.046, Entropy Loss: -5.344
2019-02-13 15:56:40,992 [INFO]: acc: 0.85530, nmi: 0.79210
2019-02-13 15:56:42,801 [INFO]: #Epoch 211: Loss: 67.108, Recon Loss: 62.377, Cluster Loss: 10.049, Entropy Loss: -5.318
2019-02-13 15:56:44,630 [INFO]: #Epoch 212: Loss: 67.144, Recon Loss: 62.424, Cluster Loss: 10.028, Entropy Loss: -5.308
2019-02-13 15:56:46,452 [INFO]: #Epoch 213: Loss: 67.106, Recon Loss: 62.387, Cluster Loss: 10.036, Entropy Loss: -5.317
2019-02-13 15:56:48,229 [INFO]: #Epoch 214: Loss: 67.151, Recon Loss: 62.471, Cluster Loss: 10.030, Entropy Loss: -5.350
2019-02-13 15:56:50,080 [INFO]: #Epoch 215: Loss: 67.116, Recon Loss: 62.415, Cluster Loss: 10.028, Entropy Loss: -5.328
2019-02-13 15:56:51,871 [INFO]: #Epoch 216: Loss: 67.208, Recon Loss: 62.504, Cluster Loss: 10.035, Entropy Loss: -5.331
2019-02-13 15:56:53,637 [INFO]: #Epoch 217: Loss: 67.158, Recon Loss: 62.453, Cluster Loss: 10.044, Entropy Loss: -5.340
2019-02-13 15:56:55,458 [INFO]: #Epoch 218: Loss: 67.141, Recon Loss: 62.408, Cluster Loss: 10.043, Entropy Loss: -5.310
2019-02-13 15:56:57,230 [INFO]: #Epoch 219: Loss: 67.129, Recon Loss: 62.415, Cluster Loss: 10.038, Entropy Loss: -5.324
2019-02-13 15:56:59,008 [INFO]: #Epoch 220: Loss: 67.132, Recon Loss: 62.433, Cluster Loss: 10.038, Entropy Loss: -5.338
2019-02-13 15:56:59,082 [INFO]: acc: 0.85730, nmi: 0.79415
2019-02-13 15:57:00,865 [INFO]: #Epoch 221: Loss: 67.051, Recon Loss: 62.352, Cluster Loss: 10.044, Entropy Loss: -5.345
2019-02-13 15:57:02,677 [INFO]: #Epoch 222: Loss: 67.082, Recon Loss: 62.364, Cluster Loss: 10.036, Entropy Loss: -5.318
2019-02-13 15:57:04,513 [INFO]: #Epoch 223: Loss: 67.033, Recon Loss: 62.357, Cluster Loss: 10.038, Entropy Loss: -5.362
2019-02-13 15:57:06,319 [INFO]: #Epoch 224: Loss: 67.042, Recon Loss: 62.352, Cluster Loss: 10.030, Entropy Loss: -5.340
2019-02-13 15:57:08,111 [INFO]: #Epoch 225: Loss: 67.049, Recon Loss: 62.346, Cluster Loss: 10.043, Entropy Loss: -5.340
2019-02-13 15:57:09,882 [INFO]: #Epoch 226: Loss: 67.047, Recon Loss: 62.350, Cluster Loss: 10.041, Entropy Loss: -5.344
2019-02-13 15:57:11,655 [INFO]: #Epoch 227: Loss: 67.008, Recon Loss: 62.293, Cluster Loss: 10.043, Entropy Loss: -5.328
2019-02-13 15:57:13,451 [INFO]: #Epoch 228: Loss: 67.053, Recon Loss: 62.348, Cluster Loss: 10.027, Entropy Loss: -5.322
2019-02-13 15:57:15,209 [INFO]: #Epoch 229: Loss: 66.997, Recon Loss: 62.290, Cluster Loss: 10.061, Entropy Loss: -5.355
2019-02-13 15:57:17,002 [INFO]: #Epoch 230: Loss: 66.985, Recon Loss: 62.300, Cluster Loss: 10.032, Entropy Loss: -5.347
2019-02-13 15:57:17,079 [INFO]: acc: 0.85380, nmi: 0.78945
2019-02-13 15:57:18,861 [INFO]: #Epoch 231: Loss: 67.015, Recon Loss: 62.302, Cluster Loss: 10.042, Entropy Loss: -5.329
2019-02-13 15:57:20,631 [INFO]: #Epoch 232: Loss: 67.031, Recon Loss: 62.324, Cluster Loss: 10.021, Entropy Loss: -5.314
2019-02-13 15:57:22,463 [INFO]: #Epoch 233: Loss: 67.059, Recon Loss: 62.339, Cluster Loss: 10.035, Entropy Loss: -5.315
2019-02-13 15:57:24,245 [INFO]: #Epoch 234: Loss: 67.036, Recon Loss: 62.325, Cluster Loss: 10.040, Entropy Loss: -5.330
2019-02-13 15:57:26,046 [INFO]: #Epoch 235: Loss: 67.048, Recon Loss: 62.340, Cluster Loss: 10.036, Entropy Loss: -5.328
2019-02-13 15:57:27,862 [INFO]: #Epoch 236: Loss: 66.965, Recon Loss: 62.306, Cluster Loss: 10.037, Entropy Loss: -5.379
2019-02-13 15:57:29,686 [INFO]: #Epoch 237: Loss: 66.996, Recon Loss: 62.315, Cluster Loss: 10.048, Entropy Loss: -5.367
2019-02-13 15:57:31,487 [INFO]: #Epoch 238: Loss: 66.985, Recon Loss: 62.291, Cluster Loss: 10.038, Entropy Loss: -5.344
2019-02-13 15:57:33,308 [INFO]: #Epoch 239: Loss: 67.006, Recon Loss: 62.298, Cluster Loss: 10.038, Entropy Loss: -5.330
2019-02-13 15:57:35,102 [INFO]: #Epoch 240: Loss: 67.053, Recon Loss: 62.348, Cluster Loss: 10.030, Entropy Loss: -5.326
2019-02-13 15:57:35,180 [INFO]: acc: 0.85490, nmi: 0.79215
2019-02-13 15:57:37,024 [INFO]: #Epoch 241: Loss: 66.912, Recon Loss: 62.227, Cluster Loss: 10.018, Entropy Loss: -5.334
2019-02-13 15:57:38,852 [INFO]: #Epoch 242: Loss: 66.924, Recon Loss: 62.223, Cluster Loss: 10.039, Entropy Loss: -5.338
2019-02-13 15:57:40,647 [INFO]: #Epoch 243: Loss: 66.960, Recon Loss: 62.262, Cluster Loss: 10.031, Entropy Loss: -5.333
2019-02-13 15:57:42,458 [INFO]: #Epoch 244: Loss: 66.912, Recon Loss: 62.234, Cluster Loss: 10.037, Entropy Loss: -5.359
2019-02-13 15:57:44,412 [INFO]: #Epoch 245: Loss: 66.910, Recon Loss: 62.191, Cluster Loss: 10.048, Entropy Loss: -5.329
2019-02-13 15:57:46,315 [INFO]: #Epoch 246: Loss: 66.891, Recon Loss: 62.153, Cluster Loss: 10.045, Entropy Loss: -5.307
2019-02-13 15:57:48,096 [INFO]: #Epoch 247: Loss: 66.941, Recon Loss: 62.240, Cluster Loss: 10.040, Entropy Loss: -5.339
2019-02-13 15:57:49,886 [INFO]: #Epoch 248: Loss: 66.856, Recon Loss: 62.163, Cluster Loss: 10.045, Entropy Loss: -5.352
2019-02-13 15:57:51,711 [INFO]: #Epoch 249: Loss: 66.883, Recon Loss: 62.157, Cluster Loss: 10.045, Entropy Loss: -5.319
2019-02-13 15:57:53,614 [INFO]: #Epoch 250: Loss: 66.967, Recon Loss: 62.262, Cluster Loss: 10.025, Entropy Loss: -5.320
2019-02-13 15:57:53,690 [INFO]: acc: 0.85590, nmi: 0.79334
2019-02-13 15:57:55,514 [INFO]: #Epoch 251: Loss: 66.871, Recon Loss: 62.180, Cluster Loss: 10.041, Entropy Loss: -5.350
2019-02-13 15:57:57,317 [INFO]: #Epoch 252: Loss: 66.864, Recon Loss: 62.195, Cluster Loss: 10.031, Entropy Loss: -5.362
2019-02-13 15:57:59,087 [INFO]: #Epoch 253: Loss: 66.848, Recon Loss: 62.157, Cluster Loss: 10.042, Entropy Loss: -5.351
2019-02-13 15:58:00,875 [INFO]: #Epoch 254: Loss: 66.922, Recon Loss: 62.243, Cluster Loss: 10.036, Entropy Loss: -5.358
2019-02-13 15:58:02,625 [INFO]: #Epoch 255: Loss: 66.893, Recon Loss: 62.177, Cluster Loss: 10.040, Entropy Loss: -5.324
2019-02-13 15:58:04,410 [INFO]: #Epoch 256: Loss: 66.910, Recon Loss: 62.212, Cluster Loss: 10.046, Entropy Loss: -5.348
2019-02-13 15:58:06,221 [INFO]: #Epoch 257: Loss: 66.923, Recon Loss: 62.214, Cluster Loss: 10.043, Entropy Loss: -5.334
2019-02-13 15:58:07,988 [INFO]: #Epoch 258: Loss: 66.890, Recon Loss: 62.171, Cluster Loss: 10.024, Entropy Loss: -5.305
2019-02-13 15:58:09,817 [INFO]: #Epoch 259: Loss: 66.900, Recon Loss: 62.206, Cluster Loss: 10.031, Entropy Loss: -5.337
2019-02-13 15:58:11,639 [INFO]: #Epoch 260: Loss: 66.851, Recon Loss: 62.147, Cluster Loss: 10.027, Entropy Loss: -5.323
2019-02-13 15:58:11,712 [INFO]: acc: 0.85720, nmi: 0.79449
2019-02-13 15:58:13,487 [INFO]: #Epoch 261: Loss: 66.849, Recon Loss: 62.138, Cluster Loss: 10.050, Entropy Loss: -5.340
2019-02-13 15:58:15,310 [INFO]: #Epoch 262: Loss: 66.846, Recon Loss: 62.170, Cluster Loss: 10.027, Entropy Loss: -5.350
2019-02-13 15:58:17,214 [INFO]: #Epoch 263: Loss: 66.799, Recon Loss: 62.113, Cluster Loss: 10.043, Entropy Loss: -5.357
2019-02-13 15:58:18,990 [INFO]: #Epoch 264: Loss: 66.846, Recon Loss: 62.143, Cluster Loss: 10.043, Entropy Loss: -5.340
2019-02-13 15:58:20,815 [INFO]: #Epoch 265: Loss: 66.790, Recon Loss: 62.095, Cluster Loss: 10.036, Entropy Loss: -5.341
2019-02-13 15:58:22,748 [INFO]: #Epoch 266: Loss: 66.762, Recon Loss: 62.080, Cluster Loss: 10.031, Entropy Loss: -5.349
2019-02-13 15:58:24,672 [INFO]: #Epoch 267: Loss: 66.766, Recon Loss: 62.072, Cluster Loss: 10.036, Entropy Loss: -5.342
2019-02-13 15:58:26,467 [INFO]: #Epoch 268: Loss: 66.774, Recon Loss: 62.078, Cluster Loss: 10.022, Entropy Loss: -5.327
2019-02-13 15:58:28,255 [INFO]: #Epoch 269: Loss: 66.819, Recon Loss: 62.134, Cluster Loss: 10.044, Entropy Loss: -5.359
2019-02-13 15:58:30,053 [INFO]: #Epoch 270: Loss: 66.817, Recon Loss: 62.094, Cluster Loss: 10.030, Entropy Loss: -5.307
2019-02-13 15:58:30,127 [INFO]: acc: 0.85710, nmi: 0.79535
2019-02-13 15:58:31,883 [INFO]: #Epoch 271: Loss: 66.702, Recon Loss: 62.015, Cluster Loss: 10.038, Entropy Loss: -5.350
2019-02-13 15:58:33,684 [INFO]: #Epoch 272: Loss: 66.754, Recon Loss: 62.067, Cluster Loss: 10.045, Entropy Loss: -5.358
2019-02-13 15:58:35,462 [INFO]: #Epoch 273: Loss: 66.802, Recon Loss: 62.112, Cluster Loss: 10.023, Entropy Loss: -5.333
2019-02-13 15:58:37,251 [INFO]: #Epoch 274: Loss: 66.812, Recon Loss: 62.131, Cluster Loss: 10.033, Entropy Loss: -5.351
2019-02-13 15:58:39,035 [INFO]: #Epoch 275: Loss: 66.759, Recon Loss: 62.090, Cluster Loss: 10.036, Entropy Loss: -5.367
2019-02-13 15:58:40,813 [INFO]: #Epoch 276: Loss: 66.807, Recon Loss: 62.112, Cluster Loss: 10.054, Entropy Loss: -5.358
2019-02-13 15:58:42,576 [INFO]: #Epoch 277: Loss: 66.740, Recon Loss: 62.073, Cluster Loss: 10.027, Entropy Loss: -5.360
2019-02-13 15:58:44,369 [INFO]: #Epoch 278: Loss: 66.801, Recon Loss: 62.077, Cluster Loss: 10.046, Entropy Loss: -5.323
2019-02-13 15:58:46,171 [INFO]: #Epoch 279: Loss: 66.814, Recon Loss: 62.108, Cluster Loss: 10.044, Entropy Loss: -5.338
2019-02-13 15:58:48,028 [INFO]: #Epoch 280: Loss: 66.772, Recon Loss: 62.104, Cluster Loss: 10.034, Entropy Loss: -5.366
2019-02-13 15:58:48,104 [INFO]: acc: 0.86010, nmi: 0.80084
2019-02-13 15:58:49,996 [INFO]: #Epoch 281: Loss: 66.725, Recon Loss: 62.027, Cluster Loss: 10.026, Entropy Loss: -5.328
2019-02-13 15:58:51,837 [INFO]: #Epoch 282: Loss: 66.728, Recon Loss: 61.995, Cluster Loss: 10.037, Entropy Loss: -5.303
2019-02-13 15:58:53,633 [INFO]: #Epoch 283: Loss: 66.673, Recon Loss: 62.003, Cluster Loss: 10.036, Entropy Loss: -5.366
2019-02-13 15:58:55,423 [INFO]: #Epoch 284: Loss: 66.672, Recon Loss: 62.000, Cluster Loss: 10.025, Entropy Loss: -5.353
2019-02-13 15:58:57,211 [INFO]: #Epoch 285: Loss: 66.729, Recon Loss: 62.046, Cluster Loss: 10.039, Entropy Loss: -5.356
2019-02-13 15:58:59,009 [INFO]: #Epoch 286: Loss: 66.647, Recon Loss: 61.972, Cluster Loss: 10.035, Entropy Loss: -5.359
2019-02-13 15:59:00,817 [INFO]: #Epoch 287: Loss: 66.675, Recon Loss: 62.014, Cluster Loss: 10.035, Entropy Loss: -5.375
2019-02-13 15:59:02,615 [INFO]: #Epoch 288: Loss: 66.723, Recon Loss: 62.017, Cluster Loss: 10.035, Entropy Loss: -5.329
2019-02-13 15:59:04,448 [INFO]: #Epoch 289: Loss: 66.707, Recon Loss: 62.024, Cluster Loss: 10.034, Entropy Loss: -5.351
2019-02-13 15:59:06,279 [INFO]: #Epoch 290: Loss: 66.686, Recon Loss: 62.027, Cluster Loss: 10.035, Entropy Loss: -5.376
2019-02-13 15:59:06,351 [INFO]: acc: 0.85840, nmi: 0.79846
2019-02-13 15:59:08,150 [INFO]: #Epoch 291: Loss: 66.716, Recon Loss: 62.065, Cluster Loss: 10.025, Entropy Loss: -5.374
2019-02-13 15:59:09,917 [INFO]: #Epoch 292: Loss: 66.723, Recon Loss: 62.030, Cluster Loss: 10.022, Entropy Loss: -5.329
2019-02-13 15:59:11,792 [INFO]: #Epoch 293: Loss: 66.715, Recon Loss: 62.023, Cluster Loss: 10.038, Entropy Loss: -5.346
2019-02-13 15:59:13,585 [INFO]: #Epoch 294: Loss: 66.689, Recon Loss: 61.995, Cluster Loss: 10.048, Entropy Loss: -5.354
2019-02-13 15:59:15,374 [INFO]: #Epoch 295: Loss: 66.723, Recon Loss: 62.028, Cluster Loss: 10.027, Entropy Loss: -5.333
2019-02-13 15:59:17,170 [INFO]: #Epoch 296: Loss: 66.689, Recon Loss: 62.010, Cluster Loss: 10.032, Entropy Loss: -5.352
2019-02-13 15:59:19,081 [INFO]: #Epoch 297: Loss: 66.678, Recon Loss: 61.992, Cluster Loss: 10.030, Entropy Loss: -5.344
2019-02-13 15:59:20,903 [INFO]: #Epoch 298: Loss: 66.689, Recon Loss: 62.002, Cluster Loss: 10.022, Entropy Loss: -5.335
2019-02-13 15:59:22,733 [INFO]: #Epoch 299: Loss: 66.639, Recon Loss: 61.942, Cluster Loss: 10.049, Entropy Loss: -5.352
2019-02-13 15:59:24,510 [INFO]: #Epoch 300: Loss: 66.698, Recon Loss: 62.009, Cluster Loss: 10.027, Entropy Loss: -5.338
2019-02-13 15:59:24,585 [INFO]: acc: 0.85820, nmi: 0.79752
2019-02-13 15:59:26,390 [INFO]: #Epoch 301: Loss: 66.648, Recon Loss: 61.975, Cluster Loss: 10.039, Entropy Loss: -5.367
2019-02-13 15:59:28,188 [INFO]: #Epoch 302: Loss: 66.657, Recon Loss: 61.966, Cluster Loss: 10.025, Entropy Loss: -5.333
2019-02-13 15:59:29,972 [INFO]: #Epoch 303: Loss: 66.635, Recon Loss: 61.932, Cluster Loss: 10.026, Entropy Loss: -5.323
2019-02-13 15:59:31,755 [INFO]: #Epoch 304: Loss: 66.600, Recon Loss: 61.948, Cluster Loss: 10.041, Entropy Loss: -5.390
2019-02-13 15:59:33,540 [INFO]: #Epoch 305: Loss: 66.692, Recon Loss: 61.982, Cluster Loss: 10.037, Entropy Loss: -5.327
2019-02-13 15:59:35,319 [INFO]: #Epoch 306: Loss: 66.636, Recon Loss: 61.972, Cluster Loss: 10.044, Entropy Loss: -5.380
2019-02-13 15:59:37,148 [INFO]: #Epoch 307: Loss: 66.618, Recon Loss: 61.945, Cluster Loss: 10.029, Entropy Loss: -5.357
2019-02-13 15:59:38,965 [INFO]: #Epoch 308: Loss: 66.619, Recon Loss: 61.949, Cluster Loss: 10.035, Entropy Loss: -5.364
2019-02-13 15:59:40,711 [INFO]: #Epoch 309: Loss: 66.649, Recon Loss: 61.956, Cluster Loss: 10.028, Entropy Loss: -5.335
2019-02-13 15:59:42,508 [INFO]: #Epoch 310: Loss: 66.655, Recon Loss: 61.938, Cluster Loss: 10.038, Entropy Loss: -5.321
2019-02-13 15:59:42,584 [INFO]: acc: 0.85920, nmi: 0.79827
2019-02-13 15:59:44,396 [INFO]: #Epoch 311: Loss: 66.643, Recon Loss: 61.949, Cluster Loss: 10.040, Entropy Loss: -5.346
2019-02-13 15:59:46,169 [INFO]: #Epoch 312: Loss: 66.627, Recon Loss: 61.953, Cluster Loss: 10.041, Entropy Loss: -5.367
2019-02-13 15:59:47,968 [INFO]: #Epoch 313: Loss: 66.612, Recon Loss: 61.936, Cluster Loss: 10.041, Entropy Loss: -5.364
2019-02-13 15:59:49,767 [INFO]: #Epoch 314: Loss: 66.625, Recon Loss: 61.926, Cluster Loss: 10.029, Entropy Loss: -5.331
2019-02-13 15:59:51,548 [INFO]: #Epoch 315: Loss: 66.586, Recon Loss: 61.897, Cluster Loss: 10.045, Entropy Loss: -5.357
2019-02-13 15:59:53,317 [INFO]: #Epoch 316: Loss: 66.617, Recon Loss: 61.928, Cluster Loss: 10.038, Entropy Loss: -5.349
2019-02-13 15:59:55,132 [INFO]: #Epoch 317: Loss: 66.622, Recon Loss: 61.936, Cluster Loss: 10.024, Entropy Loss: -5.338
2019-02-13 15:59:56,932 [INFO]: #Epoch 318: Loss: 66.590, Recon Loss: 61.912, Cluster Loss: 10.029, Entropy Loss: -5.351
2019-02-13 15:59:58,740 [INFO]: #Epoch 319: Loss: 66.596, Recon Loss: 61.947, Cluster Loss: 10.040, Entropy Loss: -5.390
2019-02-13 16:00:00,518 [INFO]: #Epoch 320: Loss: 66.616, Recon Loss: 61.919, Cluster Loss: 10.025, Entropy Loss: -5.328
2019-02-13 16:00:00,592 [INFO]: acc: 0.85690, nmi: 0.79614
2019-02-13 16:00:02,395 [INFO]: #Epoch 321: Loss: 66.579, Recon Loss: 61.911, Cluster Loss: 10.025, Entropy Loss: -5.357
2019-02-13 16:00:04,227 [INFO]: #Epoch 322: Loss: 66.582, Recon Loss: 61.902, Cluster Loss: 10.034, Entropy Loss: -5.355
2019-02-13 16:00:06,005 [INFO]: #Epoch 323: Loss: 66.531, Recon Loss: 61.865, Cluster Loss: 10.041, Entropy Loss: -5.375
2019-02-13 16:00:07,802 [INFO]: #Epoch 324: Loss: 66.499, Recon Loss: 61.835, Cluster Loss: 10.037, Entropy Loss: -5.372
2019-02-13 16:00:09,583 [INFO]: #Epoch 325: Loss: 66.495, Recon Loss: 61.845, Cluster Loss: 10.026, Entropy Loss: -5.376
2019-02-13 16:00:11,355 [INFO]: #Epoch 326: Loss: 66.543, Recon Loss: 61.852, Cluster Loss: 10.038, Entropy Loss: -5.346
2019-02-13 16:00:13,191 [INFO]: #Epoch 327: Loss: 66.511, Recon Loss: 61.851, Cluster Loss: 10.027, Entropy Loss: -5.368
2019-02-13 16:00:15,009 [INFO]: #Epoch 328: Loss: 66.470, Recon Loss: 61.816, Cluster Loss: 10.041, Entropy Loss: -5.386
2019-02-13 16:00:16,809 [INFO]: #Epoch 329: Loss: 66.579, Recon Loss: 61.898, Cluster Loss: 10.032, Entropy Loss: -5.350
2019-02-13 16:00:18,587 [INFO]: #Epoch 330: Loss: 66.529, Recon Loss: 61.847, Cluster Loss: 10.038, Entropy Loss: -5.355
2019-02-13 16:00:18,662 [INFO]: acc: 0.85920, nmi: 0.79929
2019-02-13 16:00:20,435 [INFO]: #Epoch 331: Loss: 66.530, Recon Loss: 61.845, Cluster Loss: 10.023, Entropy Loss: -5.338
2019-02-13 16:00:22,220 [INFO]: #Epoch 332: Loss: 66.530, Recon Loss: 61.868, Cluster Loss: 10.006, Entropy Loss: -5.344
2019-02-13 16:00:24,005 [INFO]: #Epoch 333: Loss: 66.513, Recon Loss: 61.858, Cluster Loss: 10.034, Entropy Loss: -5.378
2019-02-13 16:00:25,790 [INFO]: #Epoch 334: Loss: 66.495, Recon Loss: 61.828, Cluster Loss: 10.031, Entropy Loss: -5.363
2019-02-13 16:00:27,541 [INFO]: #Epoch 335: Loss: 66.538, Recon Loss: 61.877, Cluster Loss: 10.026, Entropy Loss: -5.365
2019-02-13 16:00:29,325 [INFO]: #Epoch 336: Loss: 66.508, Recon Loss: 61.833, Cluster Loss: 10.036, Entropy Loss: -5.361
2019-02-13 16:00:31,170 [INFO]: #Epoch 337: Loss: 66.553, Recon Loss: 61.873, Cluster Loss: 10.027, Entropy Loss: -5.347
2019-02-13 16:00:32,987 [INFO]: #Epoch 338: Loss: 66.524, Recon Loss: 61.848, Cluster Loss: 10.027, Entropy Loss: -5.351
2019-02-13 16:00:34,784 [INFO]: #Epoch 339: Loss: 66.563, Recon Loss: 61.876, Cluster Loss: 10.037, Entropy Loss: -5.349
2019-02-13 16:00:36,588 [INFO]: #Epoch 340: Loss: 66.538, Recon Loss: 61.876, Cluster Loss: 10.028, Entropy Loss: -5.366
2019-02-13 16:00:36,661 [INFO]: acc: 0.86030, nmi: 0.80167
2019-02-13 16:00:38,483 [INFO]: #Epoch 341: Loss: 66.512, Recon Loss: 61.844, Cluster Loss: 10.019, Entropy Loss: -5.352
2019-02-13 16:00:40,303 [INFO]: #Epoch 342: Loss: 66.451, Recon Loss: 61.782, Cluster Loss: 10.035, Entropy Loss: -5.366
2019-02-13 16:00:42,154 [INFO]: #Epoch 343: Loss: 66.509, Recon Loss: 61.811, Cluster Loss: 10.035, Entropy Loss: -5.337
2019-02-13 16:00:44,022 [INFO]: #Epoch 344: Loss: 66.482, Recon Loss: 61.804, Cluster Loss: 10.038, Entropy Loss: -5.359
2019-02-13 16:00:45,807 [INFO]: #Epoch 345: Loss: 66.454, Recon Loss: 61.796, Cluster Loss: 10.022, Entropy Loss: -5.364
2019-02-13 16:00:47,599 [INFO]: #Epoch 346: Loss: 66.450, Recon Loss: 61.782, Cluster Loss: 10.024, Entropy Loss: -5.355
2019-02-13 16:00:49,392 [INFO]: #Epoch 347: Loss: 66.495, Recon Loss: 61.811, Cluster Loss: 10.037, Entropy Loss: -5.354
2019-02-13 16:00:51,191 [INFO]: #Epoch 348: Loss: 66.485, Recon Loss: 61.837, Cluster Loss: 10.022, Entropy Loss: -5.374
2019-02-13 16:00:52,992 [INFO]: #Epoch 349: Loss: 66.515, Recon Loss: 61.834, Cluster Loss: 10.043, Entropy Loss: -5.362
2019-02-13 16:00:54,800 [INFO]: #Epoch 350: Loss: 66.487, Recon Loss: 61.824, Cluster Loss: 10.008, Entropy Loss: -5.345
2019-02-13 16:00:54,882 [INFO]: acc: 0.85880, nmi: 0.79800
2019-02-13 16:00:56,752 [INFO]: #Epoch 351: Loss: 66.482, Recon Loss: 61.812, Cluster Loss: 10.029, Entropy Loss: -5.359
2019-02-13 16:00:58,561 [INFO]: #Epoch 352: Loss: 66.465, Recon Loss: 61.787, Cluster Loss: 10.025, Entropy Loss: -5.347
2019-02-13 16:01:00,382 [INFO]: #Epoch 353: Loss: 66.454, Recon Loss: 61.789, Cluster Loss: 10.033, Entropy Loss: -5.368
2019-02-13 16:01:02,140 [INFO]: #Epoch 354: Loss: 66.458, Recon Loss: 61.804, Cluster Loss: 10.029, Entropy Loss: -5.374
2019-02-13 16:01:03,959 [INFO]: #Epoch 355: Loss: 66.467, Recon Loss: 61.791, Cluster Loss: 10.032, Entropy Loss: -5.357
2019-02-13 16:01:05,754 [INFO]: #Epoch 356: Loss: 66.458, Recon Loss: 61.806, Cluster Loss: 10.040, Entropy Loss: -5.387
2019-02-13 16:01:07,561 [INFO]: #Epoch 357: Loss: 66.471, Recon Loss: 61.762, Cluster Loss: 10.024, Entropy Loss: -5.315
2019-02-13 16:01:09,354 [INFO]: #Epoch 358: Loss: 66.421, Recon Loss: 61.758, Cluster Loss: 10.030, Entropy Loss: -5.367
2019-02-13 16:01:11,145 [INFO]: #Epoch 359: Loss: 66.484, Recon Loss: 61.803, Cluster Loss: 10.031, Entropy Loss: -5.350
2019-02-13 16:01:12,935 [INFO]: #Epoch 360: Loss: 66.496, Recon Loss: 61.807, Cluster Loss: 10.035, Entropy Loss: -5.346
2019-02-13 16:01:13,007 [INFO]: acc: 0.86100, nmi: 0.80238
2019-02-13 16:01:14,788 [INFO]: #Epoch 361: Loss: 66.386, Recon Loss: 61.718, Cluster Loss: 10.046, Entropy Loss: -5.378
2019-02-13 16:01:16,555 [INFO]: #Epoch 362: Loss: 66.383, Recon Loss: 61.708, Cluster Loss: 10.026, Entropy Loss: -5.351
2019-02-13 16:01:18,365 [INFO]: #Epoch 363: Loss: 66.384, Recon Loss: 61.729, Cluster Loss: 10.043, Entropy Loss: -5.388
2019-02-13 16:01:20,156 [INFO]: #Epoch 364: Loss: 66.371, Recon Loss: 61.693, Cluster Loss: 10.039, Entropy Loss: -5.361
2019-02-13 16:01:21,923 [INFO]: #Epoch 365: Loss: 66.446, Recon Loss: 61.798, Cluster Loss: 10.021, Entropy Loss: -5.372
2019-02-13 16:01:23,701 [INFO]: #Epoch 366: Loss: 66.466, Recon Loss: 61.777, Cluster Loss: 10.038, Entropy Loss: -5.349
2019-02-13 16:01:25,481 [INFO]: #Epoch 367: Loss: 66.375, Recon Loss: 61.700, Cluster Loss: 10.028, Entropy Loss: -5.353
2019-02-13 16:01:27,298 [INFO]: #Epoch 368: Loss: 66.345, Recon Loss: 61.720, Cluster Loss: 10.027, Entropy Loss: -5.402
2019-02-13 16:01:29,113 [INFO]: #Epoch 369: Loss: 66.397, Recon Loss: 61.718, Cluster Loss: 10.028, Entropy Loss: -5.349
2019-02-13 16:01:30,970 [INFO]: #Epoch 370: Loss: 66.394, Recon Loss: 61.735, Cluster Loss: 10.035, Entropy Loss: -5.376
2019-02-13 16:01:31,047 [INFO]: acc: 0.86000, nmi: 0.80179
2019-02-13 16:01:32,850 [INFO]: #Epoch 371: Loss: 66.358, Recon Loss: 61.700, Cluster Loss: 10.024, Entropy Loss: -5.365
2019-02-13 16:01:34,655 [INFO]: #Epoch 372: Loss: 66.361, Recon Loss: 61.687, Cluster Loss: 10.027, Entropy Loss: -5.352
2019-02-13 16:01:36,439 [INFO]: #Epoch 373: Loss: 66.394, Recon Loss: 61.733, Cluster Loss: 10.034, Entropy Loss: -5.374
2019-02-13 16:01:38,257 [INFO]: #Epoch 374: Loss: 66.402, Recon Loss: 61.720, Cluster Loss: 10.037, Entropy Loss: -5.355
2019-02-13 16:01:40,106 [INFO]: #Epoch 375: Loss: 66.451, Recon Loss: 61.768, Cluster Loss: 10.030, Entropy Loss: -5.348
2019-02-13 16:01:41,893 [INFO]: #Epoch 376: Loss: 66.333, Recon Loss: 61.708, Cluster Loss: 10.016, Entropy Loss: -5.391
2019-02-13 16:01:43,657 [INFO]: #Epoch 377: Loss: 66.357, Recon Loss: 61.672, Cluster Loss: 10.037, Entropy Loss: -5.351
2019-02-13 16:01:45,435 [INFO]: #Epoch 378: Loss: 66.392, Recon Loss: 61.718, Cluster Loss: 10.024, Entropy Loss: -5.350
2019-02-13 16:01:47,232 [INFO]: #Epoch 379: Loss: 66.337, Recon Loss: 61.700, Cluster Loss: 10.041, Entropy Loss: -5.404
2019-02-13 16:01:49,009 [INFO]: #Epoch 380: Loss: 66.378, Recon Loss: 61.691, Cluster Loss: 10.031, Entropy Loss: -5.345
2019-02-13 16:01:49,083 [INFO]: acc: 0.86060, nmi: 0.80082
2019-02-13 16:01:50,889 [INFO]: #Epoch 381: Loss: 66.341, Recon Loss: 61.649, Cluster Loss: 10.032, Entropy Loss: -5.340
2019-02-13 16:01:52,657 [INFO]: #Epoch 382: Loss: 66.370, Recon Loss: 61.701, Cluster Loss: 10.023, Entropy Loss: -5.353
2019-02-13 16:01:54,443 [INFO]: #Epoch 383: Loss: 66.365, Recon Loss: 61.692, Cluster Loss: 10.024, Entropy Loss: -5.351
2019-02-13 16:01:56,258 [INFO]: #Epoch 384: Loss: 66.374, Recon Loss: 61.688, Cluster Loss: 10.031, Entropy Loss: -5.346
2019-02-13 16:01:58,039 [INFO]: #Epoch 385: Loss: 66.309, Recon Loss: 61.662, Cluster Loss: 10.040, Entropy Loss: -5.393
2019-02-13 16:01:59,863 [INFO]: #Epoch 386: Loss: 66.348, Recon Loss: 61.680, Cluster Loss: 10.020, Entropy Loss: -5.352
2019-02-13 16:02:01,674 [INFO]: #Epoch 387: Loss: 66.312, Recon Loss: 61.647, Cluster Loss: 10.030, Entropy Loss: -5.365
2019-02-13 16:02:03,465 [INFO]: #Epoch 388: Loss: 66.366, Recon Loss: 61.707, Cluster Loss: 10.019, Entropy Loss: -5.360
2019-02-13 16:02:05,332 [INFO]: #Epoch 389: Loss: 66.393, Recon Loss: 61.738, Cluster Loss: 10.016, Entropy Loss: -5.361
2019-02-13 16:02:07,161 [INFO]: #Epoch 390: Loss: 66.344, Recon Loss: 61.702, Cluster Loss: 10.016, Entropy Loss: -5.374
2019-02-13 16:02:07,234 [INFO]: acc: 0.85860, nmi: 0.79764
2019-02-13 16:02:09,023 [INFO]: #Epoch 391: Loss: 66.375, Recon Loss: 61.670, Cluster Loss: 10.039, Entropy Loss: -5.334
2019-02-13 16:02:10,806 [INFO]: #Epoch 392: Loss: 66.331, Recon Loss: 61.645, Cluster Loss: 10.033, Entropy Loss: -5.347
2019-02-13 16:02:12,542 [INFO]: #Epoch 393: Loss: 66.373, Recon Loss: 61.704, Cluster Loss: 10.019, Entropy Loss: -5.350
2019-02-13 16:02:14,316 [INFO]: #Epoch 394: Loss: 66.311, Recon Loss: 61.658, Cluster Loss: 10.016, Entropy Loss: -5.362
2019-02-13 16:02:16,122 [INFO]: #Epoch 395: Loss: 66.294, Recon Loss: 61.623, Cluster Loss: 10.026, Entropy Loss: -5.354
2019-02-13 16:02:17,921 [INFO]: #Epoch 396: Loss: 66.316, Recon Loss: 61.660, Cluster Loss: 10.026, Entropy Loss: -5.370
2019-02-13 16:02:19,690 [INFO]: #Epoch 397: Loss: 66.355, Recon Loss: 61.664, Cluster Loss: 10.036, Entropy Loss: -5.345
2019-02-13 16:02:21,450 [INFO]: #Epoch 398: Loss: 66.338, Recon Loss: 61.663, Cluster Loss: 10.041, Entropy Loss: -5.365
2019-02-13 16:02:23,209 [INFO]: #Epoch 399: Loss: 66.383, Recon Loss: 61.699, Cluster Loss: 10.025, Entropy Loss: -5.341
2019-02-13 16:02:25,006 [INFO]: #Epoch 400: Loss: 66.364, Recon Loss: 61.666, Cluster Loss: 10.040, Entropy Loss: -5.342
2019-02-13 16:02:25,077 [INFO]: acc: 0.86180, nmi: 0.80402
2019-02-13 16:02:26,921 [INFO]: #Epoch 401: Loss: 66.324, Recon Loss: 61.645, Cluster Loss: 10.029, Entropy Loss: -5.351
2019-02-13 16:02:28,750 [INFO]: #Epoch 402: Loss: 66.305, Recon Loss: 61.632, Cluster Loss: 10.036, Entropy Loss: -5.363
2019-02-13 16:02:30,545 [INFO]: #Epoch 403: Loss: 66.281, Recon Loss: 61.617, Cluster Loss: 10.021, Entropy Loss: -5.357
2019-02-13 16:02:32,317 [INFO]: #Epoch 404: Loss: 66.261, Recon Loss: 61.593, Cluster Loss: 10.027, Entropy Loss: -5.359
2019-02-13 16:02:34,138 [INFO]: #Epoch 405: Loss: 66.318, Recon Loss: 61.622, Cluster Loss: 10.038, Entropy Loss: -5.342
2019-02-13 16:02:35,903 [INFO]: #Epoch 406: Loss: 66.298, Recon Loss: 61.643, Cluster Loss: 10.029, Entropy Loss: -5.375
2019-02-13 16:02:37,682 [INFO]: #Epoch 407: Loss: 66.313, Recon Loss: 61.639, Cluster Loss: 10.019, Entropy Loss: -5.345
2019-02-13 16:02:39,450 [INFO]: #Epoch 408: Loss: 66.301, Recon Loss: 61.653, Cluster Loss: 10.019, Entropy Loss: -5.372
2019-02-13 16:02:41,293 [INFO]: #Epoch 409: Loss: 66.264, Recon Loss: 61.600, Cluster Loss: 10.020, Entropy Loss: -5.356
2019-02-13 16:02:43,091 [INFO]: #Epoch 410: Loss: 66.305, Recon Loss: 61.643, Cluster Loss: 10.032, Entropy Loss: -5.370
2019-02-13 16:02:43,165 [INFO]: acc: 0.86210, nmi: 0.80407
2019-02-13 16:02:44,976 [INFO]: #Epoch 411: Loss: 66.340, Recon Loss: 61.642, Cluster Loss: 10.034, Entropy Loss: -5.337
2019-02-13 16:02:46,755 [INFO]: #Epoch 412: Loss: 66.294, Recon Loss: 61.630, Cluster Loss: 10.036, Entropy Loss: -5.372
2019-02-13 16:02:48,536 [INFO]: #Epoch 413: Loss: 66.211, Recon Loss: 61.586, Cluster Loss: 10.038, Entropy Loss: -5.413
2019-02-13 16:02:50,309 [INFO]: #Epoch 414: Loss: 66.278, Recon Loss: 61.626, Cluster Loss: 10.025, Entropy Loss: -5.374
2019-02-13 16:02:52,134 [INFO]: #Epoch 415: Loss: 66.258, Recon Loss: 61.611, Cluster Loss: 10.016, Entropy Loss: -5.369
2019-02-13 16:02:53,921 [INFO]: #Epoch 416: Loss: 66.282, Recon Loss: 61.647, Cluster Loss: 10.023, Entropy Loss: -5.388
2019-02-13 16:02:55,745 [INFO]: #Epoch 417: Loss: 66.271, Recon Loss: 61.607, Cluster Loss: 10.030, Entropy Loss: -5.366
2019-02-13 16:02:57,555 [INFO]: #Epoch 418: Loss: 66.224, Recon Loss: 61.564, Cluster Loss: 10.031, Entropy Loss: -5.371
2019-02-13 16:02:59,351 [INFO]: #Epoch 419: Loss: 66.277, Recon Loss: 61.596, Cluster Loss: 10.035, Entropy Loss: -5.354
2019-02-13 16:03:01,139 [INFO]: #Epoch 420: Loss: 66.304, Recon Loss: 61.659, Cluster Loss: 10.029, Entropy Loss: -5.384
2019-02-13 16:03:01,215 [INFO]: acc: 0.85880, nmi: 0.79901
2019-02-13 16:03:03,055 [INFO]: #Epoch 421: Loss: 66.272, Recon Loss: 61.592, Cluster Loss: 10.030, Entropy Loss: -5.350
2019-02-13 16:03:04,831 [INFO]: #Epoch 422: Loss: 66.253, Recon Loss: 61.596, Cluster Loss: 10.015, Entropy Loss: -5.358
2019-02-13 16:03:06,605 [INFO]: #Epoch 423: Loss: 66.235, Recon Loss: 61.592, Cluster Loss: 10.035, Entropy Loss: -5.392
2019-02-13 16:03:08,450 [INFO]: #Epoch 424: Loss: 66.267, Recon Loss: 61.588, Cluster Loss: 10.035, Entropy Loss: -5.356
2019-02-13 16:03:10,207 [INFO]: #Epoch 425: Loss: 66.256, Recon Loss: 61.584, Cluster Loss: 10.034, Entropy Loss: -5.362
2019-02-13 16:03:11,977 [INFO]: #Epoch 426: Loss: 66.208, Recon Loss: 61.546, Cluster Loss: 10.033, Entropy Loss: -5.370
2019-02-13 16:03:13,804 [INFO]: #Epoch 427: Loss: 66.261, Recon Loss: 61.570, Cluster Loss: 10.035, Entropy Loss: -5.345
2019-02-13 16:03:15,590 [INFO]: #Epoch 428: Loss: 66.200, Recon Loss: 61.525, Cluster Loss: 10.036, Entropy Loss: -5.362
2019-02-13 16:03:17,376 [INFO]: #Epoch 429: Loss: 66.296, Recon Loss: 61.587, Cluster Loss: 10.025, Entropy Loss: -5.316
2019-02-13 16:03:19,166 [INFO]: #Epoch 430: Loss: 66.246, Recon Loss: 61.578, Cluster Loss: 10.029, Entropy Loss: -5.361
2019-02-13 16:03:19,240 [INFO]: acc: 0.85910, nmi: 0.80143
2019-02-13 16:03:20,993 [INFO]: #Epoch 431: Loss: 66.213, Recon Loss: 61.546, Cluster Loss: 10.030, Entropy Loss: -5.363
2019-02-13 16:03:22,815 [INFO]: #Epoch 432: Loss: 66.218, Recon Loss: 61.557, Cluster Loss: 10.036, Entropy Loss: -5.375
2019-02-13 16:03:24,599 [INFO]: #Epoch 433: Loss: 66.269, Recon Loss: 61.588, Cluster Loss: 10.030, Entropy Loss: -5.350
2019-02-13 16:03:26,398 [INFO]: #Epoch 434: Loss: 66.199, Recon Loss: 61.551, Cluster Loss: 10.016, Entropy Loss: -5.368
2019-02-13 16:03:28,217 [INFO]: #Epoch 435: Loss: 66.196, Recon Loss: 61.560, Cluster Loss: 10.020, Entropy Loss: -5.384
2019-02-13 16:03:30,009 [INFO]: #Epoch 436: Loss: 66.219, Recon Loss: 61.547, Cluster Loss: 10.020, Entropy Loss: -5.348
2019-02-13 16:03:31,786 [INFO]: #Epoch 437: Loss: 66.199, Recon Loss: 61.518, Cluster Loss: 10.040, Entropy Loss: -5.359
2019-02-13 16:03:33,690 [INFO]: #Epoch 438: Loss: 66.225, Recon Loss: 61.565, Cluster Loss: 10.018, Entropy Loss: -5.358
2019-02-13 16:03:35,485 [INFO]: #Epoch 439: Loss: 66.232, Recon Loss: 61.569, Cluster Loss: 10.020, Entropy Loss: -5.358
2019-02-13 16:03:37,313 [INFO]: #Epoch 440: Loss: 66.213, Recon Loss: 61.550, Cluster Loss: 10.029, Entropy Loss: -5.366
2019-02-13 16:03:37,386 [INFO]: acc: 0.86060, nmi: 0.80213
2019-02-13 16:03:39,196 [INFO]: #Epoch 441: Loss: 66.154, Recon Loss: 61.489, Cluster Loss: 10.034, Entropy Loss: -5.369
2019-02-13 16:03:40,977 [INFO]: #Epoch 442: Loss: 66.196, Recon Loss: 61.555, Cluster Loss: 10.014, Entropy Loss: -5.373
2019-02-13 16:03:42,757 [INFO]: #Epoch 443: Loss: 66.174, Recon Loss: 61.511, Cluster Loss: 10.032, Entropy Loss: -5.369
2019-02-13 16:03:44,558 [INFO]: #Epoch 444: Loss: 66.232, Recon Loss: 61.555, Cluster Loss: 10.030, Entropy Loss: -5.354
2019-02-13 16:03:46,339 [INFO]: #Epoch 445: Loss: 66.269, Recon Loss: 61.604, Cluster Loss: 10.023, Entropy Loss: -5.357
2019-02-13 16:03:48,123 [INFO]: #Epoch 446: Loss: 66.246, Recon Loss: 61.581, Cluster Loss: 10.028, Entropy Loss: -5.363
2019-02-13 16:03:49,933 [INFO]: #Epoch 447: Loss: 66.238, Recon Loss: 61.555, Cluster Loss: 10.031, Entropy Loss: -5.348
2019-02-13 16:03:51,733 [INFO]: #Epoch 448: Loss: 66.214, Recon Loss: 61.543, Cluster Loss: 10.026, Entropy Loss: -5.355
2019-02-13 16:03:53,514 [INFO]: #Epoch 449: Loss: 66.194, Recon Loss: 61.555, Cluster Loss: 10.018, Entropy Loss: -5.378
2019-02-13 16:03:55,290 [INFO]: #Epoch 450: Loss: 66.200, Recon Loss: 61.533, Cluster Loss: 10.017, Entropy Loss: -5.349
2019-02-13 16:03:55,363 [INFO]: acc: 0.86220, nmi: 0.80413
2019-02-13 16:03:57,128 [INFO]: #Epoch 451: Loss: 66.197, Recon Loss: 61.517, Cluster Loss: 10.015, Entropy Loss: -5.335
2019-02-13 16:03:58,927 [INFO]: #Epoch 452: Loss: 66.159, Recon Loss: 61.509, Cluster Loss: 10.027, Entropy Loss: -5.377
2019-02-13 16:04:00,730 [INFO]: #Epoch 453: Loss: 66.213, Recon Loss: 61.534, Cluster Loss: 10.029, Entropy Loss: -5.350
2019-02-13 16:04:02,585 [INFO]: #Epoch 454: Loss: 66.200, Recon Loss: 61.534, Cluster Loss: 10.028, Entropy Loss: -5.362
2019-02-13 16:04:04,370 [INFO]: #Epoch 455: Loss: 66.271, Recon Loss: 61.562, Cluster Loss: 10.025, Entropy Loss: -5.315
2019-02-13 16:04:06,164 [INFO]: #Epoch 456: Loss: 66.177, Recon Loss: 61.507, Cluster Loss: 10.014, Entropy Loss: -5.343
2019-02-13 16:04:08,049 [INFO]: #Epoch 457: Loss: 66.172, Recon Loss: 61.502, Cluster Loss: 10.016, Entropy Loss: -5.346
2019-02-13 16:04:10,062 [INFO]: #Epoch 458: Loss: 66.221, Recon Loss: 61.554, Cluster Loss: 10.029, Entropy Loss: -5.362
2019-02-13 16:04:11,882 [INFO]: #Epoch 459: Loss: 66.211, Recon Loss: 61.529, Cluster Loss: 10.035, Entropy Loss: -5.353
2019-02-13 16:04:13,691 [INFO]: #Epoch 460: Loss: 66.195, Recon Loss: 61.538, Cluster Loss: 10.026, Entropy Loss: -5.369
2019-02-13 16:04:13,767 [INFO]: acc: 0.86120, nmi: 0.80225
2019-02-13 16:04:15,614 [INFO]: #Epoch 461: Loss: 66.229, Recon Loss: 61.542, Cluster Loss: 10.008, Entropy Loss: -5.321
2019-02-13 16:04:17,439 [INFO]: #Epoch 462: Loss: 66.241, Recon Loss: 61.545, Cluster Loss: 10.011, Entropy Loss: -5.314
2019-02-13 16:04:19,245 [INFO]: #Epoch 463: Loss: 66.165, Recon Loss: 61.511, Cluster Loss: 10.013, Entropy Loss: -5.359
2019-02-13 16:04:21,054 [INFO]: #Epoch 464: Loss: 66.152, Recon Loss: 61.502, Cluster Loss: 10.024, Entropy Loss: -5.375
2019-02-13 16:04:22,890 [INFO]: #Epoch 465: Loss: 66.156, Recon Loss: 61.495, Cluster Loss: 10.030, Entropy Loss: -5.370
2019-02-13 16:04:24,714 [INFO]: #Epoch 466: Loss: 66.168, Recon Loss: 61.501, Cluster Loss: 10.029, Entropy Loss: -5.363
2019-02-13 16:04:26,507 [INFO]: #Epoch 467: Loss: 66.137, Recon Loss: 61.468, Cluster Loss: 10.020, Entropy Loss: -5.351
2019-02-13 16:04:28,288 [INFO]: #Epoch 468: Loss: 66.154, Recon Loss: 61.493, Cluster Loss: 10.035, Entropy Loss: -5.374
2019-02-13 16:04:30,090 [INFO]: #Epoch 469: Loss: 66.163, Recon Loss: 61.502, Cluster Loss: 10.031, Entropy Loss: -5.369
2019-02-13 16:04:31,838 [INFO]: #Epoch 470: Loss: 66.184, Recon Loss: 61.518, Cluster Loss: 10.033, Entropy Loss: -5.367
2019-02-13 16:04:31,912 [INFO]: acc: 0.86140, nmi: 0.80408
2019-02-13 16:04:33,701 [INFO]: #Epoch 471: Loss: 66.198, Recon Loss: 61.561, Cluster Loss: 10.010, Entropy Loss: -5.373
2019-02-13 16:04:35,480 [INFO]: #Epoch 472: Loss: 66.146, Recon Loss: 61.486, Cluster Loss: 10.012, Entropy Loss: -5.352
2019-02-13 16:04:37,270 [INFO]: #Epoch 473: Loss: 66.126, Recon Loss: 61.493, Cluster Loss: 10.022, Entropy Loss: -5.390
2019-02-13 16:04:39,056 [INFO]: #Epoch 474: Loss: 66.162, Recon Loss: 61.500, Cluster Loss: 10.022, Entropy Loss: -5.360
2019-02-13 16:04:40,839 [INFO]: #Epoch 475: Loss: 66.158, Recon Loss: 61.483, Cluster Loss: 10.031, Entropy Loss: -5.356
2019-02-13 16:04:42,621 [INFO]: #Epoch 476: Loss: 66.141, Recon Loss: 61.486, Cluster Loss: 10.019, Entropy Loss: -5.364
2019-02-13 16:04:44,399 [INFO]: #Epoch 477: Loss: 66.171, Recon Loss: 61.534, Cluster Loss: 10.021, Entropy Loss: -5.383
2019-02-13 16:04:46,204 [INFO]: #Epoch 478: Loss: 66.206, Recon Loss: 61.527, Cluster Loss: 10.027, Entropy Loss: -5.348
2019-02-13 16:04:47,984 [INFO]: #Epoch 479: Loss: 66.185, Recon Loss: 61.516, Cluster Loss: 10.032, Entropy Loss: -5.364
2019-02-13 16:04:49,761 [INFO]: #Epoch 480: Loss: 66.151, Recon Loss: 61.501, Cluster Loss: 10.014, Entropy Loss: -5.364
2019-02-13 16:04:49,834 [INFO]: acc: 0.86230, nmi: 0.80444
2019-02-13 16:04:51,622 [INFO]: #Epoch 481: Loss: 66.124, Recon Loss: 61.448, Cluster Loss: 10.027, Entropy Loss: -5.351
2019-02-13 16:04:53,414 [INFO]: #Epoch 482: Loss: 66.155, Recon Loss: 61.491, Cluster Loss: 10.026, Entropy Loss: -5.362
2019-02-13 16:04:55,199 [INFO]: #Epoch 483: Loss: 66.135, Recon Loss: 61.481, Cluster Loss: 10.022, Entropy Loss: -5.369
2019-02-13 16:04:56,987 [INFO]: #Epoch 484: Loss: 66.124, Recon Loss: 61.467, Cluster Loss: 10.026, Entropy Loss: -5.368
2019-02-13 16:04:58,757 [INFO]: #Epoch 485: Loss: 66.152, Recon Loss: 61.497, Cluster Loss: 10.017, Entropy Loss: -5.362
2019-02-13 16:05:00,528 [INFO]: #Epoch 486: Loss: 66.151, Recon Loss: 61.480, Cluster Loss: 10.033, Entropy Loss: -5.362
2019-02-13 16:05:02,326 [INFO]: #Epoch 487: Loss: 66.132, Recon Loss: 61.476, Cluster Loss: 10.030, Entropy Loss: -5.374
2019-02-13 16:05:04,123 [INFO]: #Epoch 488: Loss: 66.168, Recon Loss: 61.513, Cluster Loss: 10.025, Entropy Loss: -5.370
2019-02-13 16:05:05,908 [INFO]: #Epoch 489: Loss: 66.159, Recon Loss: 61.456, Cluster Loss: 10.015, Entropy Loss: -5.312
2019-02-13 16:05:07,697 [INFO]: #Epoch 490: Loss: 66.128, Recon Loss: 61.489, Cluster Loss: 10.021, Entropy Loss: -5.381
2019-02-13 16:05:07,777 [INFO]: acc: 0.86260, nmi: 0.80566
2019-02-13 16:05:09,591 [INFO]: #Epoch 491: Loss: 66.143, Recon Loss: 61.455, Cluster Loss: 10.029, Entropy Loss: -5.340
2019-02-13 16:05:11,374 [INFO]: #Epoch 492: Loss: 66.116, Recon Loss: 61.459, Cluster Loss: 10.034, Entropy Loss: -5.377
2019-02-13 16:05:13,167 [INFO]: #Epoch 493: Loss: 66.145, Recon Loss: 61.505, Cluster Loss: 10.019, Entropy Loss: -5.378
2019-02-13 16:05:14,969 [INFO]: #Epoch 494: Loss: 66.078, Recon Loss: 61.442, Cluster Loss: 10.020, Entropy Loss: -5.384
2019-02-13 16:05:16,760 [INFO]: #Epoch 495: Loss: 66.122, Recon Loss: 61.465, Cluster Loss: 10.026, Entropy Loss: -5.368
2019-02-13 16:05:18,522 [INFO]: #Epoch 496: Loss: 66.052, Recon Loss: 61.414, Cluster Loss: 10.020, Entropy Loss: -5.381
2019-02-13 16:05:20,287 [INFO]: #Epoch 497: Loss: 66.122, Recon Loss: 61.449, Cluster Loss: 10.018, Entropy Loss: -5.345
2019-02-13 16:05:22,073 [INFO]: #Epoch 498: Loss: 66.069, Recon Loss: 61.407, Cluster Loss: 10.022, Entropy Loss: -5.360
2019-02-13 16:05:23,908 [INFO]: #Epoch 499: Loss: 66.080, Recon Loss: 61.400, Cluster Loss: 10.021, Entropy Loss: -5.341
2019-02-13 16:05:25,717 [INFO]: #Epoch 500: Loss: 66.121, Recon Loss: 61.458, Cluster Loss: 10.018, Entropy Loss: -5.355
2019-02-13 16:05:25,794 [INFO]: acc: 0.86160, nmi: 0.80298
