2019-02-13 15:19:55,423 [INFO]: =====Initialize Gaussian Mixtures=======
2019-02-13 15:20:00,268 [INFO]: Averaged loglikelihood: -44.993679, n_iter: 4
2019-02-13 15:20:00,323 [INFO]: acc: 0.63162, nmi: 0.61900
2019-02-13 15:20:00,358 [INFO]: =====Finetuning=======
2019-02-13 15:20:02,137 [INFO]: #Epoch   1: Loss: 78.766, Recon Loss: 66.476, Cluster Loss: 14.296, Entropy Loss: -2.007
2019-02-13 15:20:03,906 [INFO]: #Epoch   2: Loss: 74.291, Recon Loss: 64.031, Cluster Loss: 11.342, Entropy Loss: -1.081
2019-02-13 15:20:05,731 [INFO]: #Epoch   3: Loss: 73.794, Recon Loss: 64.080, Cluster Loss: 10.759, Entropy Loss: -1.046
2019-02-13 15:20:07,558 [INFO]: #Epoch   4: Loss: 73.450, Recon Loss: 64.001, Cluster Loss: 10.509, Entropy Loss: -1.060
2019-02-13 15:20:09,363 [INFO]: #Epoch   5: Loss: 73.371, Recon Loss: 64.166, Cluster Loss: 10.367, Entropy Loss: -1.162
2019-02-13 15:20:11,161 [INFO]: #Epoch   6: Loss: 73.147, Recon Loss: 64.129, Cluster Loss: 10.300, Entropy Loss: -1.283
2019-02-13 15:20:12,975 [INFO]: #Epoch   7: Loss: 72.989, Recon Loss: 64.159, Cluster Loss: 10.247, Entropy Loss: -1.417
2019-02-13 15:20:14,825 [INFO]: #Epoch   8: Loss: 72.917, Recon Loss: 64.184, Cluster Loss: 10.227, Entropy Loss: -1.493
2019-02-13 15:20:16,624 [INFO]: #Epoch   9: Loss: 72.847, Recon Loss: 64.253, Cluster Loss: 10.206, Entropy Loss: -1.612
2019-02-13 15:20:18,408 [INFO]: #Epoch  10: Loss: 72.655, Recon Loss: 64.185, Cluster Loss: 10.189, Entropy Loss: -1.719
2019-02-13 15:20:18,485 [INFO]: acc: 0.65050, nmi: 0.65953
2019-02-13 15:20:20,265 [INFO]: #Epoch  11: Loss: 72.391, Recon Loss: 63.998, Cluster Loss: 10.169, Entropy Loss: -1.776
2019-02-13 15:20:22,080 [INFO]: #Epoch  12: Loss: 72.348, Recon Loss: 64.010, Cluster Loss: 10.160, Entropy Loss: -1.822
2019-02-13 15:20:23,861 [INFO]: #Epoch  13: Loss: 72.246, Recon Loss: 64.050, Cluster Loss: 10.151, Entropy Loss: -1.954
2019-02-13 15:20:25,720 [INFO]: #Epoch  14: Loss: 72.109, Recon Loss: 63.973, Cluster Loss: 10.143, Entropy Loss: -2.007
2019-02-13 15:20:27,493 [INFO]: #Epoch  15: Loss: 72.090, Recon Loss: 64.071, Cluster Loss: 10.143, Entropy Loss: -2.124
2019-02-13 15:20:29,303 [INFO]: #Epoch  16: Loss: 72.069, Recon Loss: 64.099, Cluster Loss: 10.145, Entropy Loss: -2.175
2019-02-13 15:20:31,090 [INFO]: #Epoch  17: Loss: 72.007, Recon Loss: 64.131, Cluster Loss: 10.143, Entropy Loss: -2.266
2019-02-13 15:20:32,874 [INFO]: #Epoch  18: Loss: 71.934, Recon Loss: 64.110, Cluster Loss: 10.138, Entropy Loss: -2.313
2019-02-13 15:20:34,645 [INFO]: #Epoch  19: Loss: 71.864, Recon Loss: 64.134, Cluster Loss: 10.127, Entropy Loss: -2.397
2019-02-13 15:20:36,454 [INFO]: #Epoch  20: Loss: 71.805, Recon Loss: 64.141, Cluster Loss: 10.125, Entropy Loss: -2.461
2019-02-13 15:20:36,530 [INFO]: acc: 0.66380, nmi: 0.67382
2019-02-13 15:20:38,310 [INFO]: #Epoch  21: Loss: 71.552, Recon Loss: 63.922, Cluster Loss: 10.129, Entropy Loss: -2.499
2019-02-13 15:20:40,148 [INFO]: #Epoch  22: Loss: 71.565, Recon Loss: 63.971, Cluster Loss: 10.126, Entropy Loss: -2.532
2019-02-13 15:20:41,921 [INFO]: #Epoch  23: Loss: 71.525, Recon Loss: 63.980, Cluster Loss: 10.121, Entropy Loss: -2.575
2019-02-13 15:20:43,730 [INFO]: #Epoch  24: Loss: 71.397, Recon Loss: 63.939, Cluster Loss: 10.131, Entropy Loss: -2.672
2019-02-13 15:20:45,576 [INFO]: #Epoch  25: Loss: 71.352, Recon Loss: 63.907, Cluster Loss: 10.114, Entropy Loss: -2.668
2019-02-13 15:20:47,334 [INFO]: #Epoch  26: Loss: 71.339, Recon Loss: 63.960, Cluster Loss: 10.107, Entropy Loss: -2.728
2019-02-13 15:20:49,122 [INFO]: #Epoch  27: Loss: 71.287, Recon Loss: 63.959, Cluster Loss: 10.136, Entropy Loss: -2.807
2019-02-13 15:20:50,917 [INFO]: #Epoch  28: Loss: 71.218, Recon Loss: 63.948, Cluster Loss: 10.114, Entropy Loss: -2.844
2019-02-13 15:20:52,704 [INFO]: #Epoch  29: Loss: 71.142, Recon Loss: 63.872, Cluster Loss: 10.116, Entropy Loss: -2.846
2019-02-13 15:20:54,516 [INFO]: #Epoch  30: Loss: 71.134, Recon Loss: 63.951, Cluster Loss: 10.113, Entropy Loss: -2.930
2019-02-13 15:20:54,591 [INFO]: acc: 0.67370, nmi: 0.68764
2019-02-13 15:20:56,417 [INFO]: #Epoch  31: Loss: 70.963, Recon Loss: 63.797, Cluster Loss: 10.118, Entropy Loss: -2.951
2019-02-13 15:20:58,175 [INFO]: #Epoch  32: Loss: 70.898, Recon Loss: 63.758, Cluster Loss: 10.126, Entropy Loss: -2.987
2019-02-13 15:20:59,960 [INFO]: #Epoch  33: Loss: 70.928, Recon Loss: 63.796, Cluster Loss: 10.130, Entropy Loss: -2.997
2019-02-13 15:21:01,749 [INFO]: #Epoch  34: Loss: 70.808, Recon Loss: 63.742, Cluster Loss: 10.112, Entropy Loss: -3.045
2019-02-13 15:21:03,548 [INFO]: #Epoch  35: Loss: 70.792, Recon Loss: 63.783, Cluster Loss: 10.109, Entropy Loss: -3.101
2019-02-13 15:21:05,399 [INFO]: #Epoch  36: Loss: 70.752, Recon Loss: 63.744, Cluster Loss: 10.119, Entropy Loss: -3.111
2019-02-13 15:21:07,240 [INFO]: #Epoch  37: Loss: 70.709, Recon Loss: 63.738, Cluster Loss: 10.100, Entropy Loss: -3.129
2019-02-13 15:21:09,109 [INFO]: #Epoch  38: Loss: 70.739, Recon Loss: 63.790, Cluster Loss: 10.089, Entropy Loss: -3.140
2019-02-13 15:21:10,915 [INFO]: #Epoch  39: Loss: 70.629, Recon Loss: 63.732, Cluster Loss: 10.116, Entropy Loss: -3.219
2019-02-13 15:21:12,732 [INFO]: #Epoch  40: Loss: 70.582, Recon Loss: 63.704, Cluster Loss: 10.115, Entropy Loss: -3.236
2019-02-13 15:21:12,806 [INFO]: acc: 0.68180, nmi: 0.69810
2019-02-13 15:21:14,648 [INFO]: #Epoch  41: Loss: 70.451, Recon Loss: 63.599, Cluster Loss: 10.102, Entropy Loss: -3.250
2019-02-13 15:21:16,445 [INFO]: #Epoch  42: Loss: 70.364, Recon Loss: 63.541, Cluster Loss: 10.110, Entropy Loss: -3.287
2019-02-13 15:21:18,252 [INFO]: #Epoch  43: Loss: 70.377, Recon Loss: 63.584, Cluster Loss: 10.100, Entropy Loss: -3.307
2019-02-13 15:21:20,043 [INFO]: #Epoch  44: Loss: 70.351, Recon Loss: 63.589, Cluster Loss: 10.107, Entropy Loss: -3.345
2019-02-13 15:21:21,908 [INFO]: #Epoch  45: Loss: 70.354, Recon Loss: 63.597, Cluster Loss: 10.105, Entropy Loss: -3.348
2019-02-13 15:21:23,785 [INFO]: #Epoch  46: Loss: 70.349, Recon Loss: 63.632, Cluster Loss: 10.096, Entropy Loss: -3.378
2019-02-13 15:21:25,595 [INFO]: #Epoch  47: Loss: 70.274, Recon Loss: 63.525, Cluster Loss: 10.113, Entropy Loss: -3.364
2019-02-13 15:21:27,522 [INFO]: #Epoch  48: Loss: 70.199, Recon Loss: 63.491, Cluster Loss: 10.098, Entropy Loss: -3.390
2019-02-13 15:21:29,346 [INFO]: #Epoch  49: Loss: 70.214, Recon Loss: 63.541, Cluster Loss: 10.103, Entropy Loss: -3.430
2019-02-13 15:21:31,143 [INFO]: #Epoch  50: Loss: 70.285, Recon Loss: 63.620, Cluster Loss: 10.089, Entropy Loss: -3.424
2019-02-13 15:21:31,219 [INFO]: acc: 0.68700, nmi: 0.70312
2019-02-13 15:21:33,018 [INFO]: #Epoch  51: Loss: 70.108, Recon Loss: 63.466, Cluster Loss: 10.086, Entropy Loss: -3.444
2019-02-13 15:21:34,799 [INFO]: #Epoch  52: Loss: 70.045, Recon Loss: 63.426, Cluster Loss: 10.087, Entropy Loss: -3.469
2019-02-13 15:21:36,572 [INFO]: #Epoch  53: Loss: 69.987, Recon Loss: 63.378, Cluster Loss: 10.109, Entropy Loss: -3.500
2019-02-13 15:21:38,399 [INFO]: #Epoch  54: Loss: 69.999, Recon Loss: 63.414, Cluster Loss: 10.096, Entropy Loss: -3.511
2019-02-13 15:21:40,194 [INFO]: #Epoch  55: Loss: 69.939, Recon Loss: 63.387, Cluster Loss: 10.086, Entropy Loss: -3.535
2019-02-13 15:21:41,981 [INFO]: #Epoch  56: Loss: 69.928, Recon Loss: 63.404, Cluster Loss: 10.089, Entropy Loss: -3.565
2019-02-13 15:21:43,782 [INFO]: #Epoch  57: Loss: 69.959, Recon Loss: 63.425, Cluster Loss: 10.094, Entropy Loss: -3.561
2019-02-13 15:21:45,572 [INFO]: #Epoch  58: Loss: 69.908, Recon Loss: 63.385, Cluster Loss: 10.103, Entropy Loss: -3.580
2019-02-13 15:21:47,360 [INFO]: #Epoch  59: Loss: 69.871, Recon Loss: 63.401, Cluster Loss: 10.073, Entropy Loss: -3.603
2019-02-13 15:21:49,162 [INFO]: #Epoch  60: Loss: 69.973, Recon Loss: 63.494, Cluster Loss: 10.087, Entropy Loss: -3.607
2019-02-13 15:21:49,235 [INFO]: acc: 0.68710, nmi: 0.70609
2019-02-13 15:21:51,026 [INFO]: #Epoch  61: Loss: 69.696, Recon Loss: 63.219, Cluster Loss: 10.103, Entropy Loss: -3.627
2019-02-13 15:21:52,802 [INFO]: #Epoch  62: Loss: 69.762, Recon Loss: 63.293, Cluster Loss: 10.097, Entropy Loss: -3.627
2019-02-13 15:21:54,601 [INFO]: #Epoch  63: Loss: 69.724, Recon Loss: 63.280, Cluster Loss: 10.077, Entropy Loss: -3.633
2019-02-13 15:21:56,372 [INFO]: #Epoch  64: Loss: 69.673, Recon Loss: 63.242, Cluster Loss: 10.092, Entropy Loss: -3.661
2019-02-13 15:21:58,169 [INFO]: #Epoch  65: Loss: 69.657, Recon Loss: 63.208, Cluster Loss: 10.097, Entropy Loss: -3.648
2019-02-13 15:21:59,959 [INFO]: #Epoch  66: Loss: 69.669, Recon Loss: 63.218, Cluster Loss: 10.092, Entropy Loss: -3.640
2019-02-13 15:22:01,743 [INFO]: #Epoch  67: Loss: 69.655, Recon Loss: 63.275, Cluster Loss: 10.083, Entropy Loss: -3.703
2019-02-13 15:22:03,528 [INFO]: #Epoch  68: Loss: 69.670, Recon Loss: 63.264, Cluster Loss: 10.086, Entropy Loss: -3.679
2019-02-13 15:22:05,333 [INFO]: #Epoch  69: Loss: 69.608, Recon Loss: 63.248, Cluster Loss: 10.105, Entropy Loss: -3.745
2019-02-13 15:22:07,100 [INFO]: #Epoch  70: Loss: 69.609, Recon Loss: 63.250, Cluster Loss: 10.092, Entropy Loss: -3.733
2019-02-13 15:22:07,173 [INFO]: acc: 0.69220, nmi: 0.71527
2019-02-13 15:22:08,933 [INFO]: #Epoch  71: Loss: 69.477, Recon Loss: 63.129, Cluster Loss: 10.091, Entropy Loss: -3.743
2019-02-13 15:22:10,725 [INFO]: #Epoch  72: Loss: 69.497, Recon Loss: 63.149, Cluster Loss: 10.090, Entropy Loss: -3.741
2019-02-13 15:22:12,515 [INFO]: #Epoch  73: Loss: 69.403, Recon Loss: 63.056, Cluster Loss: 10.097, Entropy Loss: -3.749
2019-02-13 15:22:14,323 [INFO]: #Epoch  74: Loss: 69.400, Recon Loss: 63.064, Cluster Loss: 10.094, Entropy Loss: -3.757
2019-02-13 15:22:16,103 [INFO]: #Epoch  75: Loss: 69.384, Recon Loss: 63.077, Cluster Loss: 10.078, Entropy Loss: -3.771
2019-02-13 15:22:17,909 [INFO]: #Epoch  76: Loss: 69.305, Recon Loss: 63.014, Cluster Loss: 10.079, Entropy Loss: -3.787
2019-02-13 15:22:19,852 [INFO]: #Epoch  77: Loss: 69.379, Recon Loss: 63.084, Cluster Loss: 10.084, Entropy Loss: -3.789
2019-02-13 15:22:21,701 [INFO]: #Epoch  78: Loss: 69.386, Recon Loss: 63.071, Cluster Loss: 10.090, Entropy Loss: -3.776
2019-02-13 15:22:23,470 [INFO]: #Epoch  79: Loss: 69.357, Recon Loss: 63.077, Cluster Loss: 10.080, Entropy Loss: -3.800
2019-02-13 15:22:25,312 [INFO]: #Epoch  80: Loss: 69.381, Recon Loss: 63.094, Cluster Loss: 10.071, Entropy Loss: -3.784
2019-02-13 15:22:25,404 [INFO]: acc: 0.69150, nmi: 0.71286
2019-02-13 15:22:27,207 [INFO]: #Epoch  81: Loss: 69.228, Recon Loss: 62.943, Cluster Loss: 10.085, Entropy Loss: -3.801
2019-02-13 15:22:28,981 [INFO]: #Epoch  82: Loss: 69.183, Recon Loss: 62.948, Cluster Loss: 10.084, Entropy Loss: -3.849
2019-02-13 15:22:30,805 [INFO]: #Epoch  83: Loss: 69.215, Recon Loss: 62.971, Cluster Loss: 10.066, Entropy Loss: -3.821
2019-02-13 15:22:32,601 [INFO]: #Epoch  84: Loss: 69.189, Recon Loss: 62.934, Cluster Loss: 10.086, Entropy Loss: -3.831
2019-02-13 15:22:34,387 [INFO]: #Epoch  85: Loss: 69.145, Recon Loss: 62.941, Cluster Loss: 10.090, Entropy Loss: -3.886
2019-02-13 15:22:36,201 [INFO]: #Epoch  86: Loss: 69.183, Recon Loss: 62.942, Cluster Loss: 10.083, Entropy Loss: -3.842
2019-02-13 15:22:37,999 [INFO]: #Epoch  87: Loss: 69.142, Recon Loss: 62.952, Cluster Loss: 10.083, Entropy Loss: -3.893
2019-02-13 15:22:39,853 [INFO]: #Epoch  88: Loss: 69.127, Recon Loss: 62.904, Cluster Loss: 10.073, Entropy Loss: -3.850
2019-02-13 15:22:41,653 [INFO]: #Epoch  89: Loss: 69.183, Recon Loss: 62.988, Cluster Loss: 10.093, Entropy Loss: -3.899
2019-02-13 15:22:43,505 [INFO]: #Epoch  90: Loss: 69.081, Recon Loss: 62.902, Cluster Loss: 10.074, Entropy Loss: -3.895
2019-02-13 15:22:43,586 [INFO]: acc: 0.69180, nmi: 0.71635
2019-02-13 15:22:45,432 [INFO]: #Epoch  91: Loss: 69.004, Recon Loss: 62.807, Cluster Loss: 10.083, Entropy Loss: -3.886
2019-02-13 15:22:47,279 [INFO]: #Epoch  92: Loss: 69.008, Recon Loss: 62.818, Cluster Loss: 10.089, Entropy Loss: -3.899
2019-02-13 15:22:49,120 [INFO]: #Epoch  93: Loss: 69.035, Recon Loss: 62.834, Cluster Loss: 10.096, Entropy Loss: -3.895
2019-02-13 15:22:50,934 [INFO]: #Epoch  94: Loss: 69.012, Recon Loss: 62.831, Cluster Loss: 10.074, Entropy Loss: -3.893
2019-02-13 15:22:52,764 [INFO]: #Epoch  95: Loss: 68.975, Recon Loss: 62.825, Cluster Loss: 10.072, Entropy Loss: -3.923
2019-02-13 15:22:54,575 [INFO]: #Epoch  96: Loss: 68.945, Recon Loss: 62.797, Cluster Loss: 10.070, Entropy Loss: -3.923
2019-02-13 15:22:56,348 [INFO]: #Epoch  97: Loss: 68.960, Recon Loss: 62.815, Cluster Loss: 10.065, Entropy Loss: -3.920
2019-02-13 15:22:58,158 [INFO]: #Epoch  98: Loss: 68.983, Recon Loss: 62.845, Cluster Loss: 10.077, Entropy Loss: -3.939
2019-02-13 15:23:00,036 [INFO]: #Epoch  99: Loss: 68.970, Recon Loss: 62.872, Cluster Loss: 10.076, Entropy Loss: -3.978
2019-02-13 15:23:01,868 [INFO]: #Epoch 100: Loss: 68.956, Recon Loss: 62.824, Cluster Loss: 10.071, Entropy Loss: -3.940
2019-02-13 15:23:01,942 [INFO]: acc: 0.69490, nmi: 0.71869
2019-02-13 15:23:03,772 [INFO]: #Epoch 101: Loss: 68.852, Recon Loss: 62.697, Cluster Loss: 10.084, Entropy Loss: -3.930
2019-02-13 15:23:05,562 [INFO]: #Epoch 102: Loss: 68.844, Recon Loss: 62.734, Cluster Loss: 10.088, Entropy Loss: -3.978
2019-02-13 15:23:07,334 [INFO]: #Epoch 103: Loss: 68.791, Recon Loss: 62.680, Cluster Loss: 10.077, Entropy Loss: -3.966
2019-02-13 15:23:09,129 [INFO]: #Epoch 104: Loss: 68.832, Recon Loss: 62.717, Cluster Loss: 10.072, Entropy Loss: -3.957
2019-02-13 15:23:10,918 [INFO]: #Epoch 105: Loss: 68.785, Recon Loss: 62.663, Cluster Loss: 10.073, Entropy Loss: -3.951
2019-02-13 15:23:12,773 [INFO]: #Epoch 106: Loss: 68.806, Recon Loss: 62.711, Cluster Loss: 10.088, Entropy Loss: -3.993
2019-02-13 15:23:14,616 [INFO]: #Epoch 107: Loss: 68.792, Recon Loss: 62.693, Cluster Loss: 10.070, Entropy Loss: -3.971
2019-02-13 15:23:16,414 [INFO]: #Epoch 108: Loss: 68.831, Recon Loss: 62.733, Cluster Loss: 10.055, Entropy Loss: -3.957
2019-02-13 15:23:18,196 [INFO]: #Epoch 109: Loss: 68.800, Recon Loss: 62.702, Cluster Loss: 10.079, Entropy Loss: -3.981
2019-02-13 15:23:20,000 [INFO]: #Epoch 110: Loss: 68.711, Recon Loss: 62.622, Cluster Loss: 10.076, Entropy Loss: -3.987
2019-02-13 15:23:20,073 [INFO]: acc: 0.69310, nmi: 0.71860
2019-02-13 15:23:21,946 [INFO]: #Epoch 111: Loss: 68.685, Recon Loss: 62.596, Cluster Loss: 10.068, Entropy Loss: -3.979
2019-02-13 15:23:23,830 [INFO]: #Epoch 112: Loss: 68.663, Recon Loss: 62.576, Cluster Loss: 10.082, Entropy Loss: -3.995
2019-02-13 15:23:25,641 [INFO]: #Epoch 113: Loss: 68.665, Recon Loss: 62.576, Cluster Loss: 10.085, Entropy Loss: -3.996
2019-02-13 15:23:27,497 [INFO]: #Epoch 114: Loss: 68.702, Recon Loss: 62.636, Cluster Loss: 10.070, Entropy Loss: -4.003
2019-02-13 15:23:29,304 [INFO]: #Epoch 115: Loss: 68.639, Recon Loss: 62.573, Cluster Loss: 10.059, Entropy Loss: -3.994
2019-02-13 15:23:31,106 [INFO]: #Epoch 116: Loss: 68.649, Recon Loss: 62.555, Cluster Loss: 10.082, Entropy Loss: -3.988
2019-02-13 15:23:33,074 [INFO]: #Epoch 117: Loss: 68.643, Recon Loss: 62.568, Cluster Loss: 10.085, Entropy Loss: -4.011
2019-02-13 15:23:34,964 [INFO]: #Epoch 118: Loss: 68.618, Recon Loss: 62.591, Cluster Loss: 10.067, Entropy Loss: -4.040
2019-02-13 15:23:36,740 [INFO]: #Epoch 119: Loss: 68.613, Recon Loss: 62.541, Cluster Loss: 10.078, Entropy Loss: -4.005
2019-02-13 15:23:38,565 [INFO]: #Epoch 120: Loss: 68.587, Recon Loss: 62.551, Cluster Loss: 10.064, Entropy Loss: -4.028
2019-02-13 15:23:38,640 [INFO]: acc: 0.69840, nmi: 0.72178
2019-02-13 15:23:40,493 [INFO]: #Epoch 121: Loss: 68.548, Recon Loss: 62.492, Cluster Loss: 10.078, Entropy Loss: -4.022
2019-02-13 15:23:42,380 [INFO]: #Epoch 122: Loss: 68.564, Recon Loss: 62.524, Cluster Loss: 10.086, Entropy Loss: -4.046
2019-02-13 15:23:44,215 [INFO]: #Epoch 123: Loss: 68.603, Recon Loss: 62.593, Cluster Loss: 10.067, Entropy Loss: -4.057
2019-02-13 15:23:46,062 [INFO]: #Epoch 124: Loss: 68.444, Recon Loss: 62.395, Cluster Loss: 10.076, Entropy Loss: -4.027
2019-02-13 15:23:47,943 [INFO]: #Epoch 125: Loss: 68.537, Recon Loss: 62.519, Cluster Loss: 10.044, Entropy Loss: -4.025
2019-02-13 15:23:49,773 [INFO]: #Epoch 126: Loss: 68.541, Recon Loss: 62.511, Cluster Loss: 10.071, Entropy Loss: -4.041
2019-02-13 15:23:51,582 [INFO]: #Epoch 127: Loss: 68.438, Recon Loss: 62.448, Cluster Loss: 10.051, Entropy Loss: -4.061
2019-02-13 15:23:53,392 [INFO]: #Epoch 128: Loss: 68.494, Recon Loss: 62.485, Cluster Loss: 10.069, Entropy Loss: -4.060
2019-02-13 15:23:55,167 [INFO]: #Epoch 129: Loss: 68.520, Recon Loss: 62.516, Cluster Loss: 10.059, Entropy Loss: -4.054
2019-02-13 15:23:56,969 [INFO]: #Epoch 130: Loss: 68.443, Recon Loss: 62.439, Cluster Loss: 10.091, Entropy Loss: -4.087
2019-02-13 15:23:57,043 [INFO]: acc: 0.70060, nmi: 0.72673
2019-02-13 15:23:58,865 [INFO]: #Epoch 131: Loss: 68.411, Recon Loss: 62.420, Cluster Loss: 10.059, Entropy Loss: -4.068
2019-02-13 15:24:00,667 [INFO]: #Epoch 132: Loss: 68.363, Recon Loss: 62.366, Cluster Loss: 10.082, Entropy Loss: -4.085
2019-02-13 15:24:02,471 [INFO]: #Epoch 133: Loss: 68.346, Recon Loss: 62.355, Cluster Loss: 10.073, Entropy Loss: -4.081
2019-02-13 15:24:04,261 [INFO]: #Epoch 134: Loss: 68.373, Recon Loss: 62.351, Cluster Loss: 10.074, Entropy Loss: -4.052
2019-02-13 15:24:06,023 [INFO]: #Epoch 135: Loss: 68.415, Recon Loss: 62.407, Cluster Loss: 10.065, Entropy Loss: -4.057
2019-02-13 15:24:07,855 [INFO]: #Epoch 136: Loss: 68.376, Recon Loss: 62.379, Cluster Loss: 10.056, Entropy Loss: -4.059
2019-02-13 15:24:09,640 [INFO]: #Epoch 137: Loss: 68.359, Recon Loss: 62.380, Cluster Loss: 10.085, Entropy Loss: -4.105
2019-02-13 15:24:11,453 [INFO]: #Epoch 138: Loss: 68.331, Recon Loss: 62.367, Cluster Loss: 10.067, Entropy Loss: -4.103
2019-02-13 15:24:13,250 [INFO]: #Epoch 139: Loss: 68.324, Recon Loss: 62.357, Cluster Loss: 10.065, Entropy Loss: -4.099
2019-02-13 15:24:15,046 [INFO]: #Epoch 140: Loss: 68.334, Recon Loss: 62.372, Cluster Loss: 10.066, Entropy Loss: -4.105
2019-02-13 15:24:15,122 [INFO]: acc: 0.69930, nmi: 0.72445
2019-02-13 15:24:16,968 [INFO]: #Epoch 141: Loss: 68.269, Recon Loss: 62.296, Cluster Loss: 10.072, Entropy Loss: -4.099
2019-02-13 15:24:18,764 [INFO]: #Epoch 142: Loss: 68.255, Recon Loss: 62.279, Cluster Loss: 10.077, Entropy Loss: -4.102
2019-02-13 15:24:20,623 [INFO]: #Epoch 143: Loss: 68.299, Recon Loss: 62.299, Cluster Loss: 10.067, Entropy Loss: -4.067
2019-02-13 15:24:22,434 [INFO]: #Epoch 144: Loss: 68.269, Recon Loss: 62.319, Cluster Loss: 10.062, Entropy Loss: -4.113
2019-02-13 15:24:24,233 [INFO]: #Epoch 145: Loss: 68.275, Recon Loss: 62.316, Cluster Loss: 10.046, Entropy Loss: -4.086
2019-02-13 15:24:26,078 [INFO]: #Epoch 146: Loss: 68.253, Recon Loss: 62.306, Cluster Loss: 10.057, Entropy Loss: -4.111
2019-02-13 15:24:27,866 [INFO]: #Epoch 147: Loss: 68.234, Recon Loss: 62.279, Cluster Loss: 10.067, Entropy Loss: -4.112
2019-02-13 15:24:29,682 [INFO]: #Epoch 148: Loss: 68.279, Recon Loss: 62.327, Cluster Loss: 10.058, Entropy Loss: -4.106
2019-02-13 15:24:31,462 [INFO]: #Epoch 149: Loss: 68.228, Recon Loss: 62.300, Cluster Loss: 10.063, Entropy Loss: -4.136
2019-02-13 15:24:33,274 [INFO]: #Epoch 150: Loss: 68.246, Recon Loss: 62.309, Cluster Loss: 10.067, Entropy Loss: -4.130
2019-02-13 15:24:33,348 [INFO]: acc: 0.70100, nmi: 0.72718
2019-02-13 15:24:35,163 [INFO]: #Epoch 151: Loss: 68.146, Recon Loss: 62.227, Cluster Loss: 10.062, Entropy Loss: -4.144
2019-02-13 15:24:37,001 [INFO]: #Epoch 152: Loss: 68.170, Recon Loss: 62.232, Cluster Loss: 10.056, Entropy Loss: -4.119
2019-02-13 15:24:38,796 [INFO]: #Epoch 153: Loss: 68.142, Recon Loss: 62.212, Cluster Loss: 10.062, Entropy Loss: -4.132
2019-02-13 15:24:40,612 [INFO]: #Epoch 154: Loss: 68.185, Recon Loss: 62.252, Cluster Loss: 10.046, Entropy Loss: -4.112
2019-02-13 15:24:42,420 [INFO]: #Epoch 155: Loss: 68.138, Recon Loss: 62.241, Cluster Loss: 10.064, Entropy Loss: -4.168
2019-02-13 15:24:44,279 [INFO]: #Epoch 156: Loss: 68.148, Recon Loss: 62.228, Cluster Loss: 10.065, Entropy Loss: -4.145
2019-02-13 15:24:46,120 [INFO]: #Epoch 157: Loss: 68.115, Recon Loss: 62.209, Cluster Loss: 10.066, Entropy Loss: -4.160
2019-02-13 15:24:47,960 [INFO]: #Epoch 158: Loss: 68.144, Recon Loss: 62.230, Cluster Loss: 10.061, Entropy Loss: -4.147
2019-02-13 15:24:49,798 [INFO]: #Epoch 159: Loss: 68.096, Recon Loss: 62.194, Cluster Loss: 10.068, Entropy Loss: -4.167
2019-02-13 15:24:51,622 [INFO]: #Epoch 160: Loss: 68.121, Recon Loss: 62.212, Cluster Loss: 10.045, Entropy Loss: -4.136
2019-02-13 15:24:51,702 [INFO]: acc: 0.70310, nmi: 0.72773
2019-02-13 15:24:53,494 [INFO]: #Epoch 161: Loss: 68.064, Recon Loss: 62.157, Cluster Loss: 10.053, Entropy Loss: -4.146
2019-02-13 15:24:55,269 [INFO]: #Epoch 162: Loss: 68.108, Recon Loss: 62.188, Cluster Loss: 10.064, Entropy Loss: -4.145
2019-02-13 15:24:57,071 [INFO]: #Epoch 163: Loss: 68.086, Recon Loss: 62.154, Cluster Loss: 10.053, Entropy Loss: -4.121
2019-02-13 15:24:58,955 [INFO]: #Epoch 164: Loss: 68.080, Recon Loss: 62.163, Cluster Loss: 10.069, Entropy Loss: -4.151
2019-02-13 15:25:00,745 [INFO]: #Epoch 165: Loss: 68.008, Recon Loss: 62.097, Cluster Loss: 10.067, Entropy Loss: -4.156
2019-02-13 15:25:02,545 [INFO]: #Epoch 166: Loss: 68.062, Recon Loss: 62.146, Cluster Loss: 10.072, Entropy Loss: -4.156
2019-02-13 15:25:04,357 [INFO]: #Epoch 167: Loss: 68.059, Recon Loss: 62.147, Cluster Loss: 10.066, Entropy Loss: -4.154
2019-02-13 15:25:06,144 [INFO]: #Epoch 168: Loss: 68.066, Recon Loss: 62.160, Cluster Loss: 10.051, Entropy Loss: -4.144
2019-02-13 15:25:07,956 [INFO]: #Epoch 169: Loss: 68.077, Recon Loss: 62.190, Cluster Loss: 10.044, Entropy Loss: -4.157
2019-02-13 15:25:09,868 [INFO]: #Epoch 170: Loss: 68.014, Recon Loss: 62.131, Cluster Loss: 10.050, Entropy Loss: -4.167
2019-02-13 15:25:09,945 [INFO]: acc: 0.70330, nmi: 0.73024
2019-02-13 15:25:11,787 [INFO]: #Epoch 171: Loss: 68.014, Recon Loss: 62.127, Cluster Loss: 10.060, Entropy Loss: -4.173
2019-02-13 15:25:13,597 [INFO]: #Epoch 172: Loss: 67.998, Recon Loss: 62.111, Cluster Loss: 10.076, Entropy Loss: -4.189
2019-02-13 15:25:15,384 [INFO]: #Epoch 173: Loss: 67.946, Recon Loss: 62.040, Cluster Loss: 10.048, Entropy Loss: -4.142
2019-02-13 15:25:17,193 [INFO]: #Epoch 174: Loss: 68.024, Recon Loss: 62.122, Cluster Loss: 10.049, Entropy Loss: -4.147
2019-02-13 15:25:18,982 [INFO]: #Epoch 175: Loss: 67.920, Recon Loss: 62.003, Cluster Loss: 10.063, Entropy Loss: -4.146
2019-02-13 15:25:20,794 [INFO]: #Epoch 176: Loss: 67.997, Recon Loss: 62.109, Cluster Loss: 10.062, Entropy Loss: -4.174
2019-02-13 15:25:22,652 [INFO]: #Epoch 177: Loss: 67.983, Recon Loss: 62.142, Cluster Loss: 10.049, Entropy Loss: -4.209
2019-02-13 15:25:24,488 [INFO]: #Epoch 178: Loss: 67.980, Recon Loss: 62.086, Cluster Loss: 10.048, Entropy Loss: -4.155
2019-02-13 15:25:26,308 [INFO]: #Epoch 179: Loss: 67.953, Recon Loss: 62.085, Cluster Loss: 10.073, Entropy Loss: -4.204
2019-02-13 15:25:28,093 [INFO]: #Epoch 180: Loss: 67.914, Recon Loss: 62.042, Cluster Loss: 10.068, Entropy Loss: -4.195
2019-02-13 15:25:28,167 [INFO]: acc: 0.70370, nmi: 0.72925
2019-02-13 15:25:30,011 [INFO]: #Epoch 181: Loss: 67.884, Recon Loss: 62.029, Cluster Loss: 10.050, Entropy Loss: -4.194
2019-02-13 15:25:31,819 [INFO]: #Epoch 182: Loss: 67.872, Recon Loss: 62.016, Cluster Loss: 10.067, Entropy Loss: -4.211
2019-02-13 15:25:33,631 [INFO]: #Epoch 183: Loss: 67.874, Recon Loss: 61.990, Cluster Loss: 10.062, Entropy Loss: -4.178
2019-02-13 15:25:35,430 [INFO]: #Epoch 184: Loss: 67.861, Recon Loss: 61.981, Cluster Loss: 10.064, Entropy Loss: -4.183
2019-02-13 15:25:37,267 [INFO]: #Epoch 185: Loss: 67.886, Recon Loss: 62.009, Cluster Loss: 10.059, Entropy Loss: -4.182
2019-02-13 15:25:39,076 [INFO]: #Epoch 186: Loss: 67.932, Recon Loss: 62.060, Cluster Loss: 10.050, Entropy Loss: -4.178
2019-02-13 15:25:40,863 [INFO]: #Epoch 187: Loss: 67.881, Recon Loss: 62.008, Cluster Loss: 10.054, Entropy Loss: -4.181
2019-02-13 15:25:42,701 [INFO]: #Epoch 188: Loss: 67.913, Recon Loss: 62.052, Cluster Loss: 10.061, Entropy Loss: -4.200
2019-02-13 15:25:44,484 [INFO]: #Epoch 189: Loss: 67.891, Recon Loss: 62.033, Cluster Loss: 10.050, Entropy Loss: -4.191
2019-02-13 15:25:46,360 [INFO]: #Epoch 190: Loss: 67.876, Recon Loss: 61.994, Cluster Loss: 10.047, Entropy Loss: -4.166
2019-02-13 15:25:46,451 [INFO]: acc: 0.70480, nmi: 0.73062
2019-02-13 15:25:48,285 [INFO]: #Epoch 191: Loss: 67.851, Recon Loss: 61.986, Cluster Loss: 10.058, Entropy Loss: -4.193
2019-02-13 15:25:50,082 [INFO]: #Epoch 192: Loss: 67.839, Recon Loss: 61.983, Cluster Loss: 10.056, Entropy Loss: -4.199
2019-02-13 15:25:51,855 [INFO]: #Epoch 193: Loss: 67.848, Recon Loss: 61.960, Cluster Loss: 10.062, Entropy Loss: -4.175
2019-02-13 15:25:53,678 [INFO]: #Epoch 194: Loss: 67.861, Recon Loss: 61.987, Cluster Loss: 10.054, Entropy Loss: -4.179
2019-02-13 15:25:55,492 [INFO]: #Epoch 195: Loss: 67.796, Recon Loss: 61.918, Cluster Loss: 10.047, Entropy Loss: -4.169
2019-02-13 15:25:57,338 [INFO]: #Epoch 196: Loss: 67.803, Recon Loss: 61.938, Cluster Loss: 10.045, Entropy Loss: -4.180
2019-02-13 15:25:59,322 [INFO]: #Epoch 197: Loss: 67.834, Recon Loss: 61.982, Cluster Loss: 10.058, Entropy Loss: -4.207
2019-02-13 15:26:01,196 [INFO]: #Epoch 198: Loss: 67.813, Recon Loss: 61.974, Cluster Loss: 10.056, Entropy Loss: -4.218
2019-02-13 15:26:02,995 [INFO]: #Epoch 199: Loss: 67.780, Recon Loss: 61.920, Cluster Loss: 10.066, Entropy Loss: -4.206
2019-02-13 15:26:04,774 [INFO]: #Epoch 200: Loss: 67.798, Recon Loss: 61.940, Cluster Loss: 10.048, Entropy Loss: -4.191
2019-02-13 15:26:04,848 [INFO]: acc: 0.70630, nmi: 0.73295
2019-02-13 15:26:06,654 [INFO]: #Epoch 201: Loss: 67.798, Recon Loss: 61.965, Cluster Loss: 10.039, Entropy Loss: -4.207
2019-02-13 15:26:08,441 [INFO]: #Epoch 202: Loss: 67.762, Recon Loss: 61.875, Cluster Loss: 10.052, Entropy Loss: -4.164
2019-02-13 15:26:10,267 [INFO]: #Epoch 203: Loss: 67.786, Recon Loss: 61.927, Cluster Loss: 10.053, Entropy Loss: -4.194
2019-02-13 15:26:12,086 [INFO]: #Epoch 204: Loss: 67.792, Recon Loss: 61.919, Cluster Loss: 10.069, Entropy Loss: -4.196
2019-02-13 15:26:13,891 [INFO]: #Epoch 205: Loss: 67.798, Recon Loss: 61.947, Cluster Loss: 10.041, Entropy Loss: -4.190
2019-02-13 15:26:15,661 [INFO]: #Epoch 206: Loss: 67.764, Recon Loss: 61.933, Cluster Loss: 10.054, Entropy Loss: -4.224
2019-02-13 15:26:17,490 [INFO]: #Epoch 207: Loss: 67.678, Recon Loss: 61.878, Cluster Loss: 10.039, Entropy Loss: -4.239
2019-02-13 15:26:19,319 [INFO]: #Epoch 208: Loss: 67.743, Recon Loss: 61.908, Cluster Loss: 10.065, Entropy Loss: -4.230
2019-02-13 15:26:21,137 [INFO]: #Epoch 209: Loss: 67.785, Recon Loss: 61.933, Cluster Loss: 10.056, Entropy Loss: -4.205
2019-02-13 15:26:23,018 [INFO]: #Epoch 210: Loss: 67.786, Recon Loss: 61.958, Cluster Loss: 10.038, Entropy Loss: -4.210
2019-02-13 15:26:23,092 [INFO]: acc: 0.70570, nmi: 0.73187
2019-02-13 15:26:24,955 [INFO]: #Epoch 211: Loss: 67.656, Recon Loss: 61.837, Cluster Loss: 10.056, Entropy Loss: -4.238
2019-02-13 15:26:26,752 [INFO]: #Epoch 212: Loss: 67.702, Recon Loss: 61.860, Cluster Loss: 10.057, Entropy Loss: -4.215
2019-02-13 15:26:28,572 [INFO]: #Epoch 213: Loss: 67.689, Recon Loss: 61.842, Cluster Loss: 10.035, Entropy Loss: -4.189
2019-02-13 15:26:30,408 [INFO]: #Epoch 214: Loss: 67.735, Recon Loss: 61.881, Cluster Loss: 10.057, Entropy Loss: -4.203
2019-02-13 15:26:32,209 [INFO]: #Epoch 215: Loss: 67.747, Recon Loss: 61.940, Cluster Loss: 10.052, Entropy Loss: -4.244
2019-02-13 15:26:34,033 [INFO]: #Epoch 216: Loss: 67.758, Recon Loss: 61.901, Cluster Loss: 10.052, Entropy Loss: -4.195
2019-02-13 15:26:35,946 [INFO]: #Epoch 217: Loss: 67.719, Recon Loss: 61.860, Cluster Loss: 10.044, Entropy Loss: -4.185
2019-02-13 15:26:37,809 [INFO]: #Epoch 218: Loss: 67.727, Recon Loss: 61.902, Cluster Loss: 10.045, Entropy Loss: -4.220
2019-02-13 15:26:39,594 [INFO]: #Epoch 219: Loss: 67.718, Recon Loss: 61.886, Cluster Loss: 10.048, Entropy Loss: -4.216
2019-02-13 15:26:41,429 [INFO]: #Epoch 220: Loss: 67.665, Recon Loss: 61.829, Cluster Loss: 10.054, Entropy Loss: -4.218
2019-02-13 15:26:41,504 [INFO]: acc: 0.70790, nmi: 0.73295
2019-02-13 15:26:43,333 [INFO]: #Epoch 221: Loss: 67.709, Recon Loss: 61.841, Cluster Loss: 10.055, Entropy Loss: -4.186
2019-02-13 15:26:45,174 [INFO]: #Epoch 222: Loss: 67.732, Recon Loss: 61.892, Cluster Loss: 10.049, Entropy Loss: -4.210
2019-02-13 15:26:46,981 [INFO]: #Epoch 223: Loss: 67.664, Recon Loss: 61.867, Cluster Loss: 10.047, Entropy Loss: -4.249
2019-02-13 15:26:48,783 [INFO]: #Epoch 224: Loss: 67.657, Recon Loss: 61.835, Cluster Loss: 10.047, Entropy Loss: -4.224
2019-02-13 15:26:50,618 [INFO]: #Epoch 225: Loss: 67.647, Recon Loss: 61.842, Cluster Loss: 10.054, Entropy Loss: -4.249
2019-02-13 15:26:52,439 [INFO]: #Epoch 226: Loss: 67.664, Recon Loss: 61.861, Cluster Loss: 10.056, Entropy Loss: -4.254
2019-02-13 15:26:54,265 [INFO]: #Epoch 227: Loss: 67.617, Recon Loss: 61.783, Cluster Loss: 10.056, Entropy Loss: -4.221
2019-02-13 15:26:56,048 [INFO]: #Epoch 228: Loss: 67.624, Recon Loss: 61.799, Cluster Loss: 10.058, Entropy Loss: -4.233
2019-02-13 15:26:57,869 [INFO]: #Epoch 229: Loss: 67.671, Recon Loss: 61.861, Cluster Loss: 10.038, Entropy Loss: -4.228
2019-02-13 15:26:59,650 [INFO]: #Epoch 230: Loss: 67.695, Recon Loss: 61.883, Cluster Loss: 10.038, Entropy Loss: -4.226
2019-02-13 15:26:59,723 [INFO]: acc: 0.70620, nmi: 0.73103
2019-02-13 15:27:01,522 [INFO]: #Epoch 231: Loss: 67.648, Recon Loss: 61.825, Cluster Loss: 10.061, Entropy Loss: -4.238
2019-02-13 15:27:03,352 [INFO]: #Epoch 232: Loss: 67.620, Recon Loss: 61.810, Cluster Loss: 10.054, Entropy Loss: -4.244
2019-02-13 15:27:05,204 [INFO]: #Epoch 233: Loss: 67.649, Recon Loss: 61.830, Cluster Loss: 10.041, Entropy Loss: -4.222
2019-02-13 15:27:06,980 [INFO]: #Epoch 234: Loss: 67.619, Recon Loss: 61.798, Cluster Loss: 10.033, Entropy Loss: -4.212
2019-02-13 15:27:08,819 [INFO]: #Epoch 235: Loss: 67.589, Recon Loss: 61.788, Cluster Loss: 10.044, Entropy Loss: -4.243
2019-02-13 15:27:10,600 [INFO]: #Epoch 236: Loss: 67.629, Recon Loss: 61.827, Cluster Loss: 10.048, Entropy Loss: -4.246
2019-02-13 15:27:12,414 [INFO]: #Epoch 237: Loss: 67.652, Recon Loss: 61.809, Cluster Loss: 10.049, Entropy Loss: -4.206
2019-02-13 15:27:14,192 [INFO]: #Epoch 238: Loss: 67.568, Recon Loss: 61.738, Cluster Loss: 10.055, Entropy Loss: -4.226
2019-02-13 15:27:15,979 [INFO]: #Epoch 239: Loss: 67.642, Recon Loss: 61.819, Cluster Loss: 10.051, Entropy Loss: -4.228
2019-02-13 15:27:17,786 [INFO]: #Epoch 240: Loss: 67.577, Recon Loss: 61.745, Cluster Loss: 10.067, Entropy Loss: -4.235
2019-02-13 15:27:17,861 [INFO]: acc: 0.70700, nmi: 0.73193
2019-02-13 15:27:19,659 [INFO]: #Epoch 241: Loss: 67.586, Recon Loss: 61.764, Cluster Loss: 10.051, Entropy Loss: -4.229
2019-02-13 15:27:21,497 [INFO]: #Epoch 242: Loss: 67.600, Recon Loss: 61.785, Cluster Loss: 10.049, Entropy Loss: -4.233
2019-02-13 15:27:23,360 [INFO]: #Epoch 243: Loss: 67.557, Recon Loss: 61.748, Cluster Loss: 10.047, Entropy Loss: -4.238
2019-02-13 15:27:25,175 [INFO]: #Epoch 244: Loss: 67.537, Recon Loss: 61.717, Cluster Loss: 10.056, Entropy Loss: -4.236
2019-02-13 15:27:26,945 [INFO]: #Epoch 245: Loss: 67.551, Recon Loss: 61.745, Cluster Loss: 10.051, Entropy Loss: -4.245
2019-02-13 15:27:28,744 [INFO]: #Epoch 246: Loss: 67.569, Recon Loss: 61.778, Cluster Loss: 10.045, Entropy Loss: -4.253
2019-02-13 15:27:30,539 [INFO]: #Epoch 247: Loss: 67.557, Recon Loss: 61.780, Cluster Loss: 10.037, Entropy Loss: -4.260
2019-02-13 15:27:32,340 [INFO]: #Epoch 248: Loss: 67.558, Recon Loss: 61.757, Cluster Loss: 10.046, Entropy Loss: -4.246
2019-02-13 15:27:34,148 [INFO]: #Epoch 249: Loss: 67.601, Recon Loss: 61.810, Cluster Loss: 10.041, Entropy Loss: -4.250
2019-02-13 15:27:36,000 [INFO]: #Epoch 250: Loss: 67.548, Recon Loss: 61.747, Cluster Loss: 10.047, Entropy Loss: -4.246
2019-02-13 15:27:36,078 [INFO]: acc: 0.70770, nmi: 0.73491
2019-02-13 15:27:37,893 [INFO]: #Epoch 251: Loss: 67.565, Recon Loss: 61.748, Cluster Loss: 10.041, Entropy Loss: -4.225
2019-02-13 15:27:39,693 [INFO]: #Epoch 252: Loss: 67.534, Recon Loss: 61.746, Cluster Loss: 10.035, Entropy Loss: -4.246
2019-02-13 15:27:41,556 [INFO]: #Epoch 253: Loss: 67.551, Recon Loss: 61.737, Cluster Loss: 10.037, Entropy Loss: -4.222
2019-02-13 15:27:43,348 [INFO]: #Epoch 254: Loss: 67.522, Recon Loss: 61.729, Cluster Loss: 10.066, Entropy Loss: -4.273
2019-02-13 15:27:45,135 [INFO]: #Epoch 255: Loss: 67.545, Recon Loss: 61.721, Cluster Loss: 10.059, Entropy Loss: -4.235
2019-02-13 15:27:46,949 [INFO]: #Epoch 256: Loss: 67.538, Recon Loss: 61.752, Cluster Loss: 10.053, Entropy Loss: -4.268
2019-02-13 15:27:48,754 [INFO]: #Epoch 257: Loss: 67.500, Recon Loss: 61.728, Cluster Loss: 10.049, Entropy Loss: -4.278
2019-02-13 15:27:50,543 [INFO]: #Epoch 258: Loss: 67.505, Recon Loss: 61.721, Cluster Loss: 10.057, Entropy Loss: -4.272
2019-02-13 15:27:52,329 [INFO]: #Epoch 259: Loss: 67.553, Recon Loss: 61.773, Cluster Loss: 10.041, Entropy Loss: -4.261
2019-02-13 15:27:54,109 [INFO]: #Epoch 260: Loss: 67.562, Recon Loss: 61.751, Cluster Loss: 10.043, Entropy Loss: -4.233
2019-02-13 15:27:54,182 [INFO]: acc: 0.70860, nmi: 0.73494
2019-02-13 15:27:55,970 [INFO]: #Epoch 261: Loss: 67.531, Recon Loss: 61.726, Cluster Loss: 10.050, Entropy Loss: -4.245
2019-02-13 15:27:57,782 [INFO]: #Epoch 262: Loss: 67.521, Recon Loss: 61.739, Cluster Loss: 10.038, Entropy Loss: -4.255
2019-02-13 15:27:59,592 [INFO]: #Epoch 263: Loss: 67.524, Recon Loss: 61.730, Cluster Loss: 10.046, Entropy Loss: -4.252
2019-02-13 15:28:01,375 [INFO]: #Epoch 264: Loss: 67.508, Recon Loss: 61.704, Cluster Loss: 10.037, Entropy Loss: -4.233
2019-02-13 15:28:03,189 [INFO]: #Epoch 265: Loss: 67.518, Recon Loss: 61.723, Cluster Loss: 10.041, Entropy Loss: -4.246
2019-02-13 15:28:05,027 [INFO]: #Epoch 266: Loss: 67.531, Recon Loss: 61.717, Cluster Loss: 10.042, Entropy Loss: -4.228
2019-02-13 15:28:06,843 [INFO]: #Epoch 267: Loss: 67.487, Recon Loss: 61.709, Cluster Loss: 10.030, Entropy Loss: -4.253
2019-02-13 15:28:08,637 [INFO]: #Epoch 268: Loss: 67.543, Recon Loss: 61.744, Cluster Loss: 10.041, Entropy Loss: -4.242
2019-02-13 15:28:10,441 [INFO]: #Epoch 269: Loss: 67.526, Recon Loss: 61.738, Cluster Loss: 10.037, Entropy Loss: -4.249
2019-02-13 15:28:12,252 [INFO]: #Epoch 270: Loss: 67.481, Recon Loss: 61.713, Cluster Loss: 10.047, Entropy Loss: -4.279
2019-02-13 15:28:12,327 [INFO]: acc: 0.70700, nmi: 0.73147
2019-02-13 15:28:14,159 [INFO]: #Epoch 271: Loss: 67.526, Recon Loss: 61.721, Cluster Loss: 10.054, Entropy Loss: -4.249
2019-02-13 15:28:16,115 [INFO]: #Epoch 272: Loss: 67.468, Recon Loss: 61.684, Cluster Loss: 10.031, Entropy Loss: -4.247
2019-02-13 15:28:18,034 [INFO]: #Epoch 273: Loss: 67.528, Recon Loss: 61.737, Cluster Loss: 10.033, Entropy Loss: -4.242
2019-02-13 15:28:19,953 [INFO]: #Epoch 274: Loss: 67.460, Recon Loss: 61.672, Cluster Loss: 10.045, Entropy Loss: -4.257
2019-02-13 15:28:21,835 [INFO]: #Epoch 275: Loss: 67.443, Recon Loss: 61.658, Cluster Loss: 10.056, Entropy Loss: -4.272
2019-02-13 15:28:23,688 [INFO]: #Epoch 276: Loss: 67.475, Recon Loss: 61.679, Cluster Loss: 10.050, Entropy Loss: -4.254
2019-02-13 15:28:25,514 [INFO]: #Epoch 277: Loss: 67.475, Recon Loss: 61.688, Cluster Loss: 10.050, Entropy Loss: -4.263
2019-02-13 15:28:27,411 [INFO]: #Epoch 278: Loss: 67.435, Recon Loss: 61.687, Cluster Loss: 10.044, Entropy Loss: -4.296
2019-02-13 15:28:29,209 [INFO]: #Epoch 279: Loss: 67.493, Recon Loss: 61.680, Cluster Loss: 10.045, Entropy Loss: -4.231
2019-02-13 15:28:31,001 [INFO]: #Epoch 280: Loss: 67.457, Recon Loss: 61.678, Cluster Loss: 10.045, Entropy Loss: -4.265
2019-02-13 15:28:31,073 [INFO]: acc: 0.70660, nmi: 0.72992
2019-02-13 15:28:32,888 [INFO]: #Epoch 281: Loss: 67.439, Recon Loss: 61.650, Cluster Loss: 10.040, Entropy Loss: -4.251
2019-02-13 15:28:34,677 [INFO]: #Epoch 282: Loss: 67.470, Recon Loss: 61.700, Cluster Loss: 10.027, Entropy Loss: -4.258
2019-02-13 15:28:36,465 [INFO]: #Epoch 283: Loss: 67.441, Recon Loss: 61.648, Cluster Loss: 10.044, Entropy Loss: -4.251
2019-02-13 15:28:38,260 [INFO]: #Epoch 284: Loss: 67.427, Recon Loss: 61.678, Cluster Loss: 10.039, Entropy Loss: -4.290
2019-02-13 15:28:40,020 [INFO]: #Epoch 285: Loss: 67.462, Recon Loss: 61.649, Cluster Loss: 10.046, Entropy Loss: -4.234
2019-02-13 15:28:41,799 [INFO]: #Epoch 286: Loss: 67.446, Recon Loss: 61.650, Cluster Loss: 10.060, Entropy Loss: -4.264
2019-02-13 15:28:43,625 [INFO]: #Epoch 287: Loss: 67.462, Recon Loss: 61.692, Cluster Loss: 10.046, Entropy Loss: -4.276
2019-02-13 15:28:45,473 [INFO]: #Epoch 288: Loss: 67.409, Recon Loss: 61.642, Cluster Loss: 10.039, Entropy Loss: -4.271
2019-02-13 15:28:47,274 [INFO]: #Epoch 289: Loss: 67.446, Recon Loss: 61.667, Cluster Loss: 10.047, Entropy Loss: -4.268
2019-02-13 15:28:49,052 [INFO]: #Epoch 290: Loss: 67.485, Recon Loss: 61.715, Cluster Loss: 10.032, Entropy Loss: -4.262
2019-02-13 15:28:49,125 [INFO]: acc: 0.70740, nmi: 0.73420
2019-02-13 15:28:50,940 [INFO]: #Epoch 291: Loss: 67.456, Recon Loss: 61.665, Cluster Loss: 10.045, Entropy Loss: -4.254
2019-02-13 15:28:52,758 [INFO]: #Epoch 292: Loss: 67.435, Recon Loss: 61.657, Cluster Loss: 10.034, Entropy Loss: -4.256
2019-02-13 15:28:54,550 [INFO]: #Epoch 293: Loss: 67.423, Recon Loss: 61.636, Cluster Loss: 10.042, Entropy Loss: -4.256
2019-02-13 15:28:56,393 [INFO]: #Epoch 294: Loss: 67.472, Recon Loss: 61.674, Cluster Loss: 10.035, Entropy Loss: -4.237
2019-02-13 15:28:58,241 [INFO]: #Epoch 295: Loss: 67.398, Recon Loss: 61.634, Cluster Loss: 10.043, Entropy Loss: -4.279
2019-02-13 15:29:00,031 [INFO]: #Epoch 296: Loss: 67.384, Recon Loss: 61.618, Cluster Loss: 10.047, Entropy Loss: -4.281
2019-02-13 15:29:01,873 [INFO]: #Epoch 297: Loss: 67.444, Recon Loss: 61.681, Cluster Loss: 10.029, Entropy Loss: -4.267
2019-02-13 15:29:03,748 [INFO]: #Epoch 298: Loss: 67.433, Recon Loss: 61.626, Cluster Loss: 10.039, Entropy Loss: -4.232
2019-02-13 15:29:05,569 [INFO]: #Epoch 299: Loss: 67.484, Recon Loss: 61.672, Cluster Loss: 10.039, Entropy Loss: -4.227
2019-02-13 15:29:07,363 [INFO]: #Epoch 300: Loss: 67.353, Recon Loss: 61.635, Cluster Loss: 10.033, Entropy Loss: -4.316
2019-02-13 15:29:07,436 [INFO]: acc: 0.70930, nmi: 0.73619
